[ 2018-08-25T13:58:22+08:00 ] 127.0.0.1 /obeam/admin.php
INFO: [ app_begin ] --START--
INFO: ReadHtmlCache Behavior ::run [ RunTime:0.003997s ]
INFO: [ app_begin ] --END-- [ RunTime:0.004045s ]
NOTIC: [8] Undefined index: userid E:\phpstudy\PHPTutorial\WWW\Obeam\Admin\Lib\Action\BaseAction.class.php 第 4 行.

[ 2018-08-25T13:58:23+08:00 ] 127.0.0.1 /obeam/admin.php/Login/login.html
INFO: [ route_check ] --START--
INFO: CheckRoute Behavior ::run [ RunTime:0.000620s ]
INFO: [ route_check ] --END-- [ RunTime:0.000667s ]
INFO: [ app_begin ] --START--
INFO: ReadHtmlCache Behavior ::run [ RunTime:0.000351s ]
INFO: [ app_begin ] --END-- [ RunTime:0.000382s ]
INFO: [ view_parse ] --START--
INFO: ParseTemplate Behavior ::run [ RunTime:0.005117s ]
INFO: [ view_parse ] --END-- [ RunTime:0.005163s ]
INFO: [ view_filter ] --START--
INFO: ContentReplace Behavior ::run [ RunTime:0.000271s ]
INFO: TokenBuild Behavior ::run [ RunTime:0.000260s ]
INFO: WriteHtmlCache Behavior ::run [ RunTime:0.000203s ]
INFO: ShowRuntime Behavior ::run [ RunTime:0.000294s ]
INFO: [ view_filter ] --END-- [ RunTime:0.001116s ]
INFO: [ view_end ] --START--
INFO: ShowPageTrace Behavior ::run [ RunTime:0.000385s ]
INFO: [ view_end ] --END-- [ RunTime:0.000414s ]

[ 2018-08-25T13:58:28+08:00 ] 127.0.0.1 /obeam/admin.php/Login/check.html
INFO: [ route_check ] --START--
INFO: CheckRoute Behavior ::run [ RunTime:0.000758s ]
INFO: [ route_check ] --END-- [ RunTime:0.000803s ]
INFO: [ app_begin ] --START--
INFO: ReadHtmlCache Behavior ::run [ RunTime:0.000467s ]
INFO: [ app_begin ] --END-- [ RunTime:0.000501s ]
SQL: SHOW COLUMNS FROM `admin_user` [ RunTime:0.005900s ]
SQL: SELECT * FROM `admin_user` WHERE ( name='admin' and password='456789' ) LIMIT 1   [ RunTime:0.001292s ]

[ 2018-08-25T13:58:28+08:00 ] 127.0.0.1 /obeam/admin.php/Index/index.html
INFO: [ route_check ] --START--
INFO: CheckRoute Behavior ::run [ RunTime:0.000488s ]
INFO: [ route_check ] --END-- [ RunTime:0.000531s ]
INFO: [ app_begin ] --START--
INFO: ReadHtmlCache Behavior ::run [ RunTime:0.000352s ]
INFO: [ app_begin ] --END-- [ RunTime:0.000385s ]
INFO: [ view_parse ] --START--
INFO: ParseTemplate Behavior ::run [ RunTime:0.009978s ]
INFO: [ view_parse ] --END-- [ RunTime:0.010025s ]
INFO: [ view_filter ] --START--
INFO: ContentReplace Behavior ::run [ RunTime:0.000444s ]
INFO: TokenBuild Behavior ::run [ RunTime:0.000389s ]
INFO: WriteHtmlCache Behavior ::run [ RunTime:0.000324s ]
INFO: ShowRuntime Behavior ::run [ RunTime:0.000415s ]
INFO: [ view_filter ] --END-- [ RunTime:0.001657s ]
INFO: [ view_end ] --START--
INFO: ShowPageTrace Behavior ::run [ RunTime:0.000549s ]
INFO: [ view_end ] --END-- [ RunTime:0.000588s ]

[ 2018-08-25T13:58:33+08:00 ] 127.0.0.1 /obeam/admin.php/Product/product_cate.html
INFO: [ route_check ] --START--
INFO: CheckRoute Behavior ::run [ RunTime:0.000513s ]
INFO: [ route_check ] --END-- [ RunTime:0.000562s ]
INFO: [ app_begin ] --START--
INFO: ReadHtmlCache Behavior ::run [ RunTime:0.000420s ]
INFO: [ app_begin ] --END-- [ RunTime:0.000452s ]
SQL: SHOW COLUMNS FROM `admin_product_cate` [ RunTime:0.004947s ]
SQL: SELECT * FROM `admin_product_cate` WHERE ( pid=0 and status=0 )  [ RunTime:0.000993s ]
SQL: SELECT * FROM `admin_product_cate` WHERE ( pid=4 and status=0 )  [ RunTime:0.000238s ]
NOTIC: [2] Invalid argument supplied for foreach() E:\phpstudy\PHPTutorial\WWW\Obeam\Admin\Common\common.php 第 9 行.
SQL: SHOW COLUMNS FROM `admin_product_cate` [ RunTime:0.004096s ]
SQL: SELECT * FROM `admin_product_cate` WHERE ( status=0 and pid=0 )  [ RunTime:0.000379s ]
SQL: SHOW COLUMNS FROM `admin_product_cate` [ RunTime:0.003008s ]
SQL: SELECT * FROM `admin_product_cate` WHERE ( status=0 and pid=4 )  [ RunTime:0.000320s ]
NOTIC: [2] Invalid argument supplied for foreach() E:\phpstudy\PHPTutorial\WWW\Obeam\Admin\Common\common.php 第 50 行.
INFO: [ view_parse ] --START--
NOTIC: [8] Undefined variable: pageStr E:\phpstudy\PHPTutorial\WWW\Obeam\Admin\Runtime\Cache\adc59e660fccb938c0916079b49f744f.php 第 302 行.
INFO: ParseTemplate Behavior ::run [ RunTime:0.009677s ]
INFO: [ view_parse ] --END-- [ RunTime:0.009714s ]
INFO: [ view_filter ] --START--
INFO: ContentReplace Behavior ::run [ RunTime:0.000342s ]
INFO: TokenBuild Behavior ::run [ RunTime:0.000269s ]
INFO: WriteHtmlCache Behavior ::run [ RunTime:0.000205s ]
INFO: ShowRuntime Behavior ::run [ RunTime:0.000306s ]
INFO: [ view_filter ] --END-- [ RunTime:0.001200s ]
INFO: [ view_end ] --START--
INFO: ShowPageTrace Behavior ::run [ RunTime:0.000502s ]
INFO: [ view_end ] --END-- [ RunTime:0.000552s ]

[ 2018-08-25T13:59:04+08:00 ] 127.0.0.1 /obeam/admin.php/Product/product_cate_add.html
INFO: [ route_check ] --START--
INFO: CheckRoute Behavior ::run [ RunTime:0.000818s ]
INFO: [ route_check ] --END-- [ RunTime:0.000872s ]
INFO: [ app_begin ] --START--
INFO: ReadHtmlCache Behavior ::run [ RunTime:0.000907s ]
INFO: [ app_begin ] --END-- [ RunTime:0.000983s ]
SQL: SHOW COLUMNS FROM `admin_product_cate` [ RunTime:0.003380s ]
SQL: INSERT INTO `admin_product_cate` (`cate_name`,`pid`,`sort`,`web_title`,`web_desc`,`web_keywords`,`message`,`url_param`) VALUES ('工程案例',0,2,'工程案例','工程案例','工程案例','工程案例','project_case') [ RunTime:0.001186s ]
INFO: [ view_parse ] --START--
INFO: ParseTemplate Behavior ::run [ RunTime:0.011274s ]
INFO: [ view_parse ] --END-- [ RunTime:0.011318s ]
INFO: [ view_filter ] --START--
INFO: ContentReplace Behavior ::run [ RunTime:0.000394s ]
INFO: TokenBuild Behavior ::run [ RunTime:0.000383s ]
INFO: WriteHtmlCache Behavior ::run [ RunTime:0.000321s ]
INFO: ShowRuntime Behavior ::run [ RunTime:0.000411s ]
INFO: [ view_filter ] --END-- [ RunTime:0.001594s ]
INFO: [ view_end ] --START--
INFO: ShowPageTrace Behavior ::run [ RunTime:0.000507s ]
INFO: [ view_end ] --END-- [ RunTime:0.000536s ]

[ 2018-08-25T13:59:05+08:00 ] 127.0.0.1 /obeam/admin.php/Product/product_cate.html
INFO: [ route_check ] --START--
INFO: CheckRoute Behavior ::run [ RunTime:0.000501s ]
INFO: [ route_check ] --END-- [ RunTime:0.000550s ]
INFO: [ app_begin ] --START--
INFO: ReadHtmlCache Behavior ::run [ RunTime:0.000378s ]
INFO: [ app_begin ] --END-- [ RunTime:0.000443s ]
SQL: SHOW COLUMNS FROM `admin_product_cate` [ RunTime:0.003077s ]
SQL: SELECT * FROM `admin_product_cate` WHERE ( pid=0 and status=0 )  [ RunTime:0.000796s ]
SQL: SELECT * FROM `admin_product_cate` WHERE ( pid=5 and status=0 )  [ RunTime:0.000225s ]
NOTIC: [2] Invalid argument supplied for foreach() E:\phpstudy\PHPTutorial\WWW\Obeam\Admin\Common\common.php 第 9 行.
SQL: SELECT * FROM `admin_product_cate` WHERE ( pid=4 and status=0 )  [ RunTime:0.000194s ]
NOTIC: [2] Invalid argument supplied for foreach() E:\phpstudy\PHPTutorial\WWW\Obeam\Admin\Common\common.php 第 9 行.
SQL: SHOW COLUMNS FROM `admin_product_cate` [ RunTime:0.004297s ]
SQL: SELECT * FROM `admin_product_cate` WHERE ( status=0 and pid=0 )  [ RunTime:0.000367s ]
SQL: SHOW COLUMNS FROM `admin_product_cate` [ RunTime:0.003004s ]
SQL: SELECT * FROM `admin_product_cate` WHERE ( status=0 and pid=5 )  [ RunTime:0.000278s ]
NOTIC: [2] Invalid argument supplied for foreach() E:\phpstudy\PHPTutorial\WWW\Obeam\Admin\Common\common.php 第 50 行.
SQL: SHOW COLUMNS FROM `admin_product_cate` [ RunTime:0.003128s ]
SQL: SELECT * FROM `admin_product_cate` WHERE ( status=0 and pid=4 )  [ RunTime:0.000298s ]
NOTIC: [2] Invalid argument supplied for foreach() E:\phpstudy\PHPTutorial\WWW\Obeam\Admin\Common\common.php 第 50 行.
INFO: [ view_parse ] --START--
NOTIC: [8] Undefined variable: pageStr E:\phpstudy\PHPTutorial\WWW\Obeam\Admin\Runtime\Cache\adc59e660fccb938c0916079b49f744f.php 第 302 行.
INFO: ParseTemplate Behavior ::run [ RunTime:0.009008s ]
INFO: [ view_parse ] --END-- [ RunTime:0.009043s ]
INFO: [ view_filter ] --START--
INFO: ContentReplace Behavior ::run [ RunTime:0.000320s ]
INFO: TokenBuild Behavior ::run [ RunTime:0.000267s ]
INFO: WriteHtmlCache Behavior ::run [ RunTime:0.000203s ]
INFO: ShowRuntime Behavior ::run [ RunTime:0.000304s ]
INFO: [ view_filter ] --END-- [ RunTime:0.001174s ]
INFO: [ view_end ] --START--
INFO: ShowPageTrace Behavior ::run [ RunTime:0.000424s ]
INFO: [ view_end ] --END-- [ RunTime:0.000459s ]

[ 2018-08-25T14:28:23+08:00 ] 127.0.0.1 /obeam/admin.php/Message/message_check.html
INFO: [ route_check ] --START--
INFO: CheckRoute Behavior ::run [ RunTime:0.000875s ]
INFO: [ route_check ] --END-- [ RunTime:0.000923s ]
INFO: [ app_begin ] --START--
INFO: ReadHtmlCache Behavior ::run [ RunTime:0.000741s ]
INFO: [ app_begin ] --END-- [ RunTime:0.000792s ]
SQL: SHOW COLUMNS FROM `admin_message` [ RunTime:0.004209s ]
SQL: SELECT COUNT(*) AS tp_count FROM `admin_message` LIMIT 1   [ RunTime:0.001330s ]
SQL: SELECT * FROM `admin_message` ORDER BY id DESC LIMIT 0,10   [ RunTime:0.001030s ]
INFO: [ view_parse ] --START--
NOTIC: [8] Undefined variable: pageStr E:\phpstudy\PHPTutorial\WWW\Obeam\Admin\Runtime\Cache\d04cbe1c39b14b33950ca47dc7a8075b.php 第 330 行.
INFO: ParseTemplate Behavior ::run [ RunTime:0.011426s ]
INFO: [ view_parse ] --END-- [ RunTime:0.011465s ]
INFO: [ view_filter ] --START--
INFO: ContentReplace Behavior ::run [ RunTime:0.000766s ]
INFO: TokenBuild Behavior ::run [ RunTime:0.000649s ]
INFO: WriteHtmlCache Behavior ::run [ RunTime:0.000527s ]
INFO: ShowRuntime Behavior ::run [ RunTime:0.000649s ]
INFO: [ view_filter ] --END-- [ RunTime:0.002693s ]
INFO: [ view_end ] --START--
INFO: ShowPageTrace Behavior ::run [ RunTime:0.000786s ]
INFO: [ view_end ] --END-- [ RunTime:0.000833s ]

[ 2018-08-25T14:28:25+08:00 ] 127.0.0.1 /obeam/admin.php/Message/message_check.html
INFO: [ route_check ] --START--
INFO: CheckRoute Behavior ::run [ RunTime:0.000819s ]
INFO: [ route_check ] --END-- [ RunTime:0.000865s ]
INFO: [ app_begin ] --START--
INFO: ReadHtmlCache Behavior ::run [ RunTime:0.000857s ]
INFO: [ app_begin ] --END-- [ RunTime:0.000915s ]
SQL: SHOW COLUMNS FROM `admin_message` [ RunTime:0.003322s ]
SQL: SELECT COUNT(*) AS tp_count FROM `admin_message` LIMIT 1   [ RunTime:0.000374s ]
SQL: SELECT * FROM `admin_message` ORDER BY id DESC LIMIT 0,10   [ RunTime:0.000301s ]
INFO: [ view_parse ] --START--
NOTIC: [8] Undefined variable: pageStr E:\phpstudy\PHPTutorial\WWW\Obeam\Admin\Runtime\Cache\d04cbe1c39b14b33950ca47dc7a8075b.php 第 330 行.
INFO: ParseTemplate Behavior ::run [ RunTime:0.015206s ]
INFO: [ view_parse ] --END-- [ RunTime:0.015242s ]
INFO: [ view_filter ] --START--
INFO: ContentReplace Behavior ::run [ RunTime:0.000657s ]
INFO: TokenBuild Behavior ::run [ RunTime:0.000551s ]
INFO: WriteHtmlCache Behavior ::run [ RunTime:0.000473s ]
INFO: ShowRuntime Behavior ::run [ RunTime:0.000570s ]
INFO: [ view_filter ] --END-- [ RunTime:0.002334s ]
INFO: [ view_end ] --START--
INFO: ShowPageTrace Behavior ::run [ RunTime:0.001013s ]
INFO: [ view_end ] --END-- [ RunTime:0.001058s ]

[ 2018-08-25T14:28:41+08:00 ] 127.0.0.1 /obeam/admin.php/Message/message_show/id/5.html
INFO: [ route_check ] --START--
INFO: CheckRoute Behavior ::run [ RunTime:0.000724s ]
INFO: [ route_check ] --END-- [ RunTime:0.000770s ]
INFO: [ app_begin ] --START--
INFO: ReadHtmlCache Behavior ::run [ RunTime:0.000577s ]
INFO: [ app_begin ] --END-- [ RunTime:0.000610s ]
SQL: SHOW COLUMNS FROM `admin_message` [ RunTime:0.003582s ]
SQL: SELECT * FROM `admin_message` WHERE ( id=5 ) LIMIT 1   [ RunTime:0.001003s ]
INFO: [ view_parse ] --START--
INFO: ParseTemplate Behavior ::run [ RunTime:0.014418s ]
INFO: [ view_parse ] --END-- [ RunTime:0.014462s ]
INFO: [ view_filter ] --START--
INFO: ContentReplace Behavior ::run [ RunTime:0.000542s ]
INFO: TokenBuild Behavior ::run [ RunTime:0.000496s ]
INFO: WriteHtmlCache Behavior ::run [ RunTime:0.000274s ]
INFO: ShowRuntime Behavior ::run [ RunTime:0.000531s ]
INFO: [ view_filter ] --END-- [ RunTime:0.001926s ]
INFO: [ view_end ] --START--
INFO: ShowPageTrace Behavior ::run [ RunTime:0.000678s ]
INFO: [ view_end ] --END-- [ RunTime:0.000720s ]

[ 2018-08-25T14:35:53+08:00 ] 127.0.0.1 /obeam/admin.php/Message/message_check.html
INFO: [ route_check ] --START--
INFO: CheckRoute Behavior ::run [ RunTime:0.000754s ]
INFO: [ route_check ] --END-- [ RunTime:0.000802s ]
INFO: [ app_begin ] --START--
INFO: ReadHtmlCache Behavior ::run [ RunTime:0.000532s ]
INFO: [ app_begin ] --END-- [ RunTime:0.000566s ]
SQL: SHOW COLUMNS FROM `admin_message` [ RunTime:0.003180s ]
SQL: SELECT COUNT(*) AS tp_count FROM `admin_message` LIMIT 1   [ RunTime:0.000378s ]
SQL: SELECT * FROM `admin_message` ORDER BY id DESC LIMIT 0,10   [ RunTime:0.001418s ]
INFO: [ view_parse ] --START--
NOTIC: [8] Undefined variable: pageStr E:\phpstudy\PHPTutorial\WWW\Obeam\Admin\Runtime\Cache\d04cbe1c39b14b33950ca47dc7a8075b.php 第 330 行.
INFO: ParseTemplate Behavior ::run [ RunTime:0.012562s ]
INFO: [ view_parse ] --END-- [ RunTime:0.012599s ]
INFO: [ view_filter ] --START--
INFO: ContentReplace Behavior ::run [ RunTime:0.000586s ]
INFO: TokenBuild Behavior ::run [ RunTime:0.000497s ]
INFO: WriteHtmlCache Behavior ::run [ RunTime:0.000380s ]
INFO: ShowRuntime Behavior ::run [ RunTime:0.000524s ]
INFO: [ view_filter ] --END-- [ RunTime:0.002076s ]
INFO: [ view_end ] --START--
INFO: ShowPageTrace Behavior ::run [ RunTime:0.000746s ]
INFO: [ view_end ] --END-- [ RunTime:0.000792s ]

[ 2018-08-25T14:42:52+08:00 ] 127.0.0.1 /obeam/admin.php/Message/message_check.html
INFO: [ route_check ] --START--
INFO: CheckRoute Behavior ::run [ RunTime:0.000965s ]
INFO: [ route_check ] --END-- [ RunTime:0.001025s ]
INFO: [ app_begin ] --START--
INFO: ReadHtmlCache Behavior ::run [ RunTime:0.000586s ]
INFO: [ app_begin ] --END-- [ RunTime:0.000619s ]
SQL: SHOW COLUMNS FROM `admin_message` [ RunTime:0.003507s ]
SQL: SELECT COUNT(*) AS tp_count FROM `admin_message` LIMIT 1   [ RunTime:0.000447s ]
SQL: SELECT * FROM `admin_message` ORDER BY id DESC LIMIT 0,10   [ RunTime:0.000303s ]
INFO: [ view_parse ] --START--
NOTIC: [8] Undefined variable: pageStr E:\phpstudy\PHPTutorial\WWW\Obeam\Admin\Runtime\Cache\d04cbe1c39b14b33950ca47dc7a8075b.php 第 330 行.
INFO: ParseTemplate Behavior ::run [ RunTime:0.011852s ]
INFO: [ view_parse ] --END-- [ RunTime:0.011892s ]
INFO: [ view_filter ] --START--
INFO: ContentReplace Behavior ::run [ RunTime:0.000777s ]
INFO: TokenBuild Behavior ::run [ RunTime:0.000497s ]
INFO: WriteHtmlCache Behavior ::run [ RunTime:0.000433s ]
INFO: ShowRuntime Behavior ::run [ RunTime:0.000524s ]
INFO: [ view_filter ] --END-- [ RunTime:0.002326s ]
INFO: [ view_end ] --START--
INFO: ShowPageTrace Behavior ::run [ RunTime:0.000668s ]
INFO: [ view_end ] --END-- [ RunTime:0.000706s ]

[ 2018-08-25T14:42:55+08:00 ] 127.0.0.1 /obeam/admin.php/Message/message_show/id/7.html
INFO: [ route_check ] --START--
INFO: CheckRoute Behavior ::run [ RunTime:0.000739s ]
INFO: [ route_check ] --END-- [ RunTime:0.000790s ]
INFO: [ app_begin ] --START--
INFO: ReadHtmlCache Behavior ::run [ RunTime:0.000591s ]
INFO: [ app_begin ] --END-- [ RunTime:0.000625s ]
SQL: SHOW COLUMNS FROM `admin_message` [ RunTime:0.004171s ]
SQL: SELECT * FROM `admin_message` WHERE ( id=7 ) LIMIT 1   [ RunTime:0.000474s ]
INFO: [ view_parse ] --START--
INFO: ParseTemplate Behavior ::run [ RunTime:0.010375s ]
INFO: [ view_parse ] --END-- [ RunTime:0.010422s ]
INFO: [ view_filter ] --START--
INFO: ContentReplace Behavior ::run [ RunTime:0.000570s ]
INFO: TokenBuild Behavior ::run [ RunTime:0.000495s ]
INFO: WriteHtmlCache Behavior ::run [ RunTime:0.000430s ]
INFO: ShowRuntime Behavior ::run [ RunTime:0.000539s ]
INFO: [ view_filter ] --END-- [ RunTime:0.002127s ]
INFO: [ view_end ] --START--
INFO: ShowPageTrace Behavior ::run [ RunTime:0.002058s ]
INFO: [ view_end ] --END-- [ RunTime:0.002119s ]

[ 2018-08-25T15:22:05+08:00 ] 127.0.0.1 /obeam/admin.php/FriendLink/manage_link.html
INFO: [ route_check ] --START--
INFO: CheckRoute Behavior ::run [ RunTime:0.000767s ]
INFO: [ route_check ] --END-- [ RunTime:0.000815s ]
INFO: [ app_begin ] --START--
INFO: ReadHtmlCache Behavior ::run [ RunTime:0.000576s ]
INFO: [ app_begin ] --END-- [ RunTime:0.000609s ]
SQL: SHOW COLUMNS FROM `admin_friendlink` [ RunTime:0.003355s ]
SQL: SELECT COUNT(*) AS tp_count FROM `admin_friendlink` LIMIT 1   [ RunTime:0.000431s ]
SQL: SELECT * FROM `admin_friendlink` ORDER BY id DESC LIMIT 0,10   [ RunTime:0.000228s ]
INFO: [ view_parse ] --START--
INFO: ParseTemplate Behavior ::run [ RunTime:0.012584s ]
INFO: [ view_parse ] --END-- [ RunTime:0.012628s ]
INFO: [ view_filter ] --START--
INFO: ContentReplace Behavior ::run [ RunTime:0.000552s ]
INFO: TokenBuild Behavior ::run [ RunTime:0.000508s ]
INFO: WriteHtmlCache Behavior ::run [ RunTime:0.000434s ]
INFO: ShowRuntime Behavior ::run [ RunTime:0.000527s ]
INFO: [ view_filter ] --END-- [ RunTime:0.002111s ]
INFO: [ view_end ] --START--
INFO: ShowPageTrace Behavior ::run [ RunTime:0.000756s ]
INFO: [ view_end ] --END-- [ RunTime:0.000801s ]

[ 2018-08-25T15:59:50+08:00 ] 127.0.0.1 /obeam/admin.php/Product/product_list.html
INFO: [ route_check ] --START--
INFO: CheckRoute Behavior ::run [ RunTime:0.001470s ]
INFO: [ route_check ] --END-- [ RunTime:0.001540s ]
INFO: [ app_begin ] --START--
INFO: ReadHtmlCache Behavior ::run [ RunTime:0.000492s ]
INFO: [ app_begin ] --END-- [ RunTime:0.000525s ]
NOTIC: [8] Undefined index: cateid E:\phpstudy\PHPTutorial\WWW\Obeam\Admin\Lib\Action\ProductAction.class.php 第 71 行.
SQL: SELECT COUNT(*) AS tp_count FROM `admin_product` LIMIT 1   [ RunTime:0.000179s ]
NOTIC: [8] Undefined index: cateid E:\phpstudy\PHPTutorial\WWW\Obeam\Admin\Lib\Action\ProductAction.class.php 第 84 行.
SQL: SELECT * FROM `admin_product` ORDER BY id DESC LIMIT 0,10   [ RunTime:0.000498s ]
SQL: SHOW COLUMNS FROM `admin_product_cate` [ RunTime:0.004640s ]
SQL: SELECT * FROM `admin_product_cate` WHERE ( pid=0 and status=0 )  [ RunTime:0.000402s ]
SQL: SELECT * FROM `admin_product_cate` WHERE ( pid=5 and status=0 )  [ RunTime:0.000201s ]
NOTIC: [2] Invalid argument supplied for foreach() E:\phpstudy\PHPTutorial\WWW\Obeam\Admin\Common\common.php 第 9 行.
SQL: SELECT * FROM `admin_product_cate` WHERE ( pid=4 and status=0 )  [ RunTime:0.000188s ]
NOTIC: [2] Invalid argument supplied for foreach() E:\phpstudy\PHPTutorial\WWW\Obeam\Admin\Common\common.php 第 9 行.
INFO: [ view_parse ] --START--
INFO: ParseTemplate Behavior ::run [ RunTime:0.010275s ]
INFO: [ view_parse ] --END-- [ RunTime:0.010323s ]
INFO: [ view_filter ] --START--
INFO: ContentReplace Behavior ::run [ RunTime:0.000624s ]
INFO: TokenBuild Behavior ::run [ RunTime:0.000968s ]
INFO: WriteHtmlCache Behavior ::run [ RunTime:0.000486s ]
INFO: ShowRuntime Behavior ::run [ RunTime:0.000435s ]
INFO: [ view_filter ] --END-- [ RunTime:0.002714s ]
INFO: [ view_end ] --START--
INFO: ShowPageTrace Behavior ::run [ RunTime:0.000623s ]
INFO: [ view_end ] --END-- [ RunTime:0.000670s ]

[ 2018-08-25T15:59:54+08:00 ] 127.0.0.1 /obeam/admin.php/Product/product_list.html?cateid=5
INFO: [ route_check ] --START--
INFO: CheckRoute Behavior ::run [ RunTime:0.000545s ]
INFO: [ route_check ] --END-- [ RunTime:0.000596s ]
INFO: [ app_begin ] --START--
INFO: ReadHtmlCache Behavior ::run [ RunTime:0.000382s ]
INFO: [ app_begin ] --END-- [ RunTime:0.000416s ]
SQL: SELECT COUNT(*) AS tp_count FROM `admin_product` WHERE ( cateid=5 ) LIMIT 1   [ RunTime:0.000235s ]
SQL: SELECT * FROM `admin_product` WHERE ( cateid=5 ) ORDER BY id DESC LIMIT 0,10   [ RunTime:0.000395s ]
SQL: SHOW COLUMNS FROM `admin_product_cate` [ RunTime:0.004589s ]
SQL: SELECT * FROM `admin_product_cate` WHERE ( pid=0 and status=0 )  [ RunTime:0.000436s ]
SQL: SELECT * FROM `admin_product_cate` WHERE ( pid=5 and status=0 )  [ RunTime:0.000330s ]
NOTIC: [2] Invalid argument supplied for foreach() E:\phpstudy\PHPTutorial\WWW\Obeam\Admin\Common\common.php 第 9 行.
SQL: SELECT * FROM `admin_product_cate` WHERE ( pid=4 and status=0 )  [ RunTime:0.000301s ]
NOTIC: [2] Invalid argument supplied for foreach() E:\phpstudy\PHPTutorial\WWW\Obeam\Admin\Common\common.php 第 9 行.
INFO: [ view_parse ] --START--
INFO: ParseTemplate Behavior ::run [ RunTime:0.013415s ]
INFO: [ view_parse ] --END-- [ RunTime:0.013457s ]
INFO: [ view_filter ] --START--
INFO: ContentReplace Behavior ::run [ RunTime:0.000306s ]
INFO: TokenBuild Behavior ::run [ RunTime:0.000270s ]
INFO: WriteHtmlCache Behavior ::run [ RunTime:0.000205s ]
INFO: ShowRuntime Behavior ::run [ RunTime:0.000300s ]
INFO: [ view_filter ] --END-- [ RunTime:0.001161s ]
INFO: [ view_end ] --START--
INFO: ShowPageTrace Behavior ::run [ RunTime:0.000419s ]
INFO: [ view_end ] --END-- [ RunTime:0.000450s ]

[ 2018-08-25T15:59:56+08:00 ] 127.0.0.1 /obeam/admin.php/Product/product_list.html?cateid=4
INFO: [ route_check ] --START--
INFO: CheckRoute Behavior ::run [ RunTime:0.000658s ]
INFO: [ route_check ] --END-- [ RunTime:0.000721s ]
INFO: [ app_begin ] --START--
INFO: ReadHtmlCache Behavior ::run [ RunTime:0.000389s ]
INFO: [ app_begin ] --END-- [ RunTime:0.000422s ]
SQL: SELECT COUNT(*) AS tp_count FROM `admin_product` WHERE ( cateid=4 ) LIMIT 1   [ RunTime:0.000221s ]
SQL: SELECT * FROM `admin_product` WHERE ( cateid=4 ) ORDER BY id DESC LIMIT 0,10   [ RunTime:0.000797s ]
SQL: SHOW COLUMNS FROM `admin_product_cate` [ RunTime:0.003732s ]
SQL: SELECT * FROM `admin_product_cate` WHERE ( pid=0 and status=0 )  [ RunTime:0.000404s ]
SQL: SELECT * FROM `admin_product_cate` WHERE ( pid=5 and status=0 )  [ RunTime:0.000207s ]
NOTIC: [2] Invalid argument supplied for foreach() E:\phpstudy\PHPTutorial\WWW\Obeam\Admin\Common\common.php 第 9 行.
SQL: SELECT * FROM `admin_product_cate` WHERE ( pid=4 and status=0 )  [ RunTime:0.000209s ]
NOTIC: [2] Invalid argument supplied for foreach() E:\phpstudy\PHPTutorial\WWW\Obeam\Admin\Common\common.php 第 9 行.
INFO: [ view_parse ] --START--
INFO: ParseTemplate Behavior ::run [ RunTime:0.013195s ]
INFO: [ view_parse ] --END-- [ RunTime:0.013239s ]
INFO: [ view_filter ] --START--
INFO: ContentReplace Behavior ::run [ RunTime:0.000346s ]
INFO: TokenBuild Behavior ::run [ RunTime:0.000276s ]
INFO: WriteHtmlCache Behavior ::run [ RunTime:0.000216s ]
INFO: ShowRuntime Behavior ::run [ RunTime:0.000309s ]
INFO: [ view_filter ] --END-- [ RunTime:0.001229s ]
INFO: [ view_end ] --START--
INFO: ShowPageTrace Behavior ::run [ RunTime:0.000498s ]
INFO: [ view_end ] --END-- [ RunTime:0.000536s ]

[ 2018-08-25T16:00:27+08:00 ] 127.0.0.1 /obeam/admin.php/Product/product_cate.html
INFO: [ route_check ] --START--
INFO: CheckRoute Behavior ::run [ RunTime:0.000502s ]
INFO: [ route_check ] --END-- [ RunTime:0.000546s ]
INFO: [ app_begin ] --START--
INFO: ReadHtmlCache Behavior ::run [ RunTime:0.000365s ]
INFO: [ app_begin ] --END-- [ RunTime:0.000398s ]
SQL: SHOW COLUMNS FROM `admin_product_cate` [ RunTime:0.003174s ]
SQL: SELECT * FROM `admin_product_cate` WHERE ( pid=0 and status=0 )  [ RunTime:0.000341s ]
SQL: SELECT * FROM `admin_product_cate` WHERE ( pid=5 and status=0 )  [ RunTime:0.000202s ]
NOTIC: [2] Invalid argument supplied for foreach() E:\phpstudy\PHPTutorial\WWW\Obeam\Admin\Common\common.php 第 9 行.
SQL: SELECT * FROM `admin_product_cate` WHERE ( pid=4 and status=0 )  [ RunTime:0.000227s ]
NOTIC: [2] Invalid argument supplied for foreach() E:\phpstudy\PHPTutorial\WWW\Obeam\Admin\Common\common.php 第 9 行.
SQL: SHOW COLUMNS FROM `admin_product_cate` [ RunTime:0.003487s ]
SQL: SELECT * FROM `admin_product_cate` WHERE ( status=0 and pid=0 )  [ RunTime:0.000370s ]
SQL: SHOW COLUMNS FROM `admin_product_cate` [ RunTime:0.003128s ]
SQL: SELECT * FROM `admin_product_cate` WHERE ( status=0 and pid=5 )  [ RunTime:0.000582s ]
NOTIC: [2] Invalid argument supplied for foreach() E:\phpstudy\PHPTutorial\WWW\Obeam\Admin\Common\common.php 第 50 行.
SQL: SHOW COLUMNS FROM `admin_product_cate` [ RunTime:0.003311s ]
SQL: SELECT * FROM `admin_product_cate` WHERE ( status=0 and pid=4 )  [ RunTime:0.000372s ]
NOTIC: [2] Invalid argument supplied for foreach() E:\phpstudy\PHPTutorial\WWW\Obeam\Admin\Common\common.php 第 50 行.
INFO: [ view_parse ] --START--
NOTIC: [8] Undefined variable: pageStr E:\phpstudy\PHPTutorial\WWW\Obeam\Admin\Runtime\Cache\adc59e660fccb938c0916079b49f744f.php 第 302 行.
INFO: ParseTemplate Behavior ::run [ RunTime:0.016126s ]
INFO: [ view_parse ] --END-- [ RunTime:0.016173s ]
INFO: [ view_filter ] --START--
INFO: ContentReplace Behavior ::run [ RunTime:0.000334s ]
INFO: TokenBuild Behavior ::run [ RunTime:0.000270s ]
INFO: WriteHtmlCache Behavior ::run [ RunTime:0.000212s ]
INFO: ShowRuntime Behavior ::run [ RunTime:0.000311s ]
INFO: [ view_filter ] --END-- [ RunTime:0.001209s ]
INFO: [ view_end ] --START--
INFO: ShowPageTrace Behavior ::run [ RunTime:0.000449s ]
INFO: [ view_end ] --END-- [ RunTime:0.000486s ]

[ 2018-08-25T16:00:46+08:00 ] 127.0.0.1 /obeam/admin.php/Product/product_cate_add.html
INFO: [ route_check ] --START--
INFO: CheckRoute Behavior ::run [ RunTime:0.000916s ]
INFO: [ route_check ] --END-- [ RunTime:0.000967s ]
INFO: [ app_begin ] --START--
INFO: ReadHtmlCache Behavior ::run [ RunTime:0.000579s ]
INFO: [ app_begin ] --END-- [ RunTime:0.000612s ]
SQL: SHOW COLUMNS FROM `admin_product_cate` [ RunTime:0.003493s ]
SQL: INSERT INTO `admin_product_cate` (`cate_name`,`pid`,`sort`,`web_title`,`web_desc`,`web_keywords`,`message`,`url_param`) VALUES ('联系我们',0,3,'联系我们','联系我们','联系我们','联系我们','contact') [ RunTime:0.000975s ]
INFO: [ view_parse ] --START--
INFO: ParseTemplate Behavior ::run [ RunTime:0.007436s ]
INFO: [ view_parse ] --END-- [ RunTime:0.007482s ]
INFO: [ view_filter ] --START--
INFO: ContentReplace Behavior ::run [ RunTime:0.000526s ]
INFO: TokenBuild Behavior ::run [ RunTime:0.000513s ]
INFO: WriteHtmlCache Behavior ::run [ RunTime:0.000462s ]
INFO: ShowRuntime Behavior ::run [ RunTime:0.000560s ]
INFO: [ view_filter ] --END-- [ RunTime:0.002158s ]
INFO: [ view_end ] --START--
INFO: ShowPageTrace Behavior ::run [ RunTime:0.000636s ]
INFO: [ view_end ] --END-- [ RunTime:0.000678s ]

[ 2018-08-25T16:00:47+08:00 ] 127.0.0.1 /obeam/admin.php/Product/product_cate.html
INFO: [ route_check ] --START--
INFO: CheckRoute Behavior ::run [ RunTime:0.000726s ]
INFO: [ route_check ] --END-- [ RunTime:0.000773s ]
INFO: [ app_begin ] --START--
INFO: ReadHtmlCache Behavior ::run [ RunTime:0.000569s ]
INFO: [ app_begin ] --END-- [ RunTime:0.000603s ]
SQL: SHOW COLUMNS FROM `admin_product_cate` [ RunTime:0.003860s ]
SQL: SELECT * FROM `admin_product_cate` WHERE ( pid=0 and status=0 )  [ RunTime:0.000800s ]
SQL: SELECT * FROM `admin_product_cate` WHERE ( pid=5 and status=0 )  [ RunTime:0.000319s ]
NOTIC: [2] Invalid argument supplied for foreach() E:\phpstudy\PHPTutorial\WWW\Obeam\Admin\Common\common.php 第 9 行.
SQL: SELECT * FROM `admin_product_cate` WHERE ( pid=4 and status=0 )  [ RunTime:0.000238s ]
NOTIC: [2] Invalid argument supplied for foreach() E:\phpstudy\PHPTutorial\WWW\Obeam\Admin\Common\common.php 第 9 行.
SQL: SELECT * FROM `admin_product_cate` WHERE ( pid=6 and status=0 )  [ RunTime:0.000216s ]
NOTIC: [2] Invalid argument supplied for foreach() E:\phpstudy\PHPTutorial\WWW\Obeam\Admin\Common\common.php 第 9 行.
SQL: SHOW COLUMNS FROM `admin_product_cate` [ RunTime:0.003299s ]
SQL: SELECT * FROM `admin_product_cate` WHERE ( status=0 and pid=0 )  [ RunTime:0.000360s ]
SQL: SHOW COLUMNS FROM `admin_product_cate` [ RunTime:0.002990s ]
SQL: SELECT * FROM `admin_product_cate` WHERE ( status=0 and pid=5 )  [ RunTime:0.000276s ]
NOTIC: [2] Invalid argument supplied for foreach() E:\phpstudy\PHPTutorial\WWW\Obeam\Admin\Common\common.php 第 50 行.
SQL: SHOW COLUMNS FROM `admin_product_cate` [ RunTime:0.003504s ]
SQL: SELECT * FROM `admin_product_cate` WHERE ( status=0 and pid=4 )  [ RunTime:0.000391s ]
NOTIC: [2] Invalid argument supplied for foreach() E:\phpstudy\PHPTutorial\WWW\Obeam\Admin\Common\common.php 第 50 行.
SQL: SHOW COLUMNS FROM `admin_product_cate` [ RunTime:0.003056s ]
SQL: SELECT * FROM `admin_product_cate` WHERE ( status=0 and pid=6 )  [ RunTime:0.000301s ]
NOTIC: [2] Invalid argument supplied for foreach() E:\phpstudy\PHPTutorial\WWW\Obeam\Admin\Common\common.php 第 50 行.
INFO: [ view_parse ] --START--
NOTIC: [8] Undefined variable: pageStr E:\phpstudy\PHPTutorial\WWW\Obeam\Admin\Runtime\Cache\adc59e660fccb938c0916079b49f744f.php 第 302 行.
INFO: ParseTemplate Behavior ::run [ RunTime:0.010179s ]
INFO: [ view_parse ] --END-- [ RunTime:0.010221s ]
INFO: [ view_filter ] --START--
INFO: ContentReplace Behavior ::run [ RunTime:0.000628s ]
INFO: TokenBuild Behavior ::run [ RunTime:0.000574s ]
INFO: WriteHtmlCache Behavior ::run [ RunTime:0.000519s ]
INFO: ShowRuntime Behavior ::run [ RunTime:0.000591s ]
INFO: [ view_filter ] --END-- [ RunTime:0.002418s ]
INFO: [ view_end ] --START--
INFO: ShowPageTrace Behavior ::run [ RunTime:0.000808s ]
INFO: [ view_end ] --END-- [ RunTime:0.000859s ]

[ 2018-08-25T16:47:39+08:00 ] 127.0.0.1 /obeam/admin.php/Product/product_cate_add.html
INFO: [ route_check ] --START--
INFO: CheckRoute Behavior ::run [ RunTime:0.000876s ]
INFO: [ route_check ] --END-- [ RunTime:0.000921s ]
INFO: [ app_begin ] --START--
INFO: ReadHtmlCache Behavior ::run [ RunTime:0.000582s ]
INFO: [ app_begin ] --END-- [ RunTime:0.000614s ]
SQL: SHOW COLUMNS FROM `admin_product_cate` [ RunTime:0.003567s ]
SQL: INSERT INTO `admin_product_cate` (`cate_name`,`pid`,`sort`,`web_title`,`web_desc`,`web_keywords`,`message`,`url_param`) VALUES ('装修知识',0,4,'装修知识','装修知识','装修知识','装修知识','decoration') [ RunTime:0.001378s ]
INFO: [ view_parse ] --START--
INFO: ParseTemplate Behavior ::run [ RunTime:0.007758s ]
INFO: [ view_parse ] --END-- [ RunTime:0.007800s ]
INFO: [ view_filter ] --START--
INFO: ContentReplace Behavior ::run [ RunTime:0.000497s ]
INFO: TokenBuild Behavior ::run [ RunTime:0.000489s ]
INFO: WriteHtmlCache Behavior ::run [ RunTime:0.000433s ]
INFO: ShowRuntime Behavior ::run [ RunTime:0.000534s ]
INFO: [ view_filter ] --END-- [ RunTime:0.002038s ]
INFO: [ view_end ] --START--
INFO: ShowPageTrace Behavior ::run [ RunTime:0.001003s ]
INFO: [ view_end ] --END-- [ RunTime:0.001039s ]

[ 2018-08-25T16:47:41+08:00 ] 127.0.0.1 /obeam/admin.php/Product/product_cate.html
INFO: [ route_check ] --START--
INFO: CheckRoute Behavior ::run [ RunTime:0.000735s ]
INFO: [ route_check ] --END-- [ RunTime:0.000786s ]
INFO: [ app_begin ] --START--
INFO: ReadHtmlCache Behavior ::run [ RunTime:0.000586s ]
INFO: [ app_begin ] --END-- [ RunTime:0.000619s ]
SQL: SHOW COLUMNS FROM `admin_product_cate` [ RunTime:0.003912s ]
SQL: SELECT * FROM `admin_product_cate` WHERE ( pid=0 and status=0 )  [ RunTime:0.000368s ]
SQL: SELECT * FROM `admin_product_cate` WHERE ( pid=5 and status=0 )  [ RunTime:0.000212s ]
NOTIC: [2] Invalid argument supplied for foreach() E:\phpstudy\PHPTutorial\WWW\Obeam\Admin\Common\common.php 第 9 行.
SQL: SELECT * FROM `admin_product_cate` WHERE ( pid=4 and status=0 )  [ RunTime:0.000197s ]
NOTIC: [2] Invalid argument supplied for foreach() E:\phpstudy\PHPTutorial\WWW\Obeam\Admin\Common\common.php 第 9 行.
SQL: SELECT * FROM `admin_product_cate` WHERE ( pid=6 and status=0 )  [ RunTime:0.000190s ]
NOTIC: [2] Invalid argument supplied for foreach() E:\phpstudy\PHPTutorial\WWW\Obeam\Admin\Common\common.php 第 9 行.
SQL: SELECT * FROM `admin_product_cate` WHERE ( pid=7 and status=0 )  [ RunTime:0.000189s ]
NOTIC: [2] Invalid argument supplied for foreach() E:\phpstudy\PHPTutorial\WWW\Obeam\Admin\Common\common.php 第 9 行.
SQL: SHOW COLUMNS FROM `admin_product_cate` [ RunTime:0.003300s ]
SQL: SELECT * FROM `admin_product_cate` WHERE ( status=0 and pid=0 )  [ RunTime:0.000359s ]
SQL: SHOW COLUMNS FROM `admin_product_cate` [ RunTime:0.004252s ]
SQL: SELECT * FROM `admin_product_cate` WHERE ( status=0 and pid=5 )  [ RunTime:0.000424s ]
NOTIC: [2] Invalid argument supplied for foreach() E:\phpstudy\PHPTutorial\WWW\Obeam\Admin\Common\common.php 第 50 行.
SQL: SHOW COLUMNS FROM `admin_product_cate` [ RunTime:0.003067s ]
SQL: SELECT * FROM `admin_product_cate` WHERE ( status=0 and pid=4 )  [ RunTime:0.000296s ]
NOTIC: [2] Invalid argument supplied for foreach() E:\phpstudy\PHPTutorial\WWW\Obeam\Admin\Common\common.php 第 50 行.
SQL: SHOW COLUMNS FROM `admin_product_cate` [ RunTime:0.002933s ]
SQL: SELECT * FROM `admin_product_cate` WHERE ( status=0 and pid=6 )  [ RunTime:0.000269s ]
NOTIC: [2] Invalid argument supplied for foreach() E:\phpstudy\PHPTutorial\WWW\Obeam\Admin\Common\common.php 第 50 行.
SQL: SHOW COLUMNS FROM `admin_product_cate` [ RunTime:0.003290s ]
SQL: SELECT * FROM `admin_product_cate` WHERE ( status=0 and pid=7 )  [ RunTime:0.000366s ]
NOTIC: [2] Invalid argument supplied for foreach() E:\phpstudy\PHPTutorial\WWW\Obeam\Admin\Common\common.php 第 50 行.
INFO: [ view_parse ] --START--
NOTIC: [8] Undefined variable: pageStr E:\phpstudy\PHPTutorial\WWW\Obeam\Admin\Runtime\Cache\adc59e660fccb938c0916079b49f744f.php 第 302 行.
INFO: ParseTemplate Behavior ::run [ RunTime:0.010048s ]
INFO: [ view_parse ] --END-- [ RunTime:0.010085s ]
INFO: [ view_filter ] --START--
INFO: ContentReplace Behavior ::run [ RunTime:0.000554s ]
INFO: TokenBuild Behavior ::run [ RunTime:0.000493s ]
INFO: WriteHtmlCache Behavior ::run [ RunTime:0.000378s ]
INFO: ShowRuntime Behavior ::run [ RunTime:0.000471s ]
INFO: [ view_filter ] --END-- [ RunTime:0.001979s ]
INFO: [ view_end ] --START--
INFO: ShowPageTrace Behavior ::run [ RunTime:0.000659s ]
INFO: [ view_end ] --END-- [ RunTime:0.000694s ]

[ 2018-08-25T16:50:03+08:00 ] 127.0.0.1 /obeam/admin.php/Product/add_product.html
INFO: [ route_check ] --START--
INFO: CheckRoute Behavior ::run [ RunTime:0.000891s ]
INFO: [ route_check ] --END-- [ RunTime:0.000940s ]
INFO: [ app_begin ] --START--
INFO: ReadHtmlCache Behavior ::run [ RunTime:0.000582s ]
INFO: [ app_begin ] --END-- [ RunTime:0.000614s ]
SQL: SHOW COLUMNS FROM `admin_product_cate` [ RunTime:0.003457s ]
SQL: SELECT * FROM `admin_product_cate` WHERE ( pid=0 and status=0 )  [ RunTime:0.000427s ]
SQL: SELECT * FROM `admin_product_cate` WHERE ( pid=5 and status=0 )  [ RunTime:0.000210s ]
NOTIC: [2] Invalid argument supplied for foreach() E:\phpstudy\PHPTutorial\WWW\Obeam\Admin\Common\common.php 第 9 行.
SQL: SELECT * FROM `admin_product_cate` WHERE ( pid=4 and status=0 )  [ RunTime:0.000197s ]
NOTIC: [2] Invalid argument supplied for foreach() E:\phpstudy\PHPTutorial\WWW\Obeam\Admin\Common\common.php 第 9 行.
SQL: SELECT * FROM `admin_product_cate` WHERE ( pid=6 and status=0 )  [ RunTime:0.000200s ]
NOTIC: [2] Invalid argument supplied for foreach() E:\phpstudy\PHPTutorial\WWW\Obeam\Admin\Common\common.php 第 9 行.
SQL: SELECT * FROM `admin_product_cate` WHERE ( pid=7 and status=0 )  [ RunTime:0.000192s ]
NOTIC: [2] Invalid argument supplied for foreach() E:\phpstudy\PHPTutorial\WWW\Obeam\Admin\Common\common.php 第 9 行.
INFO: [ view_parse ] --START--
NOTIC: [8] Undefined variable: editor_arr E:\phpstudy\PHPTutorial\WWW\Obeam\Admin\Runtime\Cache\f8a8cab5293a67cc0c2fc7e5b9bedff7.php 第 291 行.
NOTIC: [8] Undefined variable: editor_arr E:\phpstudy\PHPTutorial\WWW\Obeam\Admin\Runtime\Cache\f8a8cab5293a67cc0c2fc7e5b9bedff7.php 第 313 行.
INFO: ParseTemplate Behavior ::run [ RunTime:0.011988s ]
INFO: [ view_parse ] --END-- [ RunTime:0.012025s ]
INFO: [ view_filter ] --START--
INFO: ContentReplace Behavior ::run [ RunTime:0.000588s ]
INFO: TokenBuild Behavior ::run [ RunTime:0.000514s ]
INFO: WriteHtmlCache Behavior ::run [ RunTime:0.000437s ]
INFO: ShowRuntime Behavior ::run [ RunTime:0.000532s ]
INFO: [ view_filter ] --END-- [ RunTime:0.002158s ]
INFO: [ view_end ] --START--
INFO: ShowPageTrace Behavior ::run [ RunTime:0.000666s ]
INFO: [ view_end ] --END-- [ RunTime:0.000706s ]

[ 2018-08-25T16:50:21+08:00 ] 127.0.0.1 /obeam/admin.php/Product/product_save.html
INFO: [ route_check ] --START--
INFO: CheckRoute Behavior ::run [ RunTime:0.000866s ]
INFO: [ route_check ] --END-- [ RunTime:0.000912s ]
INFO: [ app_begin ] --START--
INFO: ReadHtmlCache Behavior ::run [ RunTime:0.001649s ]
INFO: [ app_begin ] --END-- [ RunTime:0.001766s ]
SQL: SHOW COLUMNS FROM `admin_product` [ RunTime:0.003346s ]
SQL: INSERT INTO `admin_product` (`web_title`,`web_keywords`,`web_desc`,`title`,`intro`,`cateid`,`content`,`ishot`,`imgurl`,`pub_person`,`pub_time`) VALUES ('装修知识','装修知识','装修知识','装修知识','装修知识',7,'<p>装修知识<span style=\"background-color: rgb(252, 252, 252);\">装修知识</span></p><p><br></p>',0,'Public/Uploads/product_thumb/5b81184dc25a0.jpg','admin',1535187021) [ RunTime:0.001287s ]
SQL: SELECT * FROM `admin_product` WHERE ( id=4 ) LIMIT 1   [ RunTime:0.000350s ]
INFO: [ view_parse ] --START--
NOTIC: [8] Undefined variable: newsDetail E:\phpstudy\PHPTutorial\WWW\Obeam\Admin\Runtime\Cache\955d53bb735f9d2642ff7b6779059efc.php 第 5 行.
NOTIC: [8] Undefined variable: newsDetail E:\phpstudy\PHPTutorial\WWW\Obeam\Admin\Runtime\Cache\955d53bb735f9d2642ff7b6779059efc.php 第 7 行.
NOTIC: [8] Undefined variable: newsDetail E:\phpstudy\PHPTutorial\WWW\Obeam\Admin\Runtime\Cache\955d53bb735f9d2642ff7b6779059efc.php 第 8 行.
NOTIC: [8] Undefined variable: newsDetail E:\phpstudy\PHPTutorial\WWW\Obeam\Admin\Runtime\Cache\955d53bb735f9d2642ff7b6779059efc.php 第 11 行.
NOTIC: [8] Undefined variable: newsDetail E:\phpstudy\PHPTutorial\WWW\Obeam\Admin\Runtime\Cache\955d53bb735f9d2642ff7b6779059efc.php 第 13 行.
NOTIC: [8] Undefined variable: newsDetail E:\phpstudy\PHPTutorial\WWW\Obeam\Admin\Runtime\Cache\955d53bb735f9d2642ff7b6779059efc.php 第 13 行.
NOTIC: [8] Undefined variable: newsDetail E:\phpstudy\PHPTutorial\WWW\Obeam\Admin\Runtime\Cache\955d53bb735f9d2642ff7b6779059efc.php 第 14 行.
NOTIC: [8] Undefined variable: newsDetail E:\phpstudy\PHPTutorial\WWW\Obeam\Admin\Runtime\Cache\955d53bb735f9d2642ff7b6779059efc.php 第 17 行.
INFO: ParseTemplate Behavior ::run [ RunTime:0.015636s ]
INFO: [ view_parse ] --END-- [ RunTime:0.015672s ]
INFO: [ view_filter ] --START--
INFO: ContentReplace Behavior ::run [ RunTime:0.000484s ]
INFO: TokenBuild Behavior ::run [ RunTime:0.000490s ]
INFO: WriteHtmlCache Behavior ::run [ RunTime:0.000458s ]
INFO: ShowRuntime Behavior ::run [ RunTime:0.000873s ]
INFO: [ view_filter ] --END-- [ RunTime:0.002535s ]
NOTIC: [8] Constant THEME_PATH already defined E:\phpstudy\PHPTutorial\WWW\Obeam\ThinkPHP\Lib\Core\View.class.php 第 154 行.
NOTIC: [8] Constant APP_TMPL_PATH already defined E:\phpstudy\PHPTutorial\WWW\Obeam\ThinkPHP\Lib\Core\View.class.php 第 155 行.
INFO: [ view_parse ] --START--
INFO: ParseTemplate Behavior ::run [ RunTime:0.001760s ]
INFO: [ view_parse ] --END-- [ RunTime:-0.003838s ]
INFO: [ view_filter ] --START--
INFO: ContentReplace Behavior ::run [ RunTime:0.000031s ]
INFO: TokenBuild Behavior ::run [ RunTime:0.000020s ]
INFO: WriteHtmlCache Behavior ::run [ RunTime:0.000006s ]
INFO: ShowRuntime Behavior ::run [ RunTime:0.000030s ]
INFO: [ view_filter ] --END-- [ RunTime:-0.003105s ]
INFO: [ view_end ] --START--
INFO: ShowPageTrace Behavior ::run [ RunTime:0.000646s ]
INFO: [ view_end ] --END-- [ RunTime:0.000676s ]

[ 2018-08-25T16:50:22+08:00 ] 127.0.0.1 /obeam/admin.php/Product/add_product.html
INFO: [ route_check ] --START--
INFO: CheckRoute Behavior ::run [ RunTime:0.000887s ]
INFO: [ route_check ] --END-- [ RunTime:0.000969s ]
INFO: [ app_begin ] --START--
INFO: ReadHtmlCache Behavior ::run [ RunTime:0.000660s ]
INFO: [ app_begin ] --END-- [ RunTime:0.000697s ]
SQL: SHOW COLUMNS FROM `admin_product_cate` [ RunTime:0.003213s ]
SQL: SELECT * FROM `admin_product_cate` WHERE ( pid=0 and status=0 )  [ RunTime:0.000360s ]
SQL: SELECT * FROM `admin_product_cate` WHERE ( pid=5 and status=0 )  [ RunTime:0.000205s ]
NOTIC: [2] Invalid argument supplied for foreach() E:\phpstudy\PHPTutorial\WWW\Obeam\Admin\Common\common.php 第 9 行.
SQL: SELECT * FROM `admin_product_cate` WHERE ( pid=4 and status=0 )  [ RunTime:0.000196s ]
NOTIC: [2] Invalid argument supplied for foreach() E:\phpstudy\PHPTutorial\WWW\Obeam\Admin\Common\common.php 第 9 行.
SQL: SELECT * FROM `admin_product_cate` WHERE ( pid=6 and status=0 )  [ RunTime:0.000188s ]
NOTIC: [2] Invalid argument supplied for foreach() E:\phpstudy\PHPTutorial\WWW\Obeam\Admin\Common\common.php 第 9 行.
SQL: SELECT * FROM `admin_product_cate` WHERE ( pid=7 and status=0 )  [ RunTime:0.000188s ]
NOTIC: [2] Invalid argument supplied for foreach() E:\phpstudy\PHPTutorial\WWW\Obeam\Admin\Common\common.php 第 9 行.
INFO: [ view_parse ] --START--
NOTIC: [8] Undefined variable: editor_arr E:\phpstudy\PHPTutorial\WWW\Obeam\Admin\Runtime\Cache\f8a8cab5293a67cc0c2fc7e5b9bedff7.php 第 291 行.
NOTIC: [8] Undefined variable: editor_arr E:\phpstudy\PHPTutorial\WWW\Obeam\Admin\Runtime\Cache\f8a8cab5293a67cc0c2fc7e5b9bedff7.php 第 313 行.
INFO: ParseTemplate Behavior ::run [ RunTime:0.010593s ]
INFO: [ view_parse ] --END-- [ RunTime:0.010632s ]
INFO: [ view_filter ] --START--
INFO: ContentReplace Behavior ::run [ RunTime:0.000658s ]
INFO: TokenBuild Behavior ::run [ RunTime:0.000512s ]
INFO: WriteHtmlCache Behavior ::run [ RunTime:0.000430s ]
INFO: ShowRuntime Behavior ::run [ RunTime:0.000525s ]
INFO: [ view_filter ] --END-- [ RunTime:0.002211s ]
INFO: [ view_end ] --START--
INFO: ShowPageTrace Behavior ::run [ RunTime:0.000675s ]
INFO: [ view_end ] --END-- [ RunTime:0.000716s ]

[ 2018-08-25T16:50:24+08:00 ] 127.0.0.1 /obeam/admin.php/Product/product_list.html
INFO: [ route_check ] --START--
INFO: CheckRoute Behavior ::run [ RunTime:0.000720s ]
INFO: [ route_check ] --END-- [ RunTime:0.000765s ]
INFO: [ app_begin ] --START--
INFO: ReadHtmlCache Behavior ::run [ RunTime:0.000579s ]
INFO: [ app_begin ] --END-- [ RunTime:0.000612s ]
NOTIC: [8] Undefined index: cateid E:\phpstudy\PHPTutorial\WWW\Obeam\Admin\Lib\Action\ProductAction.class.php 第 71 行.
SQL: SELECT COUNT(*) AS tp_count FROM `admin_product` LIMIT 1   [ RunTime:0.000225s ]
NOTIC: [8] Undefined index: cateid E:\phpstudy\PHPTutorial\WWW\Obeam\Admin\Lib\Action\ProductAction.class.php 第 84 行.
SQL: SELECT * FROM `admin_product` ORDER BY id DESC LIMIT 0,10   [ RunTime:0.000369s ]
SQL: SHOW COLUMNS FROM `admin_product_cate` [ RunTime:0.003592s ]
SQL: SELECT * FROM `admin_product_cate` WHERE ( pid=0 and status=0 )  [ RunTime:0.001523s ]
SQL: SELECT * FROM `admin_product_cate` WHERE ( pid=5 and status=0 )  [ RunTime:0.000254s ]
NOTIC: [2] Invalid argument supplied for foreach() E:\phpstudy\PHPTutorial\WWW\Obeam\Admin\Common\common.php 第 9 行.
SQL: SELECT * FROM `admin_product_cate` WHERE ( pid=4 and status=0 )  [ RunTime:0.000203s ]
NOTIC: [2] Invalid argument supplied for foreach() E:\phpstudy\PHPTutorial\WWW\Obeam\Admin\Common\common.php 第 9 行.
SQL: SELECT * FROM `admin_product_cate` WHERE ( pid=6 and status=0 )  [ RunTime:0.000191s ]
NOTIC: [2] Invalid argument supplied for foreach() E:\phpstudy\PHPTutorial\WWW\Obeam\Admin\Common\common.php 第 9 行.
SQL: SELECT * FROM `admin_product_cate` WHERE ( pid=7 and status=0 )  [ RunTime:0.000190s ]
NOTIC: [2] Invalid argument supplied for foreach() E:\phpstudy\PHPTutorial\WWW\Obeam\Admin\Common\common.php 第 9 行.
INFO: [ view_parse ] --START--
INFO: ParseTemplate Behavior ::run [ RunTime:0.019750s ]
INFO: [ view_parse ] --END-- [ RunTime:0.019804s ]
INFO: [ view_filter ] --START--
INFO: ContentReplace Behavior ::run [ RunTime:0.000641s ]
INFO: TokenBuild Behavior ::run [ RunTime:0.000517s ]
INFO: WriteHtmlCache Behavior ::run [ RunTime:0.000445s ]
INFO: ShowRuntime Behavior ::run [ RunTime:0.000529s ]
INFO: [ view_filter ] --END-- [ RunTime:0.002227s ]
INFO: [ view_end ] --START--
INFO: ShowPageTrace Behavior ::run [ RunTime:0.000685s ]
INFO: [ view_end ] --END-- [ RunTime:0.000721s ]

[ 2018-08-25T16:50:30+08:00 ] 127.0.0.1 /obeam/admin.php/Product/product_list.html?cateid=7
INFO: [ route_check ] --START--
INFO: CheckRoute Behavior ::run [ RunTime:0.000910s ]
INFO: [ route_check ] --END-- [ RunTime:0.000962s ]
INFO: [ app_begin ] --START--
INFO: ReadHtmlCache Behavior ::run [ RunTime:0.000587s ]
INFO: [ app_begin ] --END-- [ RunTime:0.000622s ]
SQL: SELECT COUNT(*) AS tp_count FROM `admin_product` WHERE ( cateid=7 ) LIMIT 1   [ RunTime:0.000219s ]
SQL: SELECT * FROM `admin_product` WHERE ( cateid=7 ) ORDER BY id DESC LIMIT 0,10   [ RunTime:0.000266s ]
SQL: SHOW COLUMNS FROM `admin_product_cate` [ RunTime:0.003226s ]
SQL: SELECT * FROM `admin_product_cate` WHERE ( pid=0 and status=0 )  [ RunTime:0.000344s ]
SQL: SELECT * FROM `admin_product_cate` WHERE ( pid=5 and status=0 )  [ RunTime:0.000200s ]
NOTIC: [2] Invalid argument supplied for foreach() E:\phpstudy\PHPTutorial\WWW\Obeam\Admin\Common\common.php 第 9 行.
SQL: SELECT * FROM `admin_product_cate` WHERE ( pid=4 and status=0 )  [ RunTime:0.000190s ]
NOTIC: [2] Invalid argument supplied for foreach() E:\phpstudy\PHPTutorial\WWW\Obeam\Admin\Common\common.php 第 9 行.
SQL: SELECT * FROM `admin_product_cate` WHERE ( pid=6 and status=0 )  [ RunTime:0.000186s ]
NOTIC: [2] Invalid argument supplied for foreach() E:\phpstudy\PHPTutorial\WWW\Obeam\Admin\Common\common.php 第 9 行.
SQL: SELECT * FROM `admin_product_cate` WHERE ( pid=7 and status=0 )  [ RunTime:0.000187s ]
NOTIC: [2] Invalid argument supplied for foreach() E:\phpstudy\PHPTutorial\WWW\Obeam\Admin\Common\common.php 第 9 行.
INFO: [ view_parse ] --START--
INFO: ParseTemplate Behavior ::run [ RunTime:0.019997s ]
INFO: [ view_parse ] --END-- [ RunTime:0.020038s ]
INFO: [ view_filter ] --START--
INFO: ContentReplace Behavior ::run [ RunTime:0.000608s ]
INFO: TokenBuild Behavior ::run [ RunTime:0.000521s ]
INFO: WriteHtmlCache Behavior ::run [ RunTime:0.000710s ]
INFO: ShowRuntime Behavior ::run [ RunTime:0.001500s ]
INFO: [ view_filter ] --END-- [ RunTime:0.003529s ]
INFO: [ view_end ] --START--
INFO: ShowPageTrace Behavior ::run [ RunTime:0.000767s ]
INFO: [ view_end ] --END-- [ RunTime:0.000816s ]

[ 2018-08-25T16:50:45+08:00 ] 127.0.0.1 /obeam/admin.php/Product/editor_product/id/4.html
INFO: [ route_check ] --START--
INFO: CheckRoute Behavior ::run [ RunTime:0.000751s ]
INFO: [ route_check ] --END-- [ RunTime:0.000797s ]
INFO: [ app_begin ] --START--
INFO: ReadHtmlCache Behavior ::run [ RunTime:0.000581s ]
INFO: [ app_begin ] --END-- [ RunTime:0.000615s ]
SQL: SELECT * FROM `admin_product` WHERE ( id=4 ) LIMIT 1   [ RunTime:0.000257s ]
SQL: SHOW COLUMNS FROM `admin_product_cate` [ RunTime:0.003118s ]
SQL: SELECT * FROM `admin_product_cate` WHERE ( pid=0 and status=0 )  [ RunTime:0.000448s ]
SQL: SELECT * FROM `admin_product_cate` WHERE ( pid=5 and status=0 )  [ RunTime:0.000305s ]
NOTIC: [2] Invalid argument supplied for foreach() E:\phpstudy\PHPTutorial\WWW\Obeam\Admin\Common\common.php 第 9 行.
SQL: SELECT * FROM `admin_product_cate` WHERE ( pid=4 and status=0 )  [ RunTime:0.000299s ]
NOTIC: [2] Invalid argument supplied for foreach() E:\phpstudy\PHPTutorial\WWW\Obeam\Admin\Common\common.php 第 9 行.
SQL: SELECT * FROM `admin_product_cate` WHERE ( pid=6 and status=0 )  [ RunTime:0.000819s ]
NOTIC: [2] Invalid argument supplied for foreach() E:\phpstudy\PHPTutorial\WWW\Obeam\Admin\Common\common.php 第 9 行.
SQL: SELECT * FROM `admin_product_cate` WHERE ( pid=7 and status=0 )  [ RunTime:0.000391s ]
NOTIC: [2] Invalid argument supplied for foreach() E:\phpstudy\PHPTutorial\WWW\Obeam\Admin\Common\common.php 第 9 行.
INFO: [ view_parse ] --START--
INFO: ParseTemplate Behavior ::run [ RunTime:0.013124s ]
INFO: [ view_parse ] --END-- [ RunTime:0.013167s ]
INFO: [ view_filter ] --START--
INFO: ContentReplace Behavior ::run [ RunTime:0.000593s ]
INFO: TokenBuild Behavior ::run [ RunTime:0.000523s ]
INFO: WriteHtmlCache Behavior ::run [ RunTime:0.000518s ]
INFO: ShowRuntime Behavior ::run [ RunTime:0.000598s ]
INFO: [ view_filter ] --END-- [ RunTime:0.002365s ]
INFO: [ view_end ] --START--
INFO: ShowPageTrace Behavior ::run [ RunTime:0.000801s ]
INFO: [ view_end ] --END-- [ RunTime:0.000842s ]

[ 2018-08-25T16:50:48+08:00 ] 127.0.0.1 /obeam/admin.php/Product/editor_product/id/4.html
INFO: [ route_check ] --START--
INFO: CheckRoute Behavior ::run [ RunTime:0.000876s ]
INFO: [ route_check ] --END-- [ RunTime:0.000930s ]
INFO: [ app_begin ] --START--
INFO: ReadHtmlCache Behavior ::run [ RunTime:0.000707s ]
INFO: [ app_begin ] --END-- [ RunTime:0.000743s ]
SQL: SELECT * FROM `admin_product` WHERE ( id=4 ) LIMIT 1   [ RunTime:0.000353s ]
SQL: SHOW COLUMNS FROM `admin_product_cate` [ RunTime:0.003270s ]
SQL: SELECT * FROM `admin_product_cate` WHERE ( pid=0 and status=0 )  [ RunTime:0.000341s ]
SQL: SELECT * FROM `admin_product_cate` WHERE ( pid=5 and status=0 )  [ RunTime:0.000215s ]
NOTIC: [2] Invalid argument supplied for foreach() E:\phpstudy\PHPTutorial\WWW\Obeam\Admin\Common\common.php 第 9 行.
SQL: SELECT * FROM `admin_product_cate` WHERE ( pid=4 and status=0 )  [ RunTime:0.000194s ]
NOTIC: [2] Invalid argument supplied for foreach() E:\phpstudy\PHPTutorial\WWW\Obeam\Admin\Common\common.php 第 9 行.
SQL: SELECT * FROM `admin_product_cate` WHERE ( pid=6 and status=0 )  [ RunTime:0.000185s ]
NOTIC: [2] Invalid argument supplied for foreach() E:\phpstudy\PHPTutorial\WWW\Obeam\Admin\Common\common.php 第 9 行.
SQL: SELECT * FROM `admin_product_cate` WHERE ( pid=7 and status=0 )  [ RunTime:0.000194s ]
NOTIC: [2] Invalid argument supplied for foreach() E:\phpstudy\PHPTutorial\WWW\Obeam\Admin\Common\common.php 第 9 行.
INFO: [ view_parse ] --START--
INFO: ParseTemplate Behavior ::run [ RunTime:0.022750s ]
INFO: [ view_parse ] --END-- [ RunTime:0.022793s ]
INFO: [ view_filter ] --START--
INFO: ContentReplace Behavior ::run [ RunTime:0.000593s ]
INFO: TokenBuild Behavior ::run [ RunTime:0.000500s ]
INFO: WriteHtmlCache Behavior ::run [ RunTime:0.000526s ]
INFO: ShowRuntime Behavior ::run [ RunTime:0.000599s ]
INFO: [ view_filter ] --END-- [ RunTime:0.002314s ]
INFO: [ view_end ] --START--
INFO: ShowPageTrace Behavior ::run [ RunTime:0.000836s ]
INFO: [ view_end ] --END-- [ RunTime:0.000892s ]

[ 2018-08-25T16:50:49+08:00 ] 127.0.0.1 /obeam/admin.php/Product/editor_product/id/4.html
INFO: [ route_check ] --START--
INFO: CheckRoute Behavior ::run [ RunTime:0.000716s ]
INFO: [ route_check ] --END-- [ RunTime:0.000763s ]
INFO: [ app_begin ] --START--
INFO: ReadHtmlCache Behavior ::run [ RunTime:0.000571s ]
INFO: [ app_begin ] --END-- [ RunTime:0.000604s ]
SQL: SELECT * FROM `admin_product` WHERE ( id=4 ) LIMIT 1   [ RunTime:0.000292s ]
SQL: SHOW COLUMNS FROM `admin_product_cate` [ RunTime:0.003513s ]
SQL: SELECT * FROM `admin_product_cate` WHERE ( pid=0 and status=0 )  [ RunTime:0.000465s ]
SQL: SELECT * FROM `admin_product_cate` WHERE ( pid=5 and status=0 )  [ RunTime:0.000296s ]
NOTIC: [2] Invalid argument supplied for foreach() E:\phpstudy\PHPTutorial\WWW\Obeam\Admin\Common\common.php 第 9 行.
SQL: SELECT * FROM `admin_product_cate` WHERE ( pid=4 and status=0 )  [ RunTime:0.000208s ]
NOTIC: [2] Invalid argument supplied for foreach() E:\phpstudy\PHPTutorial\WWW\Obeam\Admin\Common\common.php 第 9 行.
SQL: SELECT * FROM `admin_product_cate` WHERE ( pid=6 and status=0 )  [ RunTime:0.000234s ]
NOTIC: [2] Invalid argument supplied for foreach() E:\phpstudy\PHPTutorial\WWW\Obeam\Admin\Common\common.php 第 9 行.
SQL: SELECT * FROM `admin_product_cate` WHERE ( pid=7 and status=0 )  [ RunTime:0.000190s ]
NOTIC: [2] Invalid argument supplied for foreach() E:\phpstudy\PHPTutorial\WWW\Obeam\Admin\Common\common.php 第 9 行.
INFO: [ view_parse ] --START--
INFO: ParseTemplate Behavior ::run [ RunTime:0.013888s ]
INFO: [ view_parse ] --END-- [ RunTime:0.013933s ]
INFO: [ view_filter ] --START--
INFO: ContentReplace Behavior ::run [ RunTime:0.000560s ]
INFO: TokenBuild Behavior ::run [ RunTime:0.000497s ]
INFO: WriteHtmlCache Behavior ::run [ RunTime:0.000425s ]
INFO: ShowRuntime Behavior ::run [ RunTime:0.000534s ]
INFO: [ view_filter ] --END-- [ RunTime:0.002102s ]
INFO: [ view_end ] --START--
INFO: ShowPageTrace Behavior ::run [ RunTime:0.000665s ]
INFO: [ view_end ] --END-- [ RunTime:0.000701s ]

[ 2018-08-25T16:59:49+08:00 ] 127.0.0.1 /obeam/admin.php/Product/product_cate.html
INFO: [ route_check ] --START--
INFO: CheckRoute Behavior ::run [ RunTime:0.000948s ]
INFO: [ route_check ] --END-- [ RunTime:0.001034s ]
INFO: [ app_begin ] --START--
INFO: ReadHtmlCache Behavior ::run [ RunTime:0.000598s ]
INFO: [ app_begin ] --END-- [ RunTime:0.000631s ]
SQL: SHOW COLUMNS FROM `admin_product_cate` [ RunTime:0.003546s ]
SQL: SELECT * FROM `admin_product_cate` WHERE ( pid=0 and status=0 )  [ RunTime:0.000347s ]
SQL: SELECT * FROM `admin_product_cate` WHERE ( pid=5 and status=0 )  [ RunTime:0.000208s ]
NOTIC: [2] Invalid argument supplied for foreach() E:\phpstudy\PHPTutorial\WWW\Obeam\Admin\Common\common.php 第 9 行.
SQL: SELECT * FROM `admin_product_cate` WHERE ( pid=4 and status=0 )  [ RunTime:0.000195s ]
NOTIC: [2] Invalid argument supplied for foreach() E:\phpstudy\PHPTutorial\WWW\Obeam\Admin\Common\common.php 第 9 行.
SQL: SELECT * FROM `admin_product_cate` WHERE ( pid=6 and status=0 )  [ RunTime:0.000186s ]
NOTIC: [2] Invalid argument supplied for foreach() E:\phpstudy\PHPTutorial\WWW\Obeam\Admin\Common\common.php 第 9 行.
SQL: SELECT * FROM `admin_product_cate` WHERE ( pid=7 and status=0 )  [ RunTime:0.000201s ]
NOTIC: [2] Invalid argument supplied for foreach() E:\phpstudy\PHPTutorial\WWW\Obeam\Admin\Common\common.php 第 9 行.
SQL: SHOW COLUMNS FROM `admin_product_cate` [ RunTime:0.003356s ]
SQL: SELECT * FROM `admin_product_cate` WHERE ( status=0 and pid=0 )  [ RunTime:0.000543s ]
SQL: SHOW COLUMNS FROM `admin_product_cate` [ RunTime:0.003485s ]
SQL: SELECT * FROM `admin_product_cate` WHERE ( status=0 and pid=5 )  [ RunTime:0.000443s ]
NOTIC: [2] Invalid argument supplied for foreach() E:\phpstudy\PHPTutorial\WWW\Obeam\Admin\Common\common.php 第 50 行.
SQL: SHOW COLUMNS FROM `admin_product_cate` [ RunTime:0.003107s ]
SQL: SELECT * FROM `admin_product_cate` WHERE ( status=0 and pid=4 )  [ RunTime:0.000314s ]
NOTIC: [2] Invalid argument supplied for foreach() E:\phpstudy\PHPTutorial\WWW\Obeam\Admin\Common\common.php 第 50 行.
SQL: SHOW COLUMNS FROM `admin_product_cate` [ RunTime:0.002924s ]
SQL: SELECT * FROM `admin_product_cate` WHERE ( status=0 and pid=6 )  [ RunTime:0.000264s ]
NOTIC: [2] Invalid argument supplied for foreach() E:\phpstudy\PHPTutorial\WWW\Obeam\Admin\Common\common.php 第 50 行.
SQL: SHOW COLUMNS FROM `admin_product_cate` [ RunTime:0.003118s ]
SQL: SELECT * FROM `admin_product_cate` WHERE ( status=0 and pid=7 )  [ RunTime:0.000454s ]
NOTIC: [2] Invalid argument supplied for foreach() E:\phpstudy\PHPTutorial\WWW\Obeam\Admin\Common\common.php 第 50 行.
INFO: [ view_parse ] --START--
NOTIC: [8] Undefined variable: pageStr E:\phpstudy\PHPTutorial\WWW\Obeam\Admin\Runtime\Cache\adc59e660fccb938c0916079b49f744f.php 第 302 行.
INFO: ParseTemplate Behavior ::run [ RunTime:0.010767s ]
INFO: [ view_parse ] --END-- [ RunTime:0.010811s ]
INFO: [ view_filter ] --START--
INFO: ContentReplace Behavior ::run [ RunTime:0.000565s ]
INFO: TokenBuild Behavior ::run [ RunTime:0.000499s ]
INFO: WriteHtmlCache Behavior ::run [ RunTime:0.000481s ]
INFO: ShowRuntime Behavior ::run [ RunTime:0.000529s ]
INFO: [ view_filter ] --END-- [ RunTime:0.002165s ]
INFO: [ view_end ] --START--
INFO: ShowPageTrace Behavior ::run [ RunTime:0.000888s ]
INFO: [ view_end ] --END-- [ RunTime:0.000935s ]

[ 2018-08-25T16:59:53+08:00 ] 127.0.0.1 /obeam/admin.php/Product/product_list.html
INFO: [ route_check ] --START--
INFO: CheckRoute Behavior ::run [ RunTime:0.000744s ]
INFO: [ route_check ] --END-- [ RunTime:0.000791s ]
INFO: [ app_begin ] --START--
INFO: ReadHtmlCache Behavior ::run [ RunTime:0.000587s ]
INFO: [ app_begin ] --END-- [ RunTime:0.000621s ]
NOTIC: [8] Undefined index: cateid E:\phpstudy\PHPTutorial\WWW\Obeam\Admin\Lib\Action\ProductAction.class.php 第 71 行.
SQL: SELECT COUNT(*) AS tp_count FROM `admin_product` LIMIT 1   [ RunTime:0.000179s ]
NOTIC: [8] Undefined index: cateid E:\phpstudy\PHPTutorial\WWW\Obeam\Admin\Lib\Action\ProductAction.class.php 第 84 行.
SQL: SELECT * FROM `admin_product` ORDER BY id DESC LIMIT 0,10   [ RunTime:0.000568s ]
SQL: SHOW COLUMNS FROM `admin_product_cate` [ RunTime:0.004131s ]
SQL: SELECT * FROM `admin_product_cate` WHERE ( pid=0 and status=0 )  [ RunTime:0.000375s ]
SQL: SELECT * FROM `admin_product_cate` WHERE ( pid=5 and status=0 )  [ RunTime:0.000198s ]
NOTIC: [2] Invalid argument supplied for foreach() E:\phpstudy\PHPTutorial\WWW\Obeam\Admin\Common\common.php 第 9 行.
SQL: SELECT * FROM `admin_product_cate` WHERE ( pid=4 and status=0 )  [ RunTime:0.000199s ]
NOTIC: [2] Invalid argument supplied for foreach() E:\phpstudy\PHPTutorial\WWW\Obeam\Admin\Common\common.php 第 9 行.
SQL: SELECT * FROM `admin_product_cate` WHERE ( pid=6 and status=0 )  [ RunTime:0.000183s ]
NOTIC: [2] Invalid argument supplied for foreach() E:\phpstudy\PHPTutorial\WWW\Obeam\Admin\Common\common.php 第 9 行.
SQL: SELECT * FROM `admin_product_cate` WHERE ( pid=7 and status=0 )  [ RunTime:0.000184s ]
NOTIC: [2] Invalid argument supplied for foreach() E:\phpstudy\PHPTutorial\WWW\Obeam\Admin\Common\common.php 第 9 行.
INFO: [ view_parse ] --START--
INFO: ParseTemplate Behavior ::run [ RunTime:0.028152s ]
INFO: [ view_parse ] --END-- [ RunTime:0.028201s ]
INFO: [ view_filter ] --START--
INFO: ContentReplace Behavior ::run [ RunTime:0.000619s ]
INFO: TokenBuild Behavior ::run [ RunTime:0.000513s ]
INFO: WriteHtmlCache Behavior ::run [ RunTime:0.000434s ]
INFO: ShowRuntime Behavior ::run [ RunTime:0.000477s ]
INFO: [ view_filter ] --END-- [ RunTime:0.002131s ]
INFO: [ view_end ] --START--
INFO: ShowPageTrace Behavior ::run [ RunTime:0.000670s ]
INFO: [ view_end ] --END-- [ RunTime:0.000705s ]

[ 2018-08-25T16:59:56+08:00 ] 127.0.0.1 /obeam/admin.php/Product/add_product.html
INFO: [ route_check ] --START--
INFO: CheckRoute Behavior ::run [ RunTime:0.000760s ]
INFO: [ route_check ] --END-- [ RunTime:0.000812s ]
INFO: [ app_begin ] --START--
INFO: ReadHtmlCache Behavior ::run [ RunTime:0.000573s ]
INFO: [ app_begin ] --END-- [ RunTime:0.000606s ]
SQL: SHOW COLUMNS FROM `admin_product_cate` [ RunTime:0.003843s ]
SQL: SELECT * FROM `admin_product_cate` WHERE ( pid=0 and status=0 )  [ RunTime:0.000402s ]
SQL: SELECT * FROM `admin_product_cate` WHERE ( pid=5 and status=0 )  [ RunTime:0.000206s ]
NOTIC: [2] Invalid argument supplied for foreach() E:\phpstudy\PHPTutorial\WWW\Obeam\Admin\Common\common.php 第 9 行.
SQL: SELECT * FROM `admin_product_cate` WHERE ( pid=4 and status=0 )  [ RunTime:0.000198s ]
NOTIC: [2] Invalid argument supplied for foreach() E:\phpstudy\PHPTutorial\WWW\Obeam\Admin\Common\common.php 第 9 行.
SQL: SELECT * FROM `admin_product_cate` WHERE ( pid=6 and status=0 )  [ RunTime:0.000194s ]
NOTIC: [2] Invalid argument supplied for foreach() E:\phpstudy\PHPTutorial\WWW\Obeam\Admin\Common\common.php 第 9 行.
SQL: SELECT * FROM `admin_product_cate` WHERE ( pid=7 and status=0 )  [ RunTime:0.000188s ]
NOTIC: [2] Invalid argument supplied for foreach() E:\phpstudy\PHPTutorial\WWW\Obeam\Admin\Common\common.php 第 9 行.
INFO: [ view_parse ] --START--
NOTIC: [8] Undefined variable: editor_arr E:\phpstudy\PHPTutorial\WWW\Obeam\Admin\Runtime\Cache\f8a8cab5293a67cc0c2fc7e5b9bedff7.php 第 291 行.
NOTIC: [8] Undefined variable: editor_arr E:\phpstudy\PHPTutorial\WWW\Obeam\Admin\Runtime\Cache\f8a8cab5293a67cc0c2fc7e5b9bedff7.php 第 313 行.
INFO: ParseTemplate Behavior ::run [ RunTime:0.010354s ]
INFO: [ view_parse ] --END-- [ RunTime:0.010392s ]
INFO: [ view_filter ] --START--
INFO: ContentReplace Behavior ::run [ RunTime:0.001121s ]
INFO: TokenBuild Behavior ::run [ RunTime:0.001948s ]
INFO: WriteHtmlCache Behavior ::run [ RunTime:0.000543s ]
INFO: ShowRuntime Behavior ::run [ RunTime:0.000535s ]
INFO: [ view_filter ] --END-- [ RunTime:0.004300s ]
INFO: [ view_end ] --START--
INFO: ShowPageTrace Behavior ::run [ RunTime:0.000795s ]
INFO: [ view_end ] --END-- [ RunTime:0.000845s ]

[ 2018-08-25T17:45:06+08:00 ] 127.0.0.1 /obeam/admin.php/Product/product_cate.html
INFO: [ route_check ] --START--
INFO: CheckRoute Behavior ::run [ RunTime:0.000916s ]
INFO: [ route_check ] --END-- [ RunTime:0.000998s ]
INFO: [ app_begin ] --START--
INFO: ReadHtmlCache Behavior ::run [ RunTime:0.000826s ]
INFO: [ app_begin ] --END-- [ RunTime:0.000889s ]
SQL: SHOW COLUMNS FROM `admin_product_cate` [ RunTime:0.003594s ]
SQL: SELECT * FROM `admin_product_cate` WHERE ( pid=0 and status=0 )  [ RunTime:0.000404s ]
SQL: SELECT * FROM `admin_product_cate` WHERE ( pid=5 and status=0 )  [ RunTime:0.000265s ]
NOTIC: [2] Invalid argument supplied for foreach() E:\phpstudy\PHPTutorial\WWW\Obeam\Admin\Common\common.php 第 9 行.
SQL: SELECT * FROM `admin_product_cate` WHERE ( pid=4 and status=0 )  [ RunTime:0.000231s ]
NOTIC: [2] Invalid argument supplied for foreach() E:\phpstudy\PHPTutorial\WWW\Obeam\Admin\Common\common.php 第 9 行.
SQL: SELECT * FROM `admin_product_cate` WHERE ( pid=6 and status=0 )  [ RunTime:0.000200s ]
NOTIC: [2] Invalid argument supplied for foreach() E:\phpstudy\PHPTutorial\WWW\Obeam\Admin\Common\common.php 第 9 行.
SQL: SELECT * FROM `admin_product_cate` WHERE ( pid=7 and status=0 )  [ RunTime:0.000192s ]
NOTIC: [2] Invalid argument supplied for foreach() E:\phpstudy\PHPTutorial\WWW\Obeam\Admin\Common\common.php 第 9 行.
SQL: SHOW COLUMNS FROM `admin_product_cate` [ RunTime:0.003353s ]
SQL: SELECT * FROM `admin_product_cate` WHERE ( status=0 and pid=0 )  [ RunTime:0.000448s ]
SQL: SHOW COLUMNS FROM `admin_product_cate` [ RunTime:0.003754s ]
SQL: SELECT * FROM `admin_product_cate` WHERE ( status=0 and pid=5 )  [ RunTime:0.000533s ]
NOTIC: [2] Invalid argument supplied for foreach() E:\phpstudy\PHPTutorial\WWW\Obeam\Admin\Common\common.php 第 50 行.
SQL: SHOW COLUMNS FROM `admin_product_cate` [ RunTime:0.003262s ]
SQL: SELECT * FROM `admin_product_cate` WHERE ( status=0 and pid=4 )  [ RunTime:0.000352s ]
NOTIC: [2] Invalid argument supplied for foreach() E:\phpstudy\PHPTutorial\WWW\Obeam\Admin\Common\common.php 第 50 行.
SQL: SHOW COLUMNS FROM `admin_product_cate` [ RunTime:0.003137s ]
SQL: SELECT * FROM `admin_product_cate` WHERE ( status=0 and pid=6 )  [ RunTime:0.000378s ]
NOTIC: [2] Invalid argument supplied for foreach() E:\phpstudy\PHPTutorial\WWW\Obeam\Admin\Common\common.php 第 50 行.
SQL: SHOW COLUMNS FROM `admin_product_cate` [ RunTime:0.003394s ]
SQL: SELECT * FROM `admin_product_cate` WHERE ( status=0 and pid=7 )  [ RunTime:0.000361s ]
NOTIC: [2] Invalid argument supplied for foreach() E:\phpstudy\PHPTutorial\WWW\Obeam\Admin\Common\common.php 第 50 行.
INFO: [ view_parse ] --START--
NOTIC: [8] Undefined variable: pageStr E:\phpstudy\PHPTutorial\WWW\Obeam\Admin\Runtime\Cache\adc59e660fccb938c0916079b49f744f.php 第 302 行.
INFO: ParseTemplate Behavior ::run [ RunTime:0.011262s ]
INFO: [ view_parse ] --END-- [ RunTime:0.011305s ]
INFO: [ view_filter ] --START--
INFO: ContentReplace Behavior ::run [ RunTime:0.000594s ]
INFO: TokenBuild Behavior ::run [ RunTime:0.000507s ]
INFO: WriteHtmlCache Behavior ::run [ RunTime:0.000540s ]
INFO: ShowRuntime Behavior ::run [ RunTime:0.000684s ]
INFO: [ view_filter ] --END-- [ RunTime:0.002444s ]
INFO: [ view_end ] --START--
INFO: ShowPageTrace Behavior ::run [ RunTime:0.000725s ]
INFO: [ view_end ] --END-- [ RunTime:0.000766s ]

[ 2018-08-25T17:45:32+08:00 ] 127.0.0.1 /obeam/admin.php/Product/product_cate_add.html
INFO: [ route_check ] --START--
INFO: CheckRoute Behavior ::run [ RunTime:0.001254s ]
INFO: [ route_check ] --END-- [ RunTime:0.001339s ]
INFO: [ app_begin ] --START--
INFO: ReadHtmlCache Behavior ::run [ RunTime:0.000573s ]
INFO: [ app_begin ] --END-- [ RunTime:0.000607s ]
SQL: SHOW COLUMNS FROM `admin_product_cate` [ RunTime:0.003279s ]
SQL: INSERT INTO `admin_product_cate` (`cate_name`,`pid`,`sort`,`web_title`,`web_desc`,`web_keywords`,`message`,`url_param`) VALUES ('办公空间',5,1,'办公空间','办公空间','办公空间','办公空间','office') [ RunTime:0.001318s ]
INFO: [ view_parse ] --START--
INFO: ParseTemplate Behavior ::run [ RunTime:0.020426s ]
INFO: [ view_parse ] --END-- [ RunTime:0.020476s ]
INFO: [ view_filter ] --START--
INFO: ContentReplace Behavior ::run [ RunTime:0.000491s ]
INFO: TokenBuild Behavior ::run [ RunTime:0.000489s ]
INFO: WriteHtmlCache Behavior ::run [ RunTime:0.000430s ]
INFO: ShowRuntime Behavior ::run [ RunTime:0.000524s ]
INFO: [ view_filter ] --END-- [ RunTime:0.002020s ]
INFO: [ view_end ] --START--
INFO: ShowPageTrace Behavior ::run [ RunTime:0.000633s ]
INFO: [ view_end ] --END-- [ RunTime:0.000665s ]

[ 2018-08-25T17:45:34+08:00 ] 127.0.0.1 /obeam/admin.php/Product/product_cate.html
INFO: [ route_check ] --START--
INFO: CheckRoute Behavior ::run [ RunTime:0.001623s ]
INFO: [ route_check ] --END-- [ RunTime:0.001752s ]
INFO: [ app_begin ] --START--
INFO: ReadHtmlCache Behavior ::run [ RunTime:0.000636s ]
INFO: [ app_begin ] --END-- [ RunTime:0.000675s ]
SQL: SHOW COLUMNS FROM `admin_product_cate` [ RunTime:0.003965s ]
SQL: SELECT * FROM `admin_product_cate` WHERE ( pid=0 and status=0 )  [ RunTime:0.000381s ]
SQL: SELECT * FROM `admin_product_cate` WHERE ( pid=5 and status=0 )  [ RunTime:0.000211s ]
SQL: SELECT * FROM `admin_product_cate` WHERE ( pid=8 and status=0 )  [ RunTime:0.000196s ]
NOTIC: [2] Invalid argument supplied for foreach() E:\phpstudy\PHPTutorial\WWW\Obeam\Admin\Common\common.php 第 9 行.
SQL: SELECT * FROM `admin_product_cate` WHERE ( pid=4 and status=0 )  [ RunTime:0.000193s ]
NOTIC: [2] Invalid argument supplied for foreach() E:\phpstudy\PHPTutorial\WWW\Obeam\Admin\Common\common.php 第 9 行.
SQL: SELECT * FROM `admin_product_cate` WHERE ( pid=6 and status=0 )  [ RunTime:0.000191s ]
NOTIC: [2] Invalid argument supplied for foreach() E:\phpstudy\PHPTutorial\WWW\Obeam\Admin\Common\common.php 第 9 行.
SQL: SELECT * FROM `admin_product_cate` WHERE ( pid=7 and status=0 )  [ RunTime:0.000189s ]
NOTIC: [2] Invalid argument supplied for foreach() E:\phpstudy\PHPTutorial\WWW\Obeam\Admin\Common\common.php 第 9 行.
SQL: SHOW COLUMNS FROM `admin_product_cate` [ RunTime:0.003005s ]
SQL: SELECT * FROM `admin_product_cate` WHERE ( status=0 and pid=0 )  [ RunTime:0.000291s ]
SQL: SHOW COLUMNS FROM `admin_product_cate` [ RunTime:0.002992s ]
SQL: SELECT * FROM `admin_product_cate` WHERE ( status=0 and pid=5 )  [ RunTime:0.000397s ]
SQL: SHOW COLUMNS FROM `admin_product_cate` [ RunTime:0.003044s ]
SQL: SELECT * FROM `admin_product_cate` WHERE ( status=0 and pid=8 )  [ RunTime:0.000308s ]
NOTIC: [2] Invalid argument supplied for foreach() E:\phpstudy\PHPTutorial\WWW\Obeam\Admin\Common\common.php 第 50 行.
SQL: SHOW COLUMNS FROM `admin_product_cate` [ RunTime:0.004173s ]
SQL: SELECT * FROM `admin_product_cate` WHERE ( status=0 and pid=4 )  [ RunTime:0.000373s ]
NOTIC: [2] Invalid argument supplied for foreach() E:\phpstudy\PHPTutorial\WWW\Obeam\Admin\Common\common.php 第 50 行.
SQL: SHOW COLUMNS FROM `admin_product_cate` [ RunTime:0.003099s ]
SQL: SELECT * FROM `admin_product_cate` WHERE ( status=0 and pid=6 )  [ RunTime:0.000394s ]
NOTIC: [2] Invalid argument supplied for foreach() E:\phpstudy\PHPTutorial\WWW\Obeam\Admin\Common\common.php 第 50 行.
SQL: SHOW COLUMNS FROM `admin_product_cate` [ RunTime:0.003292s ]
SQL: SELECT * FROM `admin_product_cate` WHERE ( status=0 and pid=7 )  [ RunTime:0.000559s ]
NOTIC: [2] Invalid argument supplied for foreach() E:\phpstudy\PHPTutorial\WWW\Obeam\Admin\Common\common.php 第 50 行.
INFO: [ view_parse ] --START--
NOTIC: [8] Undefined variable: pageStr E:\phpstudy\PHPTutorial\WWW\Obeam\Admin\Runtime\Cache\adc59e660fccb938c0916079b49f744f.php 第 302 行.
INFO: ParseTemplate Behavior ::run [ RunTime:0.011448s ]
INFO: [ view_parse ] --END-- [ RunTime:0.011488s ]
INFO: [ view_filter ] --START--
INFO: ContentReplace Behavior ::run [ RunTime:0.000564s ]
INFO: TokenBuild Behavior ::run [ RunTime:0.000496s ]
INFO: WriteHtmlCache Behavior ::run [ RunTime:0.000427s ]
INFO: ShowRuntime Behavior ::run [ RunTime:0.000523s ]
INFO: [ view_filter ] --END-- [ RunTime:0.002112s ]
INFO: [ view_end ] --START--
INFO: ShowPageTrace Behavior ::run [ RunTime:0.000771s ]
INFO: [ view_end ] --END-- [ RunTime:0.000816s ]

[ 2018-08-25T17:45:59+08:00 ] 127.0.0.1 /obeam/admin.php/Product/product_cate_add.html
INFO: [ route_check ] --START--
INFO: CheckRoute Behavior ::run [ RunTime:0.000727s ]
INFO: [ route_check ] --END-- [ RunTime:0.000772s ]
INFO: [ app_begin ] --START--
INFO: ReadHtmlCache Behavior ::run [ RunTime:0.000576s ]
INFO: [ app_begin ] --END-- [ RunTime:0.000609s ]
SQL: SHOW COLUMNS FROM `admin_product_cate` [ RunTime:0.003203s ]
SQL: INSERT INTO `admin_product_cate` (`cate_name`,`pid`,`sort`,`web_title`,`web_desc`,`web_keywords`,`message`,`url_param`) VALUES ('餐饮空间',5,2,'餐饮空间','餐饮空间','餐饮空间','餐饮空间','rest') [ RunTime:0.000292s ]
INFO: [ view_parse ] --START--
INFO: ParseTemplate Behavior ::run [ RunTime:0.006285s ]
INFO: [ view_parse ] --END-- [ RunTime:0.006323s ]
INFO: [ view_filter ] --START--
INFO: ContentReplace Behavior ::run [ RunTime:0.000450s ]
INFO: TokenBuild Behavior ::run [ RunTime:0.001188s ]
INFO: WriteHtmlCache Behavior ::run [ RunTime:0.000682s ]
INFO: ShowRuntime Behavior ::run [ RunTime:0.000544s ]
INFO: [ view_filter ] --END-- [ RunTime:0.002996s ]
INFO: [ view_end ] --START--
INFO: ShowPageTrace Behavior ::run [ RunTime:0.000805s ]
INFO: [ view_end ] --END-- [ RunTime:0.000842s ]

[ 2018-08-25T17:46:00+08:00 ] 127.0.0.1 /obeam/admin.php/Product/product_cate.html
INFO: [ route_check ] --START--
INFO: CheckRoute Behavior ::run [ RunTime:0.001691s ]
INFO: [ route_check ] --END-- [ RunTime:0.001814s ]
INFO: [ app_begin ] --START--
INFO: ReadHtmlCache Behavior ::run [ RunTime:0.000602s ]
INFO: [ app_begin ] --END-- [ RunTime:0.000635s ]
SQL: SHOW COLUMNS FROM `admin_product_cate` [ RunTime:0.004464s ]
SQL: SELECT * FROM `admin_product_cate` WHERE ( pid=0 and status=0 )  [ RunTime:0.000406s ]
SQL: SELECT * FROM `admin_product_cate` WHERE ( pid=5 and status=0 )  [ RunTime:0.000216s ]
SQL: SELECT * FROM `admin_product_cate` WHERE ( pid=8 and status=0 )  [ RunTime:0.000197s ]
NOTIC: [2] Invalid argument supplied for foreach() E:\phpstudy\PHPTutorial\WWW\Obeam\Admin\Common\common.php 第 9 行.
SQL: SELECT * FROM `admin_product_cate` WHERE ( pid=9 and status=0 )  [ RunTime:0.000190s ]
NOTIC: [2] Invalid argument supplied for foreach() E:\phpstudy\PHPTutorial\WWW\Obeam\Admin\Common\common.php 第 9 行.
SQL: SELECT * FROM `admin_product_cate` WHERE ( pid=4 and status=0 )  [ RunTime:0.000194s ]
NOTIC: [2] Invalid argument supplied for foreach() E:\phpstudy\PHPTutorial\WWW\Obeam\Admin\Common\common.php 第 9 行.
SQL: SELECT * FROM `admin_product_cate` WHERE ( pid=6 and status=0 )  [ RunTime:0.000189s ]
NOTIC: [2] Invalid argument supplied for foreach() E:\phpstudy\PHPTutorial\WWW\Obeam\Admin\Common\common.php 第 9 行.
SQL: SELECT * FROM `admin_product_cate` WHERE ( pid=7 and status=0 )  [ RunTime:0.000186s ]
NOTIC: [2] Invalid argument supplied for foreach() E:\phpstudy\PHPTutorial\WWW\Obeam\Admin\Common\common.php 第 9 行.
SQL: SHOW COLUMNS FROM `admin_product_cate` [ RunTime:0.003082s ]
SQL: SELECT * FROM `admin_product_cate` WHERE ( status=0 and pid=0 )  [ RunTime:0.000333s ]
SQL: SHOW COLUMNS FROM `admin_product_cate` [ RunTime:0.003085s ]
SQL: SELECT * FROM `admin_product_cate` WHERE ( status=0 and pid=5 )  [ RunTime:0.000407s ]
SQL: SHOW COLUMNS FROM `admin_product_cate` [ RunTime:0.003355s ]
SQL: SELECT * FROM `admin_product_cate` WHERE ( status=0 and pid=8 )  [ RunTime:0.000642s ]
NOTIC: [2] Invalid argument supplied for foreach() E:\phpstudy\PHPTutorial\WWW\Obeam\Admin\Common\common.php 第 50 行.
SQL: SHOW COLUMNS FROM `admin_product_cate` [ RunTime:0.003926s ]
SQL: SELECT * FROM `admin_product_cate` WHERE ( status=0 and pid=9 )  [ RunTime:0.000293s ]
NOTIC: [2] Invalid argument supplied for foreach() E:\phpstudy\PHPTutorial\WWW\Obeam\Admin\Common\common.php 第 50 行.
SQL: SHOW COLUMNS FROM `admin_product_cate` [ RunTime:0.002976s ]
SQL: SELECT * FROM `admin_product_cate` WHERE ( status=0 and pid=4 )  [ RunTime:0.000305s ]
NOTIC: [2] Invalid argument supplied for foreach() E:\phpstudy\PHPTutorial\WWW\Obeam\Admin\Common\common.php 第 50 行.
SQL: SHOW COLUMNS FROM `admin_product_cate` [ RunTime:0.003158s ]
SQL: SELECT * FROM `admin_product_cate` WHERE ( status=0 and pid=6 )  [ RunTime:0.000377s ]
NOTIC: [2] Invalid argument supplied for foreach() E:\phpstudy\PHPTutorial\WWW\Obeam\Admin\Common\common.php 第 50 行.
SQL: SHOW COLUMNS FROM `admin_product_cate` [ RunTime:0.003072s ]
SQL: SELECT * FROM `admin_product_cate` WHERE ( status=0 and pid=7 )  [ RunTime:0.000353s ]
NOTIC: [2] Invalid argument supplied for foreach() E:\phpstudy\PHPTutorial\WWW\Obeam\Admin\Common\common.php 第 50 行.
INFO: [ view_parse ] --START--
NOTIC: [8] Undefined variable: pageStr E:\phpstudy\PHPTutorial\WWW\Obeam\Admin\Runtime\Cache\adc59e660fccb938c0916079b49f744f.php 第 302 行.
INFO: ParseTemplate Behavior ::run [ RunTime:0.010530s ]
INFO: [ view_parse ] --END-- [ RunTime:0.010578s ]
INFO: [ view_filter ] --START--
INFO: ContentReplace Behavior ::run [ RunTime:0.000570s ]
INFO: TokenBuild Behavior ::run [ RunTime:0.000521s ]
INFO: WriteHtmlCache Behavior ::run [ RunTime:0.000429s ]
INFO: ShowRuntime Behavior ::run [ RunTime:0.000525s ]
INFO: [ view_filter ] --END-- [ RunTime:0.002129s ]
INFO: [ view_end ] --START--
INFO: ShowPageTrace Behavior ::run [ RunTime:0.000671s ]
INFO: [ view_end ] --END-- [ RunTime:0.000706s ]

[ 2018-08-25T17:46:25+08:00 ] 127.0.0.1 /obeam/admin.php/Product/product_cate_add.html
INFO: [ route_check ] --START--
INFO: CheckRoute Behavior ::run [ RunTime:0.000716s ]
INFO: [ route_check ] --END-- [ RunTime:0.000759s ]
INFO: [ app_begin ] --START--
INFO: ReadHtmlCache Behavior ::run [ RunTime:0.000585s ]
INFO: [ app_begin ] --END-- [ RunTime:0.000618s ]
SQL: SHOW COLUMNS FROM `admin_product_cate` [ RunTime:0.003419s ]
SQL: INSERT INTO `admin_product_cate` (`cate_name`,`pid`,`sort`,`web_title`,`web_desc`,`web_keywords`,`message`,`url_param`) VALUES ('店铺空间',5,3,'店铺空间','店铺空间','店铺空间','店铺空间','store') [ RunTime:0.000740s ]
INFO: [ view_parse ] --START--
INFO: ParseTemplate Behavior ::run [ RunTime:0.013464s ]
INFO: [ view_parse ] --END-- [ RunTime:0.013508s ]
INFO: [ view_filter ] --START--
INFO: ContentReplace Behavior ::run [ RunTime:0.000511s ]
INFO: TokenBuild Behavior ::run [ RunTime:0.000501s ]
INFO: WriteHtmlCache Behavior ::run [ RunTime:0.000506s ]
INFO: ShowRuntime Behavior ::run [ RunTime:0.000545s ]
INFO: [ view_filter ] --END-- [ RunTime:0.002154s ]
INFO: [ view_end ] --START--
INFO: ShowPageTrace Behavior ::run [ RunTime:0.000627s ]
INFO: [ view_end ] --END-- [ RunTime:0.000656s ]

[ 2018-08-25T17:46:26+08:00 ] 127.0.0.1 /obeam/admin.php/Product/product_cate.html
INFO: [ route_check ] --START--
INFO: CheckRoute Behavior ::run [ RunTime:0.000784s ]
INFO: [ route_check ] --END-- [ RunTime:0.000831s ]
INFO: [ app_begin ] --START--
INFO: ReadHtmlCache Behavior ::run [ RunTime:0.000634s ]
INFO: [ app_begin ] --END-- [ RunTime:0.000670s ]
SQL: SHOW COLUMNS FROM `admin_product_cate` [ RunTime:0.003381s ]
SQL: SELECT * FROM `admin_product_cate` WHERE ( pid=0 and status=0 )  [ RunTime:0.000484s ]
SQL: SELECT * FROM `admin_product_cate` WHERE ( pid=5 and status=0 )  [ RunTime:0.000252s ]
SQL: SELECT * FROM `admin_product_cate` WHERE ( pid=8 and status=0 )  [ RunTime:0.000228s ]
NOTIC: [2] Invalid argument supplied for foreach() E:\phpstudy\PHPTutorial\WWW\Obeam\Admin\Common\common.php 第 9 行.
SQL: SELECT * FROM `admin_product_cate` WHERE ( pid=9 and status=0 )  [ RunTime:0.000226s ]
NOTIC: [2] Invalid argument supplied for foreach() E:\phpstudy\PHPTutorial\WWW\Obeam\Admin\Common\common.php 第 9 行.
SQL: SELECT * FROM `admin_product_cate` WHERE ( pid=10 and status=0 )  [ RunTime:0.000199s ]
NOTIC: [2] Invalid argument supplied for foreach() E:\phpstudy\PHPTutorial\WWW\Obeam\Admin\Common\common.php 第 9 行.
SQL: SELECT * FROM `admin_product_cate` WHERE ( pid=4 and status=0 )  [ RunTime:0.000208s ]
NOTIC: [2] Invalid argument supplied for foreach() E:\phpstudy\PHPTutorial\WWW\Obeam\Admin\Common\common.php 第 9 行.
SQL: SELECT * FROM `admin_product_cate` WHERE ( pid=6 and status=0 )  [ RunTime:0.000194s ]
NOTIC: [2] Invalid argument supplied for foreach() E:\phpstudy\PHPTutorial\WWW\Obeam\Admin\Common\common.php 第 9 行.
SQL: SELECT * FROM `admin_product_cate` WHERE ( pid=7 and status=0 )  [ RunTime:0.000192s ]
NOTIC: [2] Invalid argument supplied for foreach() E:\phpstudy\PHPTutorial\WWW\Obeam\Admin\Common\common.php 第 9 行.
SQL: SHOW COLUMNS FROM `admin_product_cate` [ RunTime:0.003355s ]
SQL: SELECT * FROM `admin_product_cate` WHERE ( status=0 and pid=0 )  [ RunTime:0.000428s ]
SQL: SHOW COLUMNS FROM `admin_product_cate` [ RunTime:0.004570s ]
SQL: SELECT * FROM `admin_product_cate` WHERE ( status=0 and pid=5 )  [ RunTime:0.000382s ]
SQL: SHOW COLUMNS FROM `admin_product_cate` [ RunTime:0.002970s ]
SQL: SELECT * FROM `admin_product_cate` WHERE ( status=0 and pid=8 )  [ RunTime:0.000288s ]
NOTIC: [2] Invalid argument supplied for foreach() E:\phpstudy\PHPTutorial\WWW\Obeam\Admin\Common\common.php 第 50 行.
SQL: SHOW COLUMNS FROM `admin_product_cate` [ RunTime:0.003063s ]
SQL: SELECT * FROM `admin_product_cate` WHERE ( status=0 and pid=9 )  [ RunTime:0.000420s ]
NOTIC: [2] Invalid argument supplied for foreach() E:\phpstudy\PHPTutorial\WWW\Obeam\Admin\Common\common.php 第 50 行.
SQL: SHOW COLUMNS FROM `admin_product_cate` [ RunTime:0.003331s ]
SQL: SELECT * FROM `admin_product_cate` WHERE ( status=0 and pid=10 )  [ RunTime:0.000363s ]
NOTIC: [2] Invalid argument supplied for foreach() E:\phpstudy\PHPTutorial\WWW\Obeam\Admin\Common\common.php 第 50 行.
SQL: SHOW COLUMNS FROM `admin_product_cate` [ RunTime:0.003414s ]
SQL: SELECT * FROM `admin_product_cate` WHERE ( status=0 and pid=4 )  [ RunTime:0.000587s ]
NOTIC: [2] Invalid argument supplied for foreach() E:\phpstudy\PHPTutorial\WWW\Obeam\Admin\Common\common.php 第 50 行.
SQL: SHOW COLUMNS FROM `admin_product_cate` [ RunTime:0.003233s ]
SQL: SELECT * FROM `admin_product_cate` WHERE ( status=0 and pid=6 )  [ RunTime:0.000351s ]
NOTIC: [2] Invalid argument supplied for foreach() E:\phpstudy\PHPTutorial\WWW\Obeam\Admin\Common\common.php 第 50 行.
SQL: SHOW COLUMNS FROM `admin_product_cate` [ RunTime:0.003162s ]
SQL: SELECT * FROM `admin_product_cate` WHERE ( status=0 and pid=7 )  [ RunTime:0.000334s ]
NOTIC: [2] Invalid argument supplied for foreach() E:\phpstudy\PHPTutorial\WWW\Obeam\Admin\Common\common.php 第 50 行.
INFO: [ view_parse ] --START--
NOTIC: [8] Undefined variable: pageStr E:\phpstudy\PHPTutorial\WWW\Obeam\Admin\Runtime\Cache\adc59e660fccb938c0916079b49f744f.php 第 302 行.
INFO: ParseTemplate Behavior ::run [ RunTime:0.010639s ]
INFO: [ view_parse ] --END-- [ RunTime:0.010675s ]
INFO: [ view_filter ] --START--
INFO: ContentReplace Behavior ::run [ RunTime:0.000573s ]
INFO: TokenBuild Behavior ::run [ RunTime:0.000499s ]
INFO: WriteHtmlCache Behavior ::run [ RunTime:0.000432s ]
INFO: ShowRuntime Behavior ::run [ RunTime:0.000529s ]
INFO: [ view_filter ] --END-- [ RunTime:0.002116s ]
INFO: [ view_end ] --START--
INFO: ShowPageTrace Behavior ::run [ RunTime:0.000690s ]
INFO: [ view_end ] --END-- [ RunTime:0.000729s ]

[ 2018-08-25T17:46:45+08:00 ] 127.0.0.1 /obeam/admin.php/Product/product_cate_add.html
INFO: [ route_check ] --START--
INFO: CheckRoute Behavior ::run [ RunTime:0.000765s ]
INFO: [ route_check ] --END-- [ RunTime:0.000812s ]
INFO: [ app_begin ] --START--
INFO: ReadHtmlCache Behavior ::run [ RunTime:0.000589s ]
INFO: [ app_begin ] --END-- [ RunTime:0.000623s ]
SQL: SHOW COLUMNS FROM `admin_product_cate` [ RunTime:0.004702s ]
SQL: INSERT INTO `admin_product_cate` (`cate_name`,`pid`,`sort`,`web_title`,`web_desc`,`web_keywords`,`message`,`url_param`) VALUES ('商业空间',5,4,'商业空间','商业空间','商业空间','商业空间','business') [ RunTime:0.001020s ]
INFO: [ view_parse ] --START--
INFO: ParseTemplate Behavior ::run [ RunTime:0.026263s ]
INFO: [ view_parse ] --END-- [ RunTime:0.026309s ]
INFO: [ view_filter ] --START--
INFO: ContentReplace Behavior ::run [ RunTime:0.000535s ]
INFO: TokenBuild Behavior ::run [ RunTime:0.001000s ]
INFO: WriteHtmlCache Behavior ::run [ RunTime:0.001257s ]
INFO: ShowRuntime Behavior ::run [ RunTime:0.000582s ]
INFO: [ view_filter ] --END-- [ RunTime:0.003548s ]
INFO: [ view_end ] --START--
INFO: ShowPageTrace Behavior ::run [ RunTime:0.000643s ]
INFO: [ view_end ] --END-- [ RunTime:0.000677s ]

[ 2018-08-25T17:46:47+08:00 ] 127.0.0.1 /obeam/admin.php/Product/product_cate.html
INFO: [ route_check ] --START--
INFO: CheckRoute Behavior ::run [ RunTime:0.000726s ]
INFO: [ route_check ] --END-- [ RunTime:0.000771s ]
INFO: [ app_begin ] --START--
INFO: ReadHtmlCache Behavior ::run [ RunTime:0.000574s ]
INFO: [ app_begin ] --END-- [ RunTime:0.000607s ]
SQL: SHOW COLUMNS FROM `admin_product_cate` [ RunTime:0.004344s ]
SQL: SELECT * FROM `admin_product_cate` WHERE ( pid=0 and status=0 )  [ RunTime:0.000690s ]
SQL: SELECT * FROM `admin_product_cate` WHERE ( pid=5 and status=0 )  [ RunTime:0.000217s ]
SQL: SELECT * FROM `admin_product_cate` WHERE ( pid=8 and status=0 )  [ RunTime:0.000213s ]
NOTIC: [2] Invalid argument supplied for foreach() E:\phpstudy\PHPTutorial\WWW\Obeam\Admin\Common\common.php 第 9 行.
SQL: SELECT * FROM `admin_product_cate` WHERE ( pid=9 and status=0 )  [ RunTime:0.000192s ]
NOTIC: [2] Invalid argument supplied for foreach() E:\phpstudy\PHPTutorial\WWW\Obeam\Admin\Common\common.php 第 9 行.
SQL: SELECT * FROM `admin_product_cate` WHERE ( pid=10 and status=0 )  [ RunTime:0.000193s ]
NOTIC: [2] Invalid argument supplied for foreach() E:\phpstudy\PHPTutorial\WWW\Obeam\Admin\Common\common.php 第 9 行.
SQL: SELECT * FROM `admin_product_cate` WHERE ( pid=11 and status=0 )  [ RunTime:0.000191s ]
NOTIC: [2] Invalid argument supplied for foreach() E:\phpstudy\PHPTutorial\WWW\Obeam\Admin\Common\common.php 第 9 行.
SQL: SELECT * FROM `admin_product_cate` WHERE ( pid=4 and status=0 )  [ RunTime:0.000190s ]
NOTIC: [2] Invalid argument supplied for foreach() E:\phpstudy\PHPTutorial\WWW\Obeam\Admin\Common\common.php 第 9 行.
SQL: SELECT * FROM `admin_product_cate` WHERE ( pid=6 and status=0 )  [ RunTime:0.000189s ]
NOTIC: [2] Invalid argument supplied for foreach() E:\phpstudy\PHPTutorial\WWW\Obeam\Admin\Common\common.php 第 9 行.
SQL: SELECT * FROM `admin_product_cate` WHERE ( pid=7 and status=0 )  [ RunTime:0.000192s ]
NOTIC: [2] Invalid argument supplied for foreach() E:\phpstudy\PHPTutorial\WWW\Obeam\Admin\Common\common.php 第 9 行.
SQL: SHOW COLUMNS FROM `admin_product_cate` [ RunTime:0.003070s ]
SQL: SELECT * FROM `admin_product_cate` WHERE ( status=0 and pid=0 )  [ RunTime:0.000293s ]
SQL: SHOW COLUMNS FROM `admin_product_cate` [ RunTime:0.003121s ]
SQL: SELECT * FROM `admin_product_cate` WHERE ( status=0 and pid=5 )  [ RunTime:0.000326s ]
SQL: SHOW COLUMNS FROM `admin_product_cate` [ RunTime:0.003731s ]
SQL: SELECT * FROM `admin_product_cate` WHERE ( status=0 and pid=8 )  [ RunTime:0.000353s ]
NOTIC: [2] Invalid argument supplied for foreach() E:\phpstudy\PHPTutorial\WWW\Obeam\Admin\Common\common.php 第 50 行.
SQL: SHOW COLUMNS FROM `admin_product_cate` [ RunTime:0.002944s ]
SQL: SELECT * FROM `admin_product_cate` WHERE ( status=0 and pid=9 )  [ RunTime:0.000270s ]
NOTIC: [2] Invalid argument supplied for foreach() E:\phpstudy\PHPTutorial\WWW\Obeam\Admin\Common\common.php 第 50 行.
SQL: SHOW COLUMNS FROM `admin_product_cate` [ RunTime:0.002873s ]
SQL: SELECT * FROM `admin_product_cate` WHERE ( status=0 and pid=10 )  [ RunTime:0.000261s ]
NOTIC: [2] Invalid argument supplied for foreach() E:\phpstudy\PHPTutorial\WWW\Obeam\Admin\Common\common.php 第 50 行.
SQL: SHOW COLUMNS FROM `admin_product_cate` [ RunTime:0.002970s ]
SQL: SELECT * FROM `admin_product_cate` WHERE ( status=0 and pid=11 )  [ RunTime:0.000297s ]
NOTIC: [2] Invalid argument supplied for foreach() E:\phpstudy\PHPTutorial\WWW\Obeam\Admin\Common\common.php 第 50 行.
SQL: SHOW COLUMNS FROM `admin_product_cate` [ RunTime:0.003126s ]
SQL: SELECT * FROM `admin_product_cate` WHERE ( status=0 and pid=4 )  [ RunTime:0.000646s ]
NOTIC: [2] Invalid argument supplied for foreach() E:\phpstudy\PHPTutorial\WWW\Obeam\Admin\Common\common.php 第 50 行.
SQL: SHOW COLUMNS FROM `admin_product_cate` [ RunTime:0.003391s ]
SQL: SELECT * FROM `admin_product_cate` WHERE ( status=0 and pid=6 )  [ RunTime:0.000351s ]
NOTIC: [2] Invalid argument supplied for foreach() E:\phpstudy\PHPTutorial\WWW\Obeam\Admin\Common\common.php 第 50 行.
SQL: SHOW COLUMNS FROM `admin_product_cate` [ RunTime:0.002924s ]
SQL: SELECT * FROM `admin_product_cate` WHERE ( status=0 and pid=7 )  [ RunTime:0.000267s ]
NOTIC: [2] Invalid argument supplied for foreach() E:\phpstudy\PHPTutorial\WWW\Obeam\Admin\Common\common.php 第 50 行.
INFO: [ view_parse ] --START--
NOTIC: [8] Undefined variable: pageStr E:\phpstudy\PHPTutorial\WWW\Obeam\Admin\Runtime\Cache\adc59e660fccb938c0916079b49f744f.php 第 302 行.
INFO: ParseTemplate Behavior ::run [ RunTime:0.010848s ]
INFO: [ view_parse ] --END-- [ RunTime:0.010885s ]
INFO: [ view_filter ] --START--
INFO: ContentReplace Behavior ::run [ RunTime:0.000521s ]
INFO: TokenBuild Behavior ::run [ RunTime:0.000496s ]
INFO: WriteHtmlCache Behavior ::run [ RunTime:0.000428s ]
INFO: ShowRuntime Behavior ::run [ RunTime:0.000521s ]
INFO: [ view_filter ] --END-- [ RunTime:0.002047s ]
INFO: [ view_end ] --START--
INFO: ShowPageTrace Behavior ::run [ RunTime:0.000655s ]
INFO: [ view_end ] --END-- [ RunTime:0.000692s ]

