[ 2018-08-22T13:54:42+08:00 ] 127.0.0.1 /Obeam/admin.php
INFO: [ app_begin ] --START--
INFO: ReadHtmlCache Behavior ::run [ RunTime:0.001850s ]
INFO: [ app_begin ] --END-- [ RunTime:0.001901s ]
NOTIC: [8] Undefined index:  userid E:\phpstudy\PHPTutorial\WWW\Obeam\Admin\Lib\Action\BaseAction.class.php 第 4 行.

[ 2018-08-22T13:54:43+08:00 ] 127.0.0.1 /Obeam/admin.php/Login/login.html
INFO: [ route_check ] --START--
INFO: CheckRoute Behavior ::run [ RunTime:0.002054s ]
INFO: [ route_check ] --END-- [ RunTime:0.002106s ]
INFO: [ app_begin ] --START--
INFO: ReadHtmlCache Behavior ::run [ RunTime:0.002248s ]
INFO: [ app_begin ] --END-- [ RunTime:0.002299s ]
INFO: [ view_parse ] --START--
INFO: ParseTemplate Behavior ::run [ RunTime:0.013323s ]
INFO: [ view_parse ] --END-- [ RunTime:0.013376s ]
INFO: [ view_filter ] --START--
INFO: ContentReplace Behavior ::run [ RunTime:0.001742s ]
INFO: TokenBuild Behavior ::run [ RunTime:0.001976s ]
INFO: WriteHtmlCache Behavior ::run [ RunTime:0.001681s ]
INFO: ShowRuntime Behavior ::run [ RunTime:0.001766s ]
INFO: [ view_filter ] --END-- [ RunTime:0.007276s ]
INFO: [ view_end ] --START--
INFO: ShowPageTrace Behavior ::run [ RunTime:0.001904s ]
INFO: [ view_end ] --END-- [ RunTime:0.001942s ]

[ 2018-08-22T13:54:47+08:00 ] 127.0.0.1 /Obeam/admin.php/Login/check.html
INFO: [ route_check ] --START--
INFO: CheckRoute Behavior ::run [ RunTime:0.002126s ]
INFO: [ route_check ] --END-- [ RunTime:0.002183s ]
INFO: [ app_begin ] --START--
INFO: ReadHtmlCache Behavior ::run [ RunTime:0.001874s ]
INFO: [ app_begin ] --END-- [ RunTime:0.001920s ]
SQL: SHOW COLUMNS FROM `admin_user` [ RunTime:0.003011s ]
SQL: SELECT * FROM `admin_user` WHERE ( name='admin' and password='456789' ) LIMIT 1   [ RunTime:0.000759s ]

[ 2018-08-22T13:54:47+08:00 ] 127.0.0.1 /Obeam/admin.php/Index/index.html
INFO: [ route_check ] --START--
INFO: CheckRoute Behavior ::run [ RunTime:0.002069s ]
INFO: [ route_check ] --END-- [ RunTime:0.002125s ]
INFO: [ app_begin ] --START--
INFO: ReadHtmlCache Behavior ::run [ RunTime:0.001823s ]
INFO: [ app_begin ] --END-- [ RunTime:0.001864s ]
INFO: [ view_parse ] --START--
INFO: ParseTemplate Behavior ::run [ RunTime:0.021655s ]
INFO: [ view_parse ] --END-- [ RunTime:0.021710s ]
INFO: [ view_filter ] --START--
INFO: ContentReplace Behavior ::run [ RunTime:0.002022s ]
INFO: TokenBuild Behavior ::run [ RunTime:0.001875s ]
INFO: WriteHtmlCache Behavior ::run [ RunTime:0.001783s ]
INFO: ShowRuntime Behavior ::run [ RunTime:0.001899s ]
INFO: [ view_filter ] --END-- [ RunTime:0.007692s ]
INFO: [ view_end ] --START--
INFO: ShowPageTrace Behavior ::run [ RunTime:0.002858s ]
INFO: [ view_end ] --END-- [ RunTime:0.002906s ]

[ 2018-08-22T13:54:59+08:00 ] 127.0.0.1 /Obeam/admin.php/Product/add_product.html
INFO: [ route_check ] --START--
INFO: CheckRoute Behavior ::run [ RunTime:0.002640s ]
INFO: [ route_check ] --END-- [ RunTime:0.002704s ]
INFO: [ app_begin ] --START--
INFO: ReadHtmlCache Behavior ::run [ RunTime:0.001827s ]
INFO: [ app_begin ] --END-- [ RunTime:0.001869s ]
SQL: SHOW COLUMNS FROM `admin_product_cate` [ RunTime:0.003006s ]
SQL: SELECT * FROM `admin_product_cate` WHERE ( pid=0 and status=0 )  [ RunTime:0.001018s ]
SQL: SELECT * FROM `admin_product_cate` WHERE ( pid=1 and status=0 )  [ RunTime:0.000115s ]
NOTIC: [2] Invalid argument supplied for foreach() E:\phpstudy\PHPTutorial\WWW\Obeam\Admin\Common\common.php 第 9 行.
SQL: SELECT * FROM `admin_product_cate` WHERE ( pid=2 and status=0 )  [ RunTime:0.000142s ]
NOTIC: [2] Invalid argument supplied for foreach() E:\phpstudy\PHPTutorial\WWW\Obeam\Admin\Common\common.php 第 9 行.
SQL: SELECT * FROM `admin_product_cate` WHERE ( pid=3 and status=0 )  [ RunTime:0.000132s ]
NOTIC: [2] Invalid argument supplied for foreach() E:\phpstudy\PHPTutorial\WWW\Obeam\Admin\Common\common.php 第 9 行.
INFO: [ view_parse ] --START--
NOTIC: [8] Undefined variable: editor_arr E:\phpstudy\PHPTutorial\WWW\Obeam\Admin\Runtime\Cache\f8a8cab5293a67cc0c2fc7e5b9bedff7.php 第 292 行.
NOTIC: [8] Undefined variable: editor_arr E:\phpstudy\PHPTutorial\WWW\Obeam\Admin\Runtime\Cache\f8a8cab5293a67cc0c2fc7e5b9bedff7.php 第 314 行.
INFO: ParseTemplate Behavior ::run [ RunTime:0.018856s ]
INFO: [ view_parse ] --END-- [ RunTime:0.018904s ]
INFO: [ view_filter ] --START--
INFO: ContentReplace Behavior ::run [ RunTime:0.001795s ]
INFO: TokenBuild Behavior ::run [ RunTime:0.001731s ]
INFO: WriteHtmlCache Behavior ::run [ RunTime:0.001671s ]
INFO: ShowRuntime Behavior ::run [ RunTime:0.001880s ]
INFO: [ view_filter ] --END-- [ RunTime:0.007190s ]
INFO: [ view_end ] --START--
INFO: ShowPageTrace Behavior ::run [ RunTime:0.003153s ]
INFO: [ view_end ] --END-- [ RunTime:0.003210s ]

[ 2018-08-22T14:02:48+08:00 ] 127.0.0.1 /Obeam/admin.php/Product/add_product.html
INFO: [ route_check ] --START--
INFO: CheckRoute Behavior ::run [ RunTime:0.002046s ]
INFO: [ route_check ] --END-- [ RunTime:0.002106s ]
INFO: [ app_begin ] --START--
INFO: ReadHtmlCache Behavior ::run [ RunTime:0.001830s ]
INFO: [ app_begin ] --END-- [ RunTime:0.001869s ]
SQL: SHOW COLUMNS FROM `admin_product_cate` [ RunTime:0.003216s ]
SQL: SELECT * FROM `admin_product_cate` WHERE ( pid=0 and status=0 )  [ RunTime:0.000165s ]
SQL: SELECT * FROM `admin_product_cate` WHERE ( pid=1 and status=0 )  [ RunTime:0.000106s ]
NOTIC: [2] Invalid argument supplied for foreach() E:\phpstudy\PHPTutorial\WWW\Obeam\Admin\Common\common.php 第 9 行.
SQL: SELECT * FROM `admin_product_cate` WHERE ( pid=2 and status=0 )  [ RunTime:0.000098s ]
NOTIC: [2] Invalid argument supplied for foreach() E:\phpstudy\PHPTutorial\WWW\Obeam\Admin\Common\common.php 第 9 行.
SQL: SELECT * FROM `admin_product_cate` WHERE ( pid=3 and status=0 )  [ RunTime:0.000091s ]
NOTIC: [2] Invalid argument supplied for foreach() E:\phpstudy\PHPTutorial\WWW\Obeam\Admin\Common\common.php 第 9 行.
INFO: [ view_parse ] --START--
NOTIC: [8] Undefined variable: editor_arr E:\phpstudy\PHPTutorial\WWW\Obeam\Admin\Runtime\Cache\f8a8cab5293a67cc0c2fc7e5b9bedff7.php 第 292 行.
NOTIC: [8] Undefined variable: editor_arr E:\phpstudy\PHPTutorial\WWW\Obeam\Admin\Runtime\Cache\f8a8cab5293a67cc0c2fc7e5b9bedff7.php 第 314 行.
INFO: ParseTemplate Behavior ::run [ RunTime:0.019891s ]
INFO: [ view_parse ] --END-- [ RunTime:0.019938s ]
INFO: [ view_filter ] --START--
INFO: ContentReplace Behavior ::run [ RunTime:0.001895s ]
INFO: TokenBuild Behavior ::run [ RunTime:0.001726s ]
INFO: WriteHtmlCache Behavior ::run [ RunTime:0.001652s ]
INFO: ShowRuntime Behavior ::run [ RunTime:0.001770s ]
INFO: [ view_filter ] --END-- [ RunTime:0.007150s ]
INFO: [ view_end ] --START--
INFO: ShowPageTrace Behavior ::run [ RunTime:0.002234s ]
INFO: [ view_end ] --END-- [ RunTime:0.002288s ]

[ 2018-08-22T14:13:27+08:00 ] 127.0.0.1 /Obeam/admin.php/Product/add_product.html
INFO: [ route_check ] --START--
INFO: CheckRoute Behavior ::run [ RunTime:0.002277s ]
INFO: [ route_check ] --END-- [ RunTime:0.002335s ]
INFO: [ app_begin ] --START--
INFO: ReadHtmlCache Behavior ::run [ RunTime:0.001866s ]
INFO: [ app_begin ] --END-- [ RunTime:0.001907s ]
SQL: SHOW COLUMNS FROM `admin_product_cate` [ RunTime:0.003750s ]
SQL: SELECT * FROM `admin_product_cate` WHERE ( pid=0 and status=0 )  [ RunTime:0.000275s ]
SQL: SELECT * FROM `admin_product_cate` WHERE ( pid=1 and status=0 )  [ RunTime:0.000349s ]
NOTIC: [2] Invalid argument supplied for foreach() E:\phpstudy\PHPTutorial\WWW\Obeam\Admin\Common\common.php 第 9 行.
SQL: SELECT * FROM `admin_product_cate` WHERE ( pid=2 and status=0 )  [ RunTime:0.000272s ]
NOTIC: [2] Invalid argument supplied for foreach() E:\phpstudy\PHPTutorial\WWW\Obeam\Admin\Common\common.php 第 9 行.
SQL: SELECT * FROM `admin_product_cate` WHERE ( pid=3 and status=0 )  [ RunTime:0.000112s ]
NOTIC: [2] Invalid argument supplied for foreach() E:\phpstudy\PHPTutorial\WWW\Obeam\Admin\Common\common.php 第 9 行.
INFO: [ view_parse ] --START--
NOTIC: [8] Undefined variable: editor_arr E:\phpstudy\PHPTutorial\WWW\Obeam\Admin\Runtime\Cache\f8a8cab5293a67cc0c2fc7e5b9bedff7.php 第 292 行.
NOTIC: [8] Undefined variable: editor_arr E:\phpstudy\PHPTutorial\WWW\Obeam\Admin\Runtime\Cache\f8a8cab5293a67cc0c2fc7e5b9bedff7.php 第 314 行.
INFO: ParseTemplate Behavior ::run [ RunTime:0.019985s ]
INFO: [ view_parse ] --END-- [ RunTime:0.020032s ]
INFO: [ view_filter ] --START--
INFO: ContentReplace Behavior ::run [ RunTime:0.001919s ]
INFO: TokenBuild Behavior ::run [ RunTime:0.001735s ]
INFO: WriteHtmlCache Behavior ::run [ RunTime:0.002827s ]
INFO: ShowRuntime Behavior ::run [ RunTime:0.001928s ]
INFO: [ view_filter ] --END-- [ RunTime:0.008529s ]
INFO: [ view_end ] --START--
INFO: ShowPageTrace Behavior ::run [ RunTime:0.002598s ]
INFO: [ view_end ] --END-- [ RunTime:0.002650s ]

