[ 2018-06-23T15:19:53+08:00 ] 127.0.0.1 /admin.php
INFO: [ app_begin ] --START--
INFO: ReadHtmlCache Behavior ::run [ RunTime:0.006000s ]
INFO: [ app_begin ] --END-- [ RunTime:0.006000s ]
NOTIC: [8] Undefined index: userid D:\UPUPW_AP5.4\vhosts\www.beam.com\Admin\Lib\Action\BaseAction.class.php 第 4 行.

[ 2018-06-23T15:19:54+08:00 ] 127.0.0.1 /admin.php/Login/login.html
INFO: [ route_check ] --START--
INFO: CheckRoute Behavior ::run [ RunTime:0.007000s ]
INFO: [ route_check ] --END-- [ RunTime:0.007000s ]
INFO: [ app_begin ] --START--
INFO: ReadHtmlCache Behavior ::run [ RunTime:0.007000s ]
INFO: [ app_begin ] --END-- [ RunTime:0.007000s ]
INFO: [ view_parse ] --START--
INFO: ParseTemplate Behavior ::run [ RunTime:0.059003s ]
INFO: [ view_parse ] --END-- [ RunTime:0.060003s ]
INFO: [ view_filter ] --START--
INFO: ContentReplace Behavior ::run [ RunTime:0.007001s ]
INFO: TokenBuild Behavior ::run [ RunTime:0.007000s ]
INFO: WriteHtmlCache Behavior ::run [ RunTime:0.007000s ]
INFO: ShowRuntime Behavior ::run [ RunTime:0.007001s ]
INFO: [ view_filter ] --END-- [ RunTime:0.028002s ]
INFO: [ view_end ] --START--
INFO: ShowPageTrace Behavior ::run [ RunTime:0.009000s ]
INFO: [ view_end ] --END-- [ RunTime:0.009000s ]

[ 2018-06-23T15:20:00+08:00 ] 127.0.0.1 /admin.php/Login/check.html
INFO: [ route_check ] --START--
INFO: CheckRoute Behavior ::run [ RunTime:0.007000s ]
INFO: [ route_check ] --END-- [ RunTime:0.007000s ]
INFO: [ app_begin ] --START--
INFO: ReadHtmlCache Behavior ::run [ RunTime:0.009000s ]
INFO: [ app_begin ] --END-- [ RunTime:0.009000s ]
SQL: SHOW COLUMNS FROM `admin_user` [ RunTime:0.239013s ]
SQL: SELECT * FROM `admin_user` WHERE ( name='admin' and password='456789' ) LIMIT 1   [ RunTime:0.024002s ]

[ 2018-06-23T15:20:00+08:00 ] 127.0.0.1 /admin.php/Index/index.html
INFO: [ route_check ] --START--
INFO: CheckRoute Behavior ::run [ RunTime:0.006000s ]
INFO: [ route_check ] --END-- [ RunTime:0.006000s ]
INFO: [ app_begin ] --START--
INFO: ReadHtmlCache Behavior ::run [ RunTime:0.007001s ]
INFO: [ app_begin ] --END-- [ RunTime:0.007001s ]
INFO: [ view_parse ] --START--
INFO: ParseTemplate Behavior ::run [ RunTime:0.100005s ]
INFO: [ view_parse ] --END-- [ RunTime:0.100005s ]
INFO: [ view_filter ] --START--
INFO: ContentReplace Behavior ::run [ RunTime:0.009001s ]
INFO: TokenBuild Behavior ::run [ RunTime:0.009000s ]
INFO: WriteHtmlCache Behavior ::run [ RunTime:0.009001s ]
INFO: ShowRuntime Behavior ::run [ RunTime:0.009000s ]
INFO: [ view_filter ] --END-- [ RunTime:0.036002s ]
INFO: [ view_end ] --START--
INFO: ShowPageTrace Behavior ::run [ RunTime:0.009001s ]
INFO: [ view_end ] --END-- [ RunTime:0.009001s ]

[ 2018-06-23T15:20:09+08:00 ] 127.0.0.1 /admin.php/News/newssub.html
INFO: [ route_check ] --START--
INFO: CheckRoute Behavior ::run [ RunTime:0.012001s ]
INFO: [ route_check ] --END-- [ RunTime:0.012001s ]
INFO: [ app_begin ] --START--
INFO: ReadHtmlCache Behavior ::run [ RunTime:0.013001s ]
INFO: [ app_begin ] --END-- [ RunTime:0.013001s ]
SQL: SHOW COLUMNS FROM `admin_subject` [ RunTime:0.008000s ]
SQL: SELECT * FROM `admin_subject` ORDER BY rank ASC  [ RunTime:0.001000s ]
INFO: [ view_parse ] --START--
NOTIC: [8] Undefined variable: pageStr D:\UPUPW_AP5.4\vhosts\www.beam.com\Admin\Runtime\Cache\b5d388df355014599c798274d2d1c986.php 第 296 行.
INFO: ParseTemplate Behavior ::run [ RunTime:0.125007s ]
INFO: [ view_parse ] --END-- [ RunTime:0.127008s ]
INFO: [ view_filter ] --START--
INFO: ContentReplace Behavior ::run [ RunTime:0.013000s ]
INFO: TokenBuild Behavior ::run [ RunTime:0.009001s ]
INFO: WriteHtmlCache Behavior ::run [ RunTime:0.010001s ]
INFO: ShowRuntime Behavior ::run [ RunTime:0.012000s ]
INFO: [ view_filter ] --END-- [ RunTime:0.045002s ]
INFO: [ view_end ] --START--
INFO: ShowPageTrace Behavior ::run [ RunTime:0.013001s ]
INFO: [ view_end ] --END-- [ RunTime:0.013001s ]

[ 2018-06-23T15:22:04+08:00 ] 127.0.0.1 /admin.php/Message/message_check.html
INFO: [ route_check ] --START--
INFO: CheckRoute Behavior ::run [ RunTime:0.009000s ]
INFO: [ route_check ] --END-- [ RunTime:0.009000s ]
INFO: [ app_begin ] --START--
INFO: ReadHtmlCache Behavior ::run [ RunTime:0.008000s ]
INFO: [ app_begin ] --END-- [ RunTime:0.008000s ]
SQL: SHOW COLUMNS FROM `admin_message` [ RunTime:0.018001s ]
SQL: SELECT COUNT(*) AS tp_count FROM `admin_message` LIMIT 1   [ RunTime:0.029002s ]
SQL: SELECT * FROM `admin_message` ORDER BY id DESC LIMIT 0,10   [ RunTime:0.001000s ]
INFO: [ view_parse ] --START--
NOTIC: [8] Undefined variable: pageStr D:\UPUPW_AP5.4\vhosts\www.beam.com\Admin\Runtime\Cache\d04cbe1c39b14b33950ca47dc7a8075b.php 第 330 行.
INFO: ParseTemplate Behavior ::run [ RunTime:0.068004s ]
INFO: [ view_parse ] --END-- [ RunTime:0.068004s ]
INFO: [ view_filter ] --START--
INFO: ContentReplace Behavior ::run [ RunTime:0.008000s ]
INFO: TokenBuild Behavior ::run [ RunTime:0.007001s ]
INFO: WriteHtmlCache Behavior ::run [ RunTime:0.009000s ]
INFO: ShowRuntime Behavior ::run [ RunTime:0.007001s ]
INFO: [ view_filter ] --END-- [ RunTime:0.031002s ]
INFO: [ view_end ] --START--
INFO: ShowPageTrace Behavior ::run [ RunTime:0.010000s ]
INFO: [ view_end ] --END-- [ RunTime:0.010000s ]

