[ 2018-08-24T16:43:55+08:00 ] 127.0.0.1 /obeam/admin.php
INFO: [ app_begin ] --START--
INFO: ReadHtmlCache Behavior ::run [ RunTime:0.001142s ]
INFO: [ app_begin ] --END-- [ RunTime:0.001195s ]
NOTIC: [8] Undefined index: userid E:\phpstudy\PHPTutorial\WWW\Obeam\Admin\Lib\Action\BaseAction.class.php 第 4 行.

[ 2018-08-24T16:43:56+08:00 ] 127.0.0.1 /obeam/admin.php/Login/login.html
INFO: [ route_check ] --START--
INFO: CheckRoute Behavior ::run [ RunTime:0.001502s ]
INFO: [ route_check ] --END-- [ RunTime:0.001565s ]
INFO: [ app_begin ] --START--
INFO: ReadHtmlCache Behavior ::run [ RunTime:0.000859s ]
INFO: [ app_begin ] --END-- [ RunTime:0.000915s ]
INFO: [ view_parse ] --START--
INFO: ParseTemplate Behavior ::run [ RunTime:0.009960s ]
INFO: [ view_parse ] --END-- [ RunTime:0.010014s ]
INFO: [ view_filter ] --START--
INFO: ContentReplace Behavior ::run [ RunTime:0.001081s ]
INFO: TokenBuild Behavior ::run [ RunTime:0.001070s ]
INFO: WriteHtmlCache Behavior ::run [ RunTime:0.001330s ]
INFO: ShowRuntime Behavior ::run [ RunTime:0.001078s ]
INFO: [ view_filter ] --END-- [ RunTime:0.004797s ]
INFO: [ view_end ] --START--
INFO: ShowPageTrace Behavior ::run [ RunTime:0.001667s ]
INFO: [ view_end ] --END-- [ RunTime:0.001723s ]

[ 2018-08-24T16:44:07+08:00 ] 127.0.0.1 /obeam/admin.php/Login/check.html
INFO: [ route_check ] --START--
INFO: CheckRoute Behavior ::run [ RunTime:0.000922s ]
INFO: [ route_check ] --END-- [ RunTime:0.000998s ]
INFO: [ app_begin ] --START--
INFO: ReadHtmlCache Behavior ::run [ RunTime:0.000731s ]
INFO: [ app_begin ] --END-- [ RunTime:0.000764s ]
SQL: SHOW COLUMNS FROM `admin_user` [ RunTime:0.005410s ]
SQL: SELECT * FROM `admin_user` WHERE ( name='admin' and password='456789' ) LIMIT 1   [ RunTime:0.000277s ]

[ 2018-08-24T16:44:08+08:00 ] 127.0.0.1 /obeam/admin.php/Index/index.html
INFO: [ route_check ] --START--
INFO: CheckRoute Behavior ::run [ RunTime:0.000854s ]
INFO: [ route_check ] --END-- [ RunTime:0.000898s ]
INFO: [ app_begin ] --START--
INFO: ReadHtmlCache Behavior ::run [ RunTime:0.000708s ]
INFO: [ app_begin ] --END-- [ RunTime:0.000741s ]
INFO: [ view_parse ] --START--
INFO: ParseTemplate Behavior ::run [ RunTime:0.011353s ]
INFO: [ view_parse ] --END-- [ RunTime:0.011395s ]
INFO: [ view_filter ] --START--
INFO: ContentReplace Behavior ::run [ RunTime:0.000676s ]
INFO: TokenBuild Behavior ::run [ RunTime:0.000704s ]
INFO: WriteHtmlCache Behavior ::run [ RunTime:0.000793s ]
INFO: ShowRuntime Behavior ::run [ RunTime:0.000703s ]
INFO: [ view_filter ] --END-- [ RunTime:0.002976s ]
INFO: [ view_end ] --START--
INFO: ShowPageTrace Behavior ::run [ RunTime:0.001375s ]
INFO: [ view_end ] --END-- [ RunTime:0.001428s ]

[ 2018-08-24T16:44:11+08:00 ] 127.0.0.1 /obeam/admin.php/Product/product_cate.html
INFO: [ route_check ] --START--
INFO: CheckRoute Behavior ::run [ RunTime:0.000937s ]
INFO: [ route_check ] --END-- [ RunTime:0.000983s ]
INFO: [ app_begin ] --START--
INFO: ReadHtmlCache Behavior ::run [ RunTime:0.001001s ]
INFO: [ app_begin ] --END-- [ RunTime:0.001092s ]
SQL: SHOW COLUMNS FROM `admin_product_cate` [ RunTime:0.006744s ]
SQL: SELECT * FROM `admin_product_cate` WHERE ( pid=0 and status=0 )  [ RunTime:0.000303s ]
SQL: SELECT * FROM `admin_product_cate` WHERE ( pid=1 and status=0 )  [ RunTime:0.000193s ]
NOTIC: [2] Invalid argument supplied for foreach() E:\phpstudy\PHPTutorial\WWW\Obeam\Admin\Common\common.php 第 9 行.
SQL: SELECT * FROM `admin_product_cate` WHERE ( pid=2 and status=0 )  [ RunTime:0.000159s ]
NOTIC: [2] Invalid argument supplied for foreach() E:\phpstudy\PHPTutorial\WWW\Obeam\Admin\Common\common.php 第 9 行.
SQL: SELECT * FROM `admin_product_cate` WHERE ( pid=3 and status=0 )  [ RunTime:0.000157s ]
NOTIC: [2] Invalid argument supplied for foreach() E:\phpstudy\PHPTutorial\WWW\Obeam\Admin\Common\common.php 第 9 行.
SQL: SHOW COLUMNS FROM `admin_product_cate` [ RunTime:0.003047s ]
SQL: SELECT * FROM `admin_product_cate` WHERE ( status=0 and pid=0 )  [ RunTime:0.000206s ]
SQL: SHOW COLUMNS FROM `admin_product_cate` [ RunTime:0.002805s ]
SQL: SELECT * FROM `admin_product_cate` WHERE ( status=0 and pid=1 )  [ RunTime:0.000203s ]
NOTIC: [2] Invalid argument supplied for foreach() E:\phpstudy\PHPTutorial\WWW\Obeam\Admin\Common\common.php 第 50 行.
SQL: SHOW COLUMNS FROM `admin_product_cate` [ RunTime:0.002801s ]
SQL: SELECT * FROM `admin_product_cate` WHERE ( status=0 and pid=2 )  [ RunTime:0.000185s ]
NOTIC: [2] Invalid argument supplied for foreach() E:\phpstudy\PHPTutorial\WWW\Obeam\Admin\Common\common.php 第 50 行.
SQL: SHOW COLUMNS FROM `admin_product_cate` [ RunTime:0.002878s ]
SQL: SELECT * FROM `admin_product_cate` WHERE ( status=0 and pid=3 )  [ RunTime:0.000193s ]
NOTIC: [2] Invalid argument supplied for foreach() E:\phpstudy\PHPTutorial\WWW\Obeam\Admin\Common\common.php 第 50 行.
INFO: [ view_parse ] --START--
NOTIC: [8] Undefined variable: pageStr E:\phpstudy\PHPTutorial\WWW\Obeam\Admin\Runtime\Cache\adc59e660fccb938c0916079b49f744f.php 第 302 行.
INFO: ParseTemplate Behavior ::run [ RunTime:0.011262s ]
INFO: [ view_parse ] --END-- [ RunTime:0.011302s ]
INFO: [ view_filter ] --START--
INFO: ContentReplace Behavior ::run [ RunTime:0.000704s ]
INFO: TokenBuild Behavior ::run [ RunTime:0.000622s ]
INFO: WriteHtmlCache Behavior ::run [ RunTime:0.000554s ]
INFO: ShowRuntime Behavior ::run [ RunTime:0.000644s ]
INFO: [ view_filter ] --END-- [ RunTime:0.002609s ]
INFO: [ view_end ] --START--
INFO: ShowPageTrace Behavior ::run [ RunTime:0.000809s ]
INFO: [ view_end ] --END-- [ RunTime:0.000849s ]

[ 2018-08-24T16:44:24+08:00 ] 127.0.0.1 /obeam/admin.php/Product/product_cate.html
INFO: [ route_check ] --START--
INFO: CheckRoute Behavior ::run [ RunTime:0.000863s ]
INFO: [ route_check ] --END-- [ RunTime:0.000909s ]
INFO: [ app_begin ] --START--
INFO: ReadHtmlCache Behavior ::run [ RunTime:0.000728s ]
INFO: [ app_begin ] --END-- [ RunTime:0.000760s ]
SQL: SHOW COLUMNS FROM `admin_product_cate` [ RunTime:0.003015s ]
SQL: SELECT * FROM `admin_product_cate` WHERE ( pid=0 and status=0 )  [ RunTime:0.000217s ]
SQL: SELECT * FROM `admin_product_cate` WHERE ( pid=1 and status=0 )  [ RunTime:0.000223s ]
NOTIC: [2] Invalid argument supplied for foreach() E:\phpstudy\PHPTutorial\WWW\Obeam\Admin\Common\common.php 第 9 行.
SQL: SELECT * FROM `admin_product_cate` WHERE ( pid=2 and status=0 )  [ RunTime:0.000185s ]
NOTIC: [2] Invalid argument supplied for foreach() E:\phpstudy\PHPTutorial\WWW\Obeam\Admin\Common\common.php 第 9 行.
SQL: SELECT * FROM `admin_product_cate` WHERE ( pid=3 and status=0 )  [ RunTime:0.000160s ]
NOTIC: [2] Invalid argument supplied for foreach() E:\phpstudy\PHPTutorial\WWW\Obeam\Admin\Common\common.php 第 9 行.
SQL: SHOW COLUMNS FROM `admin_product_cate` [ RunTime:0.002920s ]
SQL: SELECT * FROM `admin_product_cate` WHERE ( status=0 and pid=0 )  [ RunTime:0.000197s ]
SQL: SHOW COLUMNS FROM `admin_product_cate` [ RunTime:0.002810s ]
SQL: SELECT * FROM `admin_product_cate` WHERE ( status=0 and pid=1 )  [ RunTime:0.000185s ]
NOTIC: [2] Invalid argument supplied for foreach() E:\phpstudy\PHPTutorial\WWW\Obeam\Admin\Common\common.php 第 50 行.
SQL: SHOW COLUMNS FROM `admin_product_cate` [ RunTime:0.003219s ]
SQL: SELECT * FROM `admin_product_cate` WHERE ( status=0 and pid=2 )  [ RunTime:0.000316s ]
NOTIC: [2] Invalid argument supplied for foreach() E:\phpstudy\PHPTutorial\WWW\Obeam\Admin\Common\common.php 第 50 行.
SQL: SHOW COLUMNS FROM `admin_product_cate` [ RunTime:0.003183s ]
SQL: SELECT * FROM `admin_product_cate` WHERE ( status=0 and pid=3 )  [ RunTime:0.000200s ]
NOTIC: [2] Invalid argument supplied for foreach() E:\phpstudy\PHPTutorial\WWW\Obeam\Admin\Common\common.php 第 50 行.
INFO: [ view_parse ] --START--
NOTIC: [8] Undefined variable: pageStr E:\phpstudy\PHPTutorial\WWW\Obeam\Admin\Runtime\Cache\adc59e660fccb938c0916079b49f744f.php 第 302 行.
INFO: ParseTemplate Behavior ::run [ RunTime:0.010327s ]
INFO: [ view_parse ] --END-- [ RunTime:0.010363s ]
INFO: [ view_filter ] --START--
INFO: ContentReplace Behavior ::run [ RunTime:0.000735s ]
INFO: TokenBuild Behavior ::run [ RunTime:0.000830s ]
INFO: WriteHtmlCache Behavior ::run [ RunTime:0.000894s ]
INFO: ShowRuntime Behavior ::run [ RunTime:0.000688s ]
INFO: [ view_filter ] --END-- [ RunTime:0.003301s ]
INFO: [ view_end ] --START--
INFO: ShowPageTrace Behavior ::run [ RunTime:0.000827s ]
INFO: [ view_end ] --END-- [ RunTime:0.000864s ]

[ 2018-08-24T16:45:51+08:00 ] 127.0.0.1 /obeam/admin.php/Product/product_cate.html
INFO: [ route_check ] --START--
INFO: CheckRoute Behavior ::run [ RunTime:0.000851s ]
INFO: [ route_check ] --END-- [ RunTime:0.000896s ]
INFO: [ app_begin ] --START--
INFO: ReadHtmlCache Behavior ::run [ RunTime:0.000600s ]
INFO: [ app_begin ] --END-- [ RunTime:0.000644s ]
SQL: SHOW COLUMNS FROM `admin_product_cate` [ RunTime:0.003247s ]
SQL: SELECT * FROM `admin_product_cate` WHERE ( pid=0 and status=0 )  [ RunTime:0.000232s ]
SQL: SELECT * FROM `admin_product_cate` WHERE ( pid=1 and status=0 )  [ RunTime:0.000162s ]
NOTIC: [2] Invalid argument supplied for foreach() E:\phpstudy\PHPTutorial\WWW\Obeam\Admin\Common\common.php 第 9 行.
SQL: SELECT * FROM `admin_product_cate` WHERE ( pid=2 and status=0 )  [ RunTime:0.000157s ]
NOTIC: [2] Invalid argument supplied for foreach() E:\phpstudy\PHPTutorial\WWW\Obeam\Admin\Common\common.php 第 9 行.
SQL: SELECT * FROM `admin_product_cate` WHERE ( pid=3 and status=0 )  [ RunTime:0.000151s ]
NOTIC: [2] Invalid argument supplied for foreach() E:\phpstudy\PHPTutorial\WWW\Obeam\Admin\Common\common.php 第 9 行.
SQL: SHOW COLUMNS FROM `admin_product_cate` [ RunTime:0.003301s ]
SQL: SELECT * FROM `admin_product_cate` WHERE ( status=0 and pid=0 )  [ RunTime:0.000413s ]
SQL: SHOW COLUMNS FROM `admin_product_cate` [ RunTime:0.004500s ]
SQL: SELECT * FROM `admin_product_cate` WHERE ( status=0 and pid=1 )  [ RunTime:0.000322s ]
NOTIC: [2] Invalid argument supplied for foreach() E:\phpstudy\PHPTutorial\WWW\Obeam\Admin\Common\common.php 第 50 行.
SQL: SHOW COLUMNS FROM `admin_product_cate` [ RunTime:0.003374s ]
SQL: SELECT * FROM `admin_product_cate` WHERE ( status=0 and pid=2 )  [ RunTime:0.000365s ]
NOTIC: [2] Invalid argument supplied for foreach() E:\phpstudy\PHPTutorial\WWW\Obeam\Admin\Common\common.php 第 50 行.
SQL: SHOW COLUMNS FROM `admin_product_cate` [ RunTime:0.003540s ]
SQL: SELECT * FROM `admin_product_cate` WHERE ( status=0 and pid=3 )  [ RunTime:0.000317s ]
NOTIC: [2] Invalid argument supplied for foreach() E:\phpstudy\PHPTutorial\WWW\Obeam\Admin\Common\common.php 第 50 行.
INFO: [ view_parse ] --START--
NOTIC: [8] Undefined variable: pageStr E:\phpstudy\PHPTutorial\WWW\Obeam\Admin\Runtime\Cache\adc59e660fccb938c0916079b49f744f.php 第 302 行.
INFO: ParseTemplate Behavior ::run [ RunTime:0.011019s ]
INFO: [ view_parse ] --END-- [ RunTime:0.011060s ]
INFO: [ view_filter ] --START--
INFO: ContentReplace Behavior ::run [ RunTime:0.000624s ]
INFO: TokenBuild Behavior ::run [ RunTime:0.000499s ]
INFO: WriteHtmlCache Behavior ::run [ RunTime:0.000425s ]
INFO: ShowRuntime Behavior ::run [ RunTime:0.000527s ]
INFO: [ view_filter ] --END-- [ RunTime:0.002161s ]
INFO: [ view_end ] --START--
INFO: ShowPageTrace Behavior ::run [ RunTime:0.000825s ]
INFO: [ view_end ] --END-- [ RunTime:0.000875s ]

[ 2018-08-24T16:45:57+08:00 ] 127.0.0.1 /obeam/admin.php/Message/message_check.html
INFO: [ route_check ] --START--
INFO: CheckRoute Behavior ::run [ RunTime:0.000858s ]
INFO: [ route_check ] --END-- [ RunTime:0.000904s ]
INFO: [ app_begin ] --START--
INFO: ReadHtmlCache Behavior ::run [ RunTime:0.000957s ]
INFO: [ app_begin ] --END-- [ RunTime:0.001009s ]
SQL: SHOW COLUMNS FROM `admin_message` [ RunTime:0.005330s ]
SQL: SELECT COUNT(*) AS tp_count FROM `admin_message` LIMIT 1   [ RunTime:0.000181s ]
SQL: SELECT * FROM `admin_message` ORDER BY id DESC LIMIT 0,10   [ RunTime:0.000333s ]
INFO: [ view_parse ] --START--
NOTIC: [8] Undefined variable: pageStr E:\phpstudy\PHPTutorial\WWW\Obeam\Admin\Runtime\Cache\d04cbe1c39b14b33950ca47dc7a8075b.php 第 330 行.
INFO: ParseTemplate Behavior ::run [ RunTime:0.015654s ]
INFO: [ view_parse ] --END-- [ RunTime:0.015717s ]
INFO: [ view_filter ] --START--
INFO: ContentReplace Behavior ::run [ RunTime:0.000953s ]
INFO: TokenBuild Behavior ::run [ RunTime:0.000637s ]
INFO: WriteHtmlCache Behavior ::run [ RunTime:0.000577s ]
INFO: ShowRuntime Behavior ::run [ RunTime:0.000662s ]
INFO: [ view_filter ] --END-- [ RunTime:0.002915s ]
INFO: [ view_end ] --START--
INFO: ShowPageTrace Behavior ::run [ RunTime:0.000858s ]
INFO: [ view_end ] --END-- [ RunTime:0.000895s ]

[ 2018-08-24T16:46:00+08:00 ] 127.0.0.1 /obeam/admin.php/FriendLink/add_link.html
INFO: [ route_check ] --START--
INFO: CheckRoute Behavior ::run [ RunTime:0.000874s ]
INFO: [ route_check ] --END-- [ RunTime:0.000920s ]
INFO: [ app_begin ] --START--
INFO: ReadHtmlCache Behavior ::run [ RunTime:0.000721s ]
INFO: [ app_begin ] --END-- [ RunTime:0.000754s ]
SQL: SHOW COLUMNS FROM `admin_friendlink` [ RunTime:0.004005s ]
NOTIC: [8] Undefined index: id E:\phpstudy\PHPTutorial\WWW\Obeam\Admin\Lib\Action\FriendLinkAction.class.php 第 5 行.
INFO: [ view_parse ] --START--
NOTIC: [8] Undefined variable: linkArr E:\phpstudy\PHPTutorial\WWW\Obeam\Admin\Runtime\Cache\c4b59443f5a500a6c663bad755d75da4.php 第 241 行.
NOTIC: [8] Undefined variable: linkArr E:\phpstudy\PHPTutorial\WWW\Obeam\Admin\Runtime\Cache\c4b59443f5a500a6c663bad755d75da4.php 第 245 行.
NOTIC: [8] Undefined index: id E:\phpstudy\PHPTutorial\WWW\Obeam\Admin\Runtime\Cache\c4b59443f5a500a6c663bad755d75da4.php 第 247 行.
INFO: ParseTemplate Behavior ::run [ RunTime:0.011304s ]
INFO: [ view_parse ] --END-- [ RunTime:0.011341s ]
INFO: [ view_filter ] --START--
INFO: ContentReplace Behavior ::run [ RunTime:0.001120s ]
INFO: TokenBuild Behavior ::run [ RunTime:0.000671s ]
INFO: WriteHtmlCache Behavior ::run [ RunTime:0.000572s ]
INFO: ShowRuntime Behavior ::run [ RunTime:0.000748s ]
INFO: [ view_filter ] --END-- [ RunTime:0.003237s ]
INFO: [ view_end ] --START--
INFO: ShowPageTrace Behavior ::run [ RunTime:0.003543s ]
INFO: [ view_end ] --END-- [ RunTime:0.003600s ]

[ 2018-08-24T16:46:01+08:00 ] 127.0.0.1 /obeam/admin.php/FriendLink/manage_link.html
INFO: [ route_check ] --START--
INFO: CheckRoute Behavior ::run [ RunTime:0.000821s ]
INFO: [ route_check ] --END-- [ RunTime:0.000867s ]
INFO: [ app_begin ] --START--
INFO: ReadHtmlCache Behavior ::run [ RunTime:0.000677s ]
INFO: [ app_begin ] --END-- [ RunTime:0.000711s ]
SQL: SHOW COLUMNS FROM `admin_friendlink` [ RunTime:0.004221s ]
SQL: SELECT COUNT(*) AS tp_count FROM `admin_friendlink` LIMIT 1   [ RunTime:0.000181s ]
SQL: SELECT * FROM `admin_friendlink` ORDER BY id DESC LIMIT 0,10   [ RunTime:0.000226s ]
INFO: [ view_parse ] --START--
INFO: ParseTemplate Behavior ::run [ RunTime:0.015632s ]
INFO: [ view_parse ] --END-- [ RunTime:0.015677s ]
INFO: [ view_filter ] --START--
INFO: ContentReplace Behavior ::run [ RunTime:0.000675s ]
INFO: TokenBuild Behavior ::run [ RunTime:0.000606s ]
INFO: WriteHtmlCache Behavior ::run [ RunTime:0.000533s ]
INFO: ShowRuntime Behavior ::run [ RunTime:0.000627s ]
INFO: [ view_filter ] --END-- [ RunTime:0.002529s ]
INFO: [ view_end ] --START--
INFO: ShowPageTrace Behavior ::run [ RunTime:0.000797s ]
INFO: [ view_end ] --END-- [ RunTime:0.000834s ]

[ 2018-08-24T16:46:07+08:00 ] 127.0.0.1 /obeam/admin.php/Banner/add_banner.html
INFO: [ route_check ] --START--
INFO: CheckRoute Behavior ::run [ RunTime:0.008780s ]
INFO: [ route_check ] --END-- [ RunTime:0.008840s ]
INFO: [ app_begin ] --START--
INFO: ReadHtmlCache Behavior ::run [ RunTime:0.000704s ]
INFO: [ app_begin ] --END-- [ RunTime:0.000769s ]
SQL: SELECT * FROM `admin_banner` ORDER BY id DESC  [ RunTime:0.000846s ]
INFO: [ view_parse ] --START--
INFO: ParseTemplate Behavior ::run [ RunTime:0.010723s ]
INFO: [ view_parse ] --END-- [ RunTime:0.010763s ]
INFO: [ view_filter ] --START--
INFO: ContentReplace Behavior ::run [ RunTime:0.000530s ]
INFO: TokenBuild Behavior ::run [ RunTime:0.000427s ]
INFO: WriteHtmlCache Behavior ::run [ RunTime:0.000419s ]
INFO: ShowRuntime Behavior ::run [ RunTime:0.000505s ]
INFO: [ view_filter ] --END-- [ RunTime:0.001963s ]
INFO: [ view_end ] --START--
INFO: ShowPageTrace Behavior ::run [ RunTime:0.000846s ]
INFO: [ view_end ] --END-- [ RunTime:0.000889s ]

[ 2018-08-24T16:46:09+08:00 ] 127.0.0.1 /obeam/admin.php/AdminUser/adminuser.html
INFO: [ route_check ] --START--
INFO: CheckRoute Behavior ::run [ RunTime:0.000953s ]
INFO: [ route_check ] --END-- [ RunTime:0.001004s ]
INFO: [ app_begin ] --START--
INFO: ReadHtmlCache Behavior ::run [ RunTime:0.000799s ]
INFO: [ app_begin ] --END-- [ RunTime:0.000844s ]
SQL: SHOW COLUMNS FROM `admin_user` [ RunTime:0.003261s ]
SQL: SELECT * FROM `admin_user` ORDER BY id DESC  [ RunTime:0.000742s ]
INFO: [ view_parse ] --START--
NOTIC: [8] Undefined variable: pageStr E:\phpstudy\PHPTutorial\WWW\Obeam\Admin\Runtime\Cache\9e917160115c62f940d0638d8a00f4a4.php 第 297 行.
INFO: ParseTemplate Behavior ::run [ RunTime:0.010999s ]
INFO: [ view_parse ] --END-- [ RunTime:0.011038s ]
INFO: [ view_filter ] --START--
INFO: ContentReplace Behavior ::run [ RunTime:0.000675s ]
INFO: TokenBuild Behavior ::run [ RunTime:0.000614s ]
INFO: WriteHtmlCache Behavior ::run [ RunTime:0.000548s ]
INFO: ShowRuntime Behavior ::run [ RunTime:0.000646s ]
INFO: [ view_filter ] --END-- [ RunTime:0.002567s ]
INFO: [ view_end ] --START--
INFO: ShowPageTrace Behavior ::run [ RunTime:0.000991s ]
INFO: [ view_end ] --END-- [ RunTime:0.001277s ]

[ 2018-08-24T16:46:12+08:00 ] 127.0.0.1 /obeam/admin.php/Banner/seo_manage.html
INFO: [ route_check ] --START--
INFO: CheckRoute Behavior ::run [ RunTime:0.001526s ]
INFO: [ route_check ] --END-- [ RunTime:0.001626s ]
INFO: [ app_begin ] --START--
INFO: ReadHtmlCache Behavior ::run [ RunTime:0.000830s ]
INFO: [ app_begin ] --END-- [ RunTime:0.000864s ]
SQL: SELECT * FROM `admin_keywords` ORDER BY id ASC  [ RunTime:0.001017s ]
INFO: [ view_parse ] --START--
INFO: ParseTemplate Behavior ::run [ RunTime:0.012998s ]
INFO: [ view_parse ] --END-- [ RunTime:0.013056s ]
INFO: [ view_filter ] --START--
INFO: ContentReplace Behavior ::run [ RunTime:0.000879s ]
INFO: TokenBuild Behavior ::run [ RunTime:0.000751s ]
INFO: WriteHtmlCache Behavior ::run [ RunTime:0.000686s ]
INFO: ShowRuntime Behavior ::run [ RunTime:0.000796s ]
INFO: [ view_filter ] --END-- [ RunTime:0.003197s ]
INFO: [ view_end ] --START--
INFO: ShowPageTrace Behavior ::run [ RunTime:0.001046s ]
INFO: [ view_end ] --END-- [ RunTime:0.001088s ]

[ 2018-08-24T16:46:13+08:00 ] 127.0.0.1 /obeam/admin.php/Basic/editor_backdoor.html
INFO: [ route_check ] --START--
INFO: CheckRoute Behavior ::run [ RunTime:0.001203s ]
INFO: [ route_check ] --END-- [ RunTime:0.001291s ]
INFO: [ app_begin ] --START--
INFO: ReadHtmlCache Behavior ::run [ RunTime:0.000928s ]
INFO: [ app_begin ] --END-- [ RunTime:0.000967s ]
NOTIC: [8] Constant THEME_NAME already defined E:\phpstudy\PHPTutorial\WWW\Obeam\ThinkPHP\Lib\Core\View.class.php 第 223 行.
NOTIC: [8] Constant THEME_PATH already defined E:\phpstudy\PHPTutorial\WWW\Obeam\ThinkPHP\Lib\Core\View.class.php 第 174 行.
NOTIC: [8] Constant APP_TMPL_PATH already defined E:\phpstudy\PHPTutorial\WWW\Obeam\ThinkPHP\Lib\Core\View.class.php 第 175 行.
INFO: [ view_parse ] --START--
INFO: ParseTemplate Behavior ::run [ RunTime:0.011204s ]
INFO: [ view_parse ] --END-- [ RunTime:0.011277s ]
INFO: [ view_filter ] --START--
INFO: ContentReplace Behavior ::run [ RunTime:0.002014s ]
INFO: TokenBuild Behavior ::run [ RunTime:0.001007s ]
INFO: WriteHtmlCache Behavior ::run [ RunTime:0.000779s ]
INFO: ShowRuntime Behavior ::run [ RunTime:0.000804s ]
INFO: [ view_filter ] --END-- [ RunTime:0.004755s ]
INFO: [ view_end ] --START--
INFO: ShowPageTrace Behavior ::run [ RunTime:0.001138s ]
INFO: [ view_end ] --END-- [ RunTime:0.001186s ]

[ 2018-08-24T16:46:15+08:00 ] 127.0.0.1 /obeam/admin.php/About/about_list.html
INFO: [ route_check ] --START--
INFO: CheckRoute Behavior ::run [ RunTime:0.001019s ]
INFO: [ route_check ] --END-- [ RunTime:0.001074s ]
INFO: [ app_begin ] --START--
INFO: ReadHtmlCache Behavior ::run [ RunTime:0.000942s ]
INFO: [ app_begin ] --END-- [ RunTime:0.000988s ]
SQL: SHOW COLUMNS FROM `admin_about` [ RunTime:0.005714s ]
SQL: SELECT * FROM `admin_about` WHERE ( id=1 ) LIMIT 1   [ RunTime:0.000362s ]
INFO: [ view_parse ] --START--
INFO: ParseTemplate Behavior ::run [ RunTime:0.013038s ]
INFO: [ view_parse ] --END-- [ RunTime:0.013083s ]
INFO: [ view_filter ] --START--
INFO: ContentReplace Behavior ::run [ RunTime:0.000831s ]
INFO: TokenBuild Behavior ::run [ RunTime:0.000742s ]
INFO: WriteHtmlCache Behavior ::run [ RunTime:0.000678s ]
INFO: ShowRuntime Behavior ::run [ RunTime:0.000787s ]
INFO: [ view_filter ] --END-- [ RunTime:0.003122s ]
INFO: [ view_end ] --START--
INFO: ShowPageTrace Behavior ::run [ RunTime:0.002182s ]
INFO: [ view_end ] --END-- [ RunTime:0.002229s ]

[ 2018-08-24T16:46:20+08:00 ] 127.0.0.1 /obeam/admin.php/Product/product_cate.html
INFO: [ route_check ] --START--
INFO: CheckRoute Behavior ::run [ RunTime:0.001028s ]
INFO: [ route_check ] --END-- [ RunTime:0.001096s ]
INFO: [ app_begin ] --START--
INFO: ReadHtmlCache Behavior ::run [ RunTime:0.000720s ]
INFO: [ app_begin ] --END-- [ RunTime:0.000756s ]
SQL: SHOW COLUMNS FROM `admin_product_cate` [ RunTime:0.004137s ]
SQL: SELECT * FROM `admin_product_cate` WHERE ( pid=0 and status=0 )  [ RunTime:0.000238s ]
SQL: SELECT * FROM `admin_product_cate` WHERE ( pid=1 and status=0 )  [ RunTime:0.000166s ]
NOTIC: [2] Invalid argument supplied for foreach() E:\phpstudy\PHPTutorial\WWW\Obeam\Admin\Common\common.php 第 9 行.
SQL: SELECT * FROM `admin_product_cate` WHERE ( pid=2 and status=0 )  [ RunTime:0.000165s ]
NOTIC: [2] Invalid argument supplied for foreach() E:\phpstudy\PHPTutorial\WWW\Obeam\Admin\Common\common.php 第 9 行.
SQL: SELECT * FROM `admin_product_cate` WHERE ( pid=3 and status=0 )  [ RunTime:0.000154s ]
NOTIC: [2] Invalid argument supplied for foreach() E:\phpstudy\PHPTutorial\WWW\Obeam\Admin\Common\common.php 第 9 行.
SQL: SHOW COLUMNS FROM `admin_product_cate` [ RunTime:0.002926s ]
SQL: SELECT * FROM `admin_product_cate` WHERE ( status=0 and pid=0 )  [ RunTime:0.000192s ]
SQL: SHOW COLUMNS FROM `admin_product_cate` [ RunTime:0.002882s ]
SQL: SELECT * FROM `admin_product_cate` WHERE ( status=0 and pid=1 )  [ RunTime:0.000184s ]
NOTIC: [2] Invalid argument supplied for foreach() E:\phpstudy\PHPTutorial\WWW\Obeam\Admin\Common\common.php 第 50 行.
SQL: SHOW COLUMNS FROM `admin_product_cate` [ RunTime:0.003880s ]
SQL: SELECT * FROM `admin_product_cate` WHERE ( status=0 and pid=2 )  [ RunTime:0.000227s ]
NOTIC: [2] Invalid argument supplied for foreach() E:\phpstudy\PHPTutorial\WWW\Obeam\Admin\Common\common.php 第 50 行.
SQL: SHOW COLUMNS FROM `admin_product_cate` [ RunTime:0.002877s ]
SQL: SELECT * FROM `admin_product_cate` WHERE ( status=0 and pid=3 )  [ RunTime:0.000186s ]
NOTIC: [2] Invalid argument supplied for foreach() E:\phpstudy\PHPTutorial\WWW\Obeam\Admin\Common\common.php 第 50 行.
INFO: [ view_parse ] --START--
NOTIC: [8] Undefined variable: pageStr E:\phpstudy\PHPTutorial\WWW\Obeam\Admin\Runtime\Cache\adc59e660fccb938c0916079b49f744f.php 第 302 行.
INFO: ParseTemplate Behavior ::run [ RunTime:0.010154s ]
INFO: [ view_parse ] --END-- [ RunTime:0.010190s ]
INFO: [ view_filter ] --START--
INFO: ContentReplace Behavior ::run [ RunTime:0.000686s ]
INFO: TokenBuild Behavior ::run [ RunTime:0.000791s ]
INFO: WriteHtmlCache Behavior ::run [ RunTime:0.000654s ]
INFO: ShowRuntime Behavior ::run [ RunTime:0.000658s ]
INFO: [ view_filter ] --END-- [ RunTime:0.002890s ]
INFO: [ view_end ] --START--
INFO: ShowPageTrace Behavior ::run [ RunTime:0.000784s ]
INFO: [ view_end ] --END-- [ RunTime:0.000821s ]

[ 2018-08-24T16:52:12+08:00 ] 127.0.0.1 /obeam/admin.php/Product/product_cate.html
INFO: [ route_check ] --START--
INFO: CheckRoute Behavior ::run [ RunTime:0.001252s ]
INFO: [ route_check ] --END-- [ RunTime:0.001307s ]
INFO: [ app_begin ] --START--
INFO: ReadHtmlCache Behavior ::run [ RunTime:0.000720s ]
INFO: [ app_begin ] --END-- [ RunTime:0.000759s ]
SQL: SHOW COLUMNS FROM `admin_product_cate` [ RunTime:0.003119s ]
SQL: SELECT * FROM `admin_product_cate` WHERE ( pid=0 and status=0 )  [ RunTime:0.000195s ]
NOTIC: [2] Invalid argument supplied for foreach() E:\phpstudy\PHPTutorial\WWW\Obeam\Admin\Common\common.php 第 9 行.
SQL: SHOW COLUMNS FROM `admin_product_cate` [ RunTime:0.003019s ]
SQL: SELECT * FROM `admin_product_cate` WHERE ( status=0 and pid=0 )  [ RunTime:0.000228s ]
NOTIC: [2] Invalid argument supplied for foreach() E:\phpstudy\PHPTutorial\WWW\Obeam\Admin\Common\common.php 第 50 行.
INFO: [ view_parse ] --START--
NOTIC: [8] Undefined variable: pageStr E:\phpstudy\PHPTutorial\WWW\Obeam\Admin\Runtime\Cache\adc59e660fccb938c0916079b49f744f.php 第 302 行.
INFO: ParseTemplate Behavior ::run [ RunTime:0.015843s ]
INFO: [ view_parse ] --END-- [ RunTime:0.015881s ]
INFO: [ view_filter ] --START--
INFO: ContentReplace Behavior ::run [ RunTime:0.000697s ]
INFO: TokenBuild Behavior ::run [ RunTime:0.000620s ]
INFO: WriteHtmlCache Behavior ::run [ RunTime:0.000552s ]
INFO: ShowRuntime Behavior ::run [ RunTime:0.000677s ]
INFO: [ view_filter ] --END-- [ RunTime:0.002635s ]
INFO: [ view_end ] --START--
INFO: ShowPageTrace Behavior ::run [ RunTime:0.001168s ]
INFO: [ view_end ] --END-- [ RunTime:0.001217s ]

[ 2018-08-24T16:53:04+08:00 ] 127.0.0.1 /obeam/admin.php/Product/product_cate_add.html
INFO: [ route_check ] --START--
INFO: CheckRoute Behavior ::run [ RunTime:0.001171s ]
INFO: [ route_check ] --END-- [ RunTime:0.001285s ]
INFO: [ app_begin ] --START--
INFO: ReadHtmlCache Behavior ::run [ RunTime:0.000722s ]
INFO: [ app_begin ] --END-- [ RunTime:0.000761s ]
SQL: SHOW COLUMNS FROM `admin_product_cate` [ RunTime:0.003037s ]
SQL: INSERT INTO `admin_product_cate` (`cate_name`,`pid`,`sort`,`web_title`,`web_desc`,`web_keywords`,`message`,`url_param`) VALUES ('公司简介',0,1,'公司简介','公司简介','公司简介','公司简介','company_introduce') [ RunTime:0.000243s ]
INFO: [ view_parse ] --START--
INFO: ParseTemplate Behavior ::run [ RunTime:0.010875s ]
INFO: [ view_parse ] --END-- [ RunTime:0.010917s ]
INFO: [ view_filter ] --START--
INFO: ContentReplace Behavior ::run [ RunTime:0.000614s ]
INFO: TokenBuild Behavior ::run [ RunTime:0.008425s ]
INFO: WriteHtmlCache Behavior ::run [ RunTime:0.000699s ]
INFO: ShowRuntime Behavior ::run [ RunTime:0.000659s ]
INFO: [ view_filter ] --END-- [ RunTime:0.010498s ]
INFO: [ view_end ] --START--
INFO: ShowPageTrace Behavior ::run [ RunTime:0.000745s ]
INFO: [ view_end ] --END-- [ RunTime:0.000775s ]

[ 2018-08-24T16:53:05+08:00 ] 127.0.0.1 /obeam/admin.php/Product/product_cate.html
INFO: [ route_check ] --START--
INFO: CheckRoute Behavior ::run [ RunTime:0.000793s ]
INFO: [ route_check ] --END-- [ RunTime:0.000837s ]
INFO: [ app_begin ] --START--
INFO: ReadHtmlCache Behavior ::run [ RunTime:0.000690s ]
INFO: [ app_begin ] --END-- [ RunTime:0.000723s ]
SQL: SHOW COLUMNS FROM `admin_product_cate` [ RunTime:0.003077s ]
SQL: SELECT * FROM `admin_product_cate` WHERE ( pid=0 and status=0 )  [ RunTime:0.000219s ]
SQL: SELECT * FROM `admin_product_cate` WHERE ( pid=4 and status=0 )  [ RunTime:0.000160s ]
NOTIC: [2] Invalid argument supplied for foreach() E:\phpstudy\PHPTutorial\WWW\Obeam\Admin\Common\common.php 第 9 行.
SQL: SHOW COLUMNS FROM `admin_product_cate` [ RunTime:0.002814s ]
SQL: SELECT * FROM `admin_product_cate` WHERE ( status=0 and pid=0 )  [ RunTime:0.000193s ]
SQL: SHOW COLUMNS FROM `admin_product_cate` [ RunTime:0.002840s ]
SQL: SELECT * FROM `admin_product_cate` WHERE ( status=0 and pid=4 )  [ RunTime:0.000202s ]
NOTIC: [2] Invalid argument supplied for foreach() E:\phpstudy\PHPTutorial\WWW\Obeam\Admin\Common\common.php 第 50 行.
INFO: [ view_parse ] --START--
NOTIC: [8] Undefined variable: pageStr E:\phpstudy\PHPTutorial\WWW\Obeam\Admin\Runtime\Cache\adc59e660fccb938c0916079b49f744f.php 第 302 行.
INFO: ParseTemplate Behavior ::run [ RunTime:0.017568s ]
INFO: [ view_parse ] --END-- [ RunTime:0.017605s ]
INFO: [ view_filter ] --START--
INFO: ContentReplace Behavior ::run [ RunTime:0.000701s ]
INFO: TokenBuild Behavior ::run [ RunTime:0.000617s ]
INFO: WriteHtmlCache Behavior ::run [ RunTime:0.000556s ]
INFO: ShowRuntime Behavior ::run [ RunTime:0.000598s ]
INFO: [ view_filter ] --END-- [ RunTime:0.002556s ]
INFO: [ view_end ] --START--
INFO: ShowPageTrace Behavior ::run [ RunTime:0.000785s ]
INFO: [ view_end ] --END-- [ RunTime:0.000825s ]

[ 2018-08-24T16:53:47+08:00 ] 127.0.0.1 /obeam/admin.php/Product/add_product.html
INFO: [ route_check ] --START--
INFO: CheckRoute Behavior ::run [ RunTime:0.001017s ]
INFO: [ route_check ] --END-- [ RunTime:0.001068s ]
INFO: [ app_begin ] --START--
INFO: ReadHtmlCache Behavior ::run [ RunTime:0.000756s ]
INFO: [ app_begin ] --END-- [ RunTime:0.000802s ]
SQL: SHOW COLUMNS FROM `admin_product_cate` [ RunTime:0.003042s ]
SQL: SELECT * FROM `admin_product_cate` WHERE ( pid=0 and status=0 )  [ RunTime:0.000203s ]
SQL: SELECT * FROM `admin_product_cate` WHERE ( pid=4 and status=0 )  [ RunTime:0.000162s ]
NOTIC: [2] Invalid argument supplied for foreach() E:\phpstudy\PHPTutorial\WWW\Obeam\Admin\Common\common.php 第 9 行.
INFO: [ view_parse ] --START--
NOTIC: [8] Undefined variable: editor_arr E:\phpstudy\PHPTutorial\WWW\Obeam\Admin\Runtime\Cache\f8a8cab5293a67cc0c2fc7e5b9bedff7.php 第 291 行.
NOTIC: [8] Undefined variable: editor_arr E:\phpstudy\PHPTutorial\WWW\Obeam\Admin\Runtime\Cache\f8a8cab5293a67cc0c2fc7e5b9bedff7.php 第 313 行.
INFO: ParseTemplate Behavior ::run [ RunTime:0.010922s ]
INFO: [ view_parse ] --END-- [ RunTime:0.010957s ]
INFO: [ view_filter ] --START--
INFO: ContentReplace Behavior ::run [ RunTime:0.000672s ]
INFO: TokenBuild Behavior ::run [ RunTime:0.000618s ]
INFO: WriteHtmlCache Behavior ::run [ RunTime:0.000558s ]
INFO: ShowRuntime Behavior ::run [ RunTime:0.000645s ]
INFO: [ view_filter ] --END-- [ RunTime:0.002577s ]
INFO: [ view_end ] --START--
INFO: ShowPageTrace Behavior ::run [ RunTime:0.000821s ]
INFO: [ view_end ] --END-- [ RunTime:0.000862s ]

[ 2018-08-24T16:54:39+08:00 ] 127.0.0.1 /obeam/admin.php/Product/product_save.html
INFO: [ route_check ] --START--
INFO: CheckRoute Behavior ::run [ RunTime:0.000935s ]
INFO: [ route_check ] --END-- [ RunTime:0.000980s ]
INFO: [ app_begin ] --START--
INFO: ReadHtmlCache Behavior ::run [ RunTime:0.000783s ]
INFO: [ app_begin ] --END-- [ RunTime:0.000816s ]
SQL: SHOW COLUMNS FROM `admin_product` [ RunTime:0.003283s ]
SQL: INSERT INTO `admin_product` (`web_title`,`web_keywords`,`web_desc`,`title`,`intro`,`cateid`,`content`,`ishot`,`imgurl`,`pub_person`,`pub_time`) VALUES ('公司简介','公司简介','公司简介','公司简介','公司简介',4,'<p>公司简介</p><p><br></p>',1,'Public/Uploads/product_thumb/5b7fc7cfe0199.jpg','admin',1535100879) [ RunTime:0.000438s ]
SQL: SELECT * FROM `admin_product` WHERE ( id=3 ) LIMIT 1   [ RunTime:0.000228s ]
INFO: [ view_parse ] --START--
NOTIC: [8] Undefined variable: newsDetail E:\phpstudy\PHPTutorial\WWW\Obeam\Admin\Runtime\Cache\955d53bb735f9d2642ff7b6779059efc.php 第 5 行.
NOTIC: [8] Undefined variable: newsDetail E:\phpstudy\PHPTutorial\WWW\Obeam\Admin\Runtime\Cache\955d53bb735f9d2642ff7b6779059efc.php 第 7 行.
NOTIC: [8] Undefined variable: newsDetail E:\phpstudy\PHPTutorial\WWW\Obeam\Admin\Runtime\Cache\955d53bb735f9d2642ff7b6779059efc.php 第 8 行.
NOTIC: [8] Undefined variable: newsDetail E:\phpstudy\PHPTutorial\WWW\Obeam\Admin\Runtime\Cache\955d53bb735f9d2642ff7b6779059efc.php 第 11 行.
NOTIC: [8] Undefined variable: newsDetail E:\phpstudy\PHPTutorial\WWW\Obeam\Admin\Runtime\Cache\955d53bb735f9d2642ff7b6779059efc.php 第 13 行.
NOTIC: [8] Undefined variable: newsDetail E:\phpstudy\PHPTutorial\WWW\Obeam\Admin\Runtime\Cache\955d53bb735f9d2642ff7b6779059efc.php 第 13 行.
NOTIC: [8] Undefined variable: newsDetail E:\phpstudy\PHPTutorial\WWW\Obeam\Admin\Runtime\Cache\955d53bb735f9d2642ff7b6779059efc.php 第 14 行.
NOTIC: [8] Undefined variable: newsDetail E:\phpstudy\PHPTutorial\WWW\Obeam\Admin\Runtime\Cache\955d53bb735f9d2642ff7b6779059efc.php 第 17 行.
INFO: ParseTemplate Behavior ::run [ RunTime:0.007078s ]
INFO: [ view_parse ] --END-- [ RunTime:0.007117s ]
INFO: [ view_filter ] --START--
INFO: ContentReplace Behavior ::run [ RunTime:0.010090s ]
INFO: TokenBuild Behavior ::run [ RunTime:0.000712s ]
INFO: WriteHtmlCache Behavior ::run [ RunTime:0.000679s ]
INFO: ShowRuntime Behavior ::run [ RunTime:0.000724s ]
INFO: [ view_filter ] --END-- [ RunTime:0.012313s ]
NOTIC: [8] Constant THEME_PATH already defined E:\phpstudy\PHPTutorial\WWW\Obeam\ThinkPHP\Lib\Core\View.class.php 第 154 行.
NOTIC: [8] Constant APP_TMPL_PATH already defined E:\phpstudy\PHPTutorial\WWW\Obeam\ThinkPHP\Lib\Core\View.class.php 第 155 行.
INFO: [ view_parse ] --START--
INFO: ParseTemplate Behavior ::run [ RunTime:0.001625s ]
INFO: [ view_parse ] --END-- [ RunTime:-0.013157s ]
INFO: [ view_filter ] --START--
INFO: ContentReplace Behavior ::run [ RunTime:0.000031s ]
INFO: TokenBuild Behavior ::run [ RunTime:0.000020s ]
INFO: WriteHtmlCache Behavior ::run [ RunTime:0.000005s ]
INFO: ShowRuntime Behavior ::run [ RunTime:0.000031s ]
INFO: [ view_filter ] --END-- [ RunTime:-0.002502s ]
INFO: [ view_end ] --START--
INFO: ShowPageTrace Behavior ::run [ RunTime:0.000839s ]
INFO: [ view_end ] --END-- [ RunTime:0.000869s ]

[ 2018-08-24T16:54:41+08:00 ] 127.0.0.1 /obeam/admin.php/Product/add_product.html
INFO: [ route_check ] --START--
INFO: CheckRoute Behavior ::run [ RunTime:0.000857s ]
INFO: [ route_check ] --END-- [ RunTime:0.000907s ]
INFO: [ app_begin ] --START--
INFO: ReadHtmlCache Behavior ::run [ RunTime:0.000689s ]
INFO: [ app_begin ] --END-- [ RunTime:0.000723s ]
SQL: SHOW COLUMNS FROM `admin_product_cate` [ RunTime:0.003310s ]
SQL: SELECT * FROM `admin_product_cate` WHERE ( pid=0 and status=0 )  [ RunTime:0.000324s ]
SQL: SELECT * FROM `admin_product_cate` WHERE ( pid=4 and status=0 )  [ RunTime:0.000258s ]
NOTIC: [2] Invalid argument supplied for foreach() E:\phpstudy\PHPTutorial\WWW\Obeam\Admin\Common\common.php 第 9 行.
INFO: [ view_parse ] --START--
NOTIC: [8] Undefined variable: editor_arr E:\phpstudy\PHPTutorial\WWW\Obeam\Admin\Runtime\Cache\f8a8cab5293a67cc0c2fc7e5b9bedff7.php 第 291 行.
NOTIC: [8] Undefined variable: editor_arr E:\phpstudy\PHPTutorial\WWW\Obeam\Admin\Runtime\Cache\f8a8cab5293a67cc0c2fc7e5b9bedff7.php 第 313 行.
INFO: ParseTemplate Behavior ::run [ RunTime:0.010592s ]
INFO: [ view_parse ] --END-- [ RunTime:0.010630s ]
INFO: [ view_filter ] --START--
INFO: ContentReplace Behavior ::run [ RunTime:0.000685s ]
INFO: TokenBuild Behavior ::run [ RunTime:0.000611s ]
INFO: WriteHtmlCache Behavior ::run [ RunTime:0.000549s ]
INFO: ShowRuntime Behavior ::run [ RunTime:0.000643s ]
INFO: [ view_filter ] --END-- [ RunTime:0.002570s ]
INFO: [ view_end ] --START--
INFO: ShowPageTrace Behavior ::run [ RunTime:0.000830s ]
INFO: [ view_end ] --END-- [ RunTime:0.000899s ]

[ 2018-08-24T16:54:43+08:00 ] 127.0.0.1 /obeam/admin.php/Product/product_list.html
INFO: [ route_check ] --START--
INFO: CheckRoute Behavior ::run [ RunTime:0.001437s ]
INFO: [ route_check ] --END-- [ RunTime:0.001559s ]
INFO: [ app_begin ] --START--
INFO: ReadHtmlCache Behavior ::run [ RunTime:0.000703s ]
INFO: [ app_begin ] --END-- [ RunTime:0.000737s ]
NOTIC: [8] Undefined index: cateid E:\phpstudy\PHPTutorial\WWW\Obeam\Admin\Lib\Action\ProductAction.class.php 第 71 行.
SQL: SELECT COUNT(*) AS tp_count FROM `admin_product` LIMIT 1   [ RunTime:0.000146s ]
NOTIC: [8] Undefined index: cateid E:\phpstudy\PHPTutorial\WWW\Obeam\Admin\Lib\Action\ProductAction.class.php 第 84 行.
SQL: SELECT * FROM `admin_product` ORDER BY id DESC LIMIT 0,10   [ RunTime:0.000383s ]
SQL: SHOW COLUMNS FROM `admin_product_cate` [ RunTime:0.004187s ]
SQL: SELECT * FROM `admin_product_cate` WHERE ( pid=0 and status=0 )  [ RunTime:0.000210s ]
SQL: SELECT * FROM `admin_product_cate` WHERE ( pid=4 and status=0 )  [ RunTime:0.000162s ]
NOTIC: [2] Invalid argument supplied for foreach() E:\phpstudy\PHPTutorial\WWW\Obeam\Admin\Common\common.php 第 9 行.
INFO: [ view_parse ] --START--
INFO: ParseTemplate Behavior ::run [ RunTime:0.011484s ]
INFO: [ view_parse ] --END-- [ RunTime:0.011524s ]
INFO: [ view_filter ] --START--
INFO: ContentReplace Behavior ::run [ RunTime:0.000666s ]
INFO: TokenBuild Behavior ::run [ RunTime:0.000649s ]
INFO: WriteHtmlCache Behavior ::run [ RunTime:0.000777s ]
INFO: ShowRuntime Behavior ::run [ RunTime:0.001008s ]
INFO: [ view_filter ] --END-- [ RunTime:0.003204s ]
INFO: [ view_end ] --START--
INFO: ShowPageTrace Behavior ::run [ RunTime:0.000976s ]
INFO: [ view_end ] --END-- [ RunTime:0.001114s ]

[ 2018-08-24T17:07:33+08:00 ] 127.0.0.1 /obeam/admin.php/Product/product_list.html
INFO: [ route_check ] --START--
INFO: CheckRoute Behavior ::run [ RunTime:0.000973s ]
INFO: [ route_check ] --END-- [ RunTime:0.001057s ]
INFO: [ app_begin ] --START--
INFO: ReadHtmlCache Behavior ::run [ RunTime:0.000619s ]
INFO: [ app_begin ] --END-- [ RunTime:0.000655s ]
NOTIC: [8] Undefined index: cateid E:\phpstudy\PHPTutorial\WWW\Obeam\Admin\Lib\Action\ProductAction.class.php 第 71 行.
SQL: SELECT COUNT(*) AS tp_count FROM `admin_product` LIMIT 1   [ RunTime:0.000139s ]
NOTIC: [8] Undefined index: cateid E:\phpstudy\PHPTutorial\WWW\Obeam\Admin\Lib\Action\ProductAction.class.php 第 84 行.
SQL: SELECT * FROM `admin_product` ORDER BY id DESC LIMIT 0,10   [ RunTime:0.000325s ]
SQL: SHOW COLUMNS FROM `admin_product_cate` [ RunTime:0.003366s ]
SQL: SELECT * FROM `admin_product_cate` WHERE ( pid=0 and status=0 )  [ RunTime:0.000261s ]
SQL: SELECT * FROM `admin_product_cate` WHERE ( pid=4 and status=0 )  [ RunTime:0.000207s ]
NOTIC: [2] Invalid argument supplied for foreach() E:\phpstudy\PHPTutorial\WWW\Obeam\Admin\Common\common.php 第 9 行.
INFO: [ view_parse ] --START--
INFO: ParseTemplate Behavior ::run [ RunTime:0.012566s ]
INFO: [ view_parse ] --END-- [ RunTime:0.012607s ]
INFO: [ view_filter ] --START--
INFO: ContentReplace Behavior ::run [ RunTime:0.000552s ]
INFO: TokenBuild Behavior ::run [ RunTime:0.000493s ]
INFO: WriteHtmlCache Behavior ::run [ RunTime:0.000421s ]
INFO: ShowRuntime Behavior ::run [ RunTime:0.000513s ]
INFO: [ view_filter ] --END-- [ RunTime:0.002063s ]
INFO: [ view_end ] --START--
INFO: ShowPageTrace Behavior ::run [ RunTime:0.000637s ]
INFO: [ view_end ] --END-- [ RunTime:0.000670s ]

[ 2018-08-24T17:08:20+08:00 ] 127.0.0.1 /obeam/admin.php/Product/product_list.html
INFO: [ route_check ] --START--
INFO: CheckRoute Behavior ::run [ RunTime:0.001016s ]
INFO: [ route_check ] --END-- [ RunTime:0.001064s ]
INFO: [ app_begin ] --START--
INFO: ReadHtmlCache Behavior ::run [ RunTime:0.000736s ]
INFO: [ app_begin ] --END-- [ RunTime:0.000769s ]
NOTIC: [8] Undefined index: cateid E:\phpstudy\PHPTutorial\WWW\Obeam\Admin\Lib\Action\ProductAction.class.php 第 71 行.
SQL: SELECT COUNT(*) AS tp_count FROM `admin_product` LIMIT 1   [ RunTime:0.000138s ]
NOTIC: [8] Undefined index: cateid E:\phpstudy\PHPTutorial\WWW\Obeam\Admin\Lib\Action\ProductAction.class.php 第 84 行.
SQL: SELECT * FROM `admin_product` ORDER BY id DESC LIMIT 0,10   [ RunTime:0.000209s ]
SQL: SHOW COLUMNS FROM `admin_product_cate` [ RunTime:0.002992s ]
SQL: SELECT * FROM `admin_product_cate` WHERE ( pid=0 and status=0 )  [ RunTime:0.000190s ]
SQL: SELECT * FROM `admin_product_cate` WHERE ( pid=4 and status=0 )  [ RunTime:0.000154s ]
NOTIC: [2] Invalid argument supplied for foreach() E:\phpstudy\PHPTutorial\WWW\Obeam\Admin\Common\common.php 第 9 行.
INFO: [ view_parse ] --START--
INFO: ParseTemplate Behavior ::run [ RunTime:0.023229s ]
INFO: [ view_parse ] --END-- [ RunTime:0.023301s ]
INFO: [ view_filter ] --START--
INFO: ContentReplace Behavior ::run [ RunTime:0.000858s ]
INFO: TokenBuild Behavior ::run [ RunTime:0.000687s ]
INFO: WriteHtmlCache Behavior ::run [ RunTime:0.000587s ]
INFO: ShowRuntime Behavior ::run [ RunTime:0.000675s ]
INFO: [ view_filter ] --END-- [ RunTime:0.002906s ]
INFO: [ view_end ] --START--
INFO: ShowPageTrace Behavior ::run [ RunTime:0.000818s ]
INFO: [ view_end ] --END-- [ RunTime:0.000858s ]

