[ 2018-08-23T14:34:37+08:00 ] 127.0.0.1 /obeam/admin.php
INFO: [ app_begin ] --START--
INFO: ReadHtmlCache Behavior ::run [ RunTime:0.000421s ]
INFO: [ app_begin ] --END-- [ RunTime:0.000467s ]
NOTIC: [8] Undefined index: userid E:\phpstudy\PHPTutorial\WWW\Obeam\Admin\Lib\Action\BaseAction.class.php 第 4 行.

[ 2018-08-23T14:34:38+08:00 ] 127.0.0.1 /obeam/admin.php/Login/login.html
INFO: [ route_check ] --START--
INFO: CheckRoute Behavior ::run [ RunTime:0.000632s ]
INFO: [ route_check ] --END-- [ RunTime:0.000676s ]
NOTIC: [2] preg_replace(): The /e modifier is no longer supported, use preg_replace_callback instead E:\phpstudy\PHPTutorial\WWW\Obeam\ThinkPHP\Lib\Core\Dispatcher.class.php 第 132 行.
INFO: [ app_begin ] --START--
INFO: ReadHtmlCache Behavior ::run [ RunTime:0.000440s ]
INFO: [ app_begin ] --END-- [ RunTime:0.000466s ]
INFO: [ view_parse ] --START--
NOTIC: [2] preg_replace(): The /e modifier is no longer supported, use preg_replace_callback instead E:\phpstudy\PHPTutorial\WWW\Obeam\ThinkPHP\Lib\Template\ThinkTemplate.class.php 第 273 行.
NOTIC: [2] preg_replace(): The /e modifier is no longer supported, use preg_replace_callback instead E:\phpstudy\PHPTutorial\WWW\Obeam\ThinkPHP\Lib\Template\ThinkTemplate.class.php 第 168 行.
NOTIC: [2] preg_replace(): The /e modifier is no longer supported, use preg_replace_callback instead E:\phpstudy\PHPTutorial\WWW\Obeam\ThinkPHP\Lib\Template\ThinkTemplate.class.php 第 404 行.
NOTIC: [2] preg_replace(): The /e modifier is no longer supported, use preg_replace_callback instead E:\phpstudy\PHPTutorial\WWW\Obeam\ThinkPHP\Lib\Template\ThinkTemplate.class.php 第 404 行.
NOTIC: [2] preg_replace(): The /e modifier is no longer supported, use preg_replace_callback instead E:\phpstudy\PHPTutorial\WWW\Obeam\ThinkPHP\Lib\Template\ThinkTemplate.class.php 第 404 行.
NOTIC: [2] preg_replace(): The /e modifier is no longer supported, use preg_replace_callback instead E:\phpstudy\PHPTutorial\WWW\Obeam\ThinkPHP\Lib\Template\ThinkTemplate.class.php 第 404 行.
NOTIC: [2] preg_replace(): The /e modifier is no longer supported, use preg_replace_callback instead E:\phpstudy\PHPTutorial\WWW\Obeam\ThinkPHP\Lib\Template\ThinkTemplate.class.php 第 404 行.
NOTIC: [2] preg_replace(): The /e modifier is no longer supported, use preg_replace_callback instead E:\phpstudy\PHPTutorial\WWW\Obeam\ThinkPHP\Lib\Template\ThinkTemplate.class.php 第 404 行.
NOTIC: [2] preg_replace(): The /e modifier is no longer supported, use preg_replace_callback instead E:\phpstudy\PHPTutorial\WWW\Obeam\ThinkPHP\Lib\Template\ThinkTemplate.class.php 第 404 行.
NOTIC: [2] preg_replace(): The /e modifier is no longer supported, use preg_replace_callback instead E:\phpstudy\PHPTutorial\WWW\Obeam\ThinkPHP\Lib\Template\ThinkTemplate.class.php 第 404 行.
NOTIC: [2] preg_replace(): The /e modifier is no longer supported, use preg_replace_callback instead E:\phpstudy\PHPTutorial\WWW\Obeam\ThinkPHP\Lib\Template\ThinkTemplate.class.php 第 404 行.
NOTIC: [2] preg_replace(): The /e modifier is no longer supported, use preg_replace_callback instead E:\phpstudy\PHPTutorial\WWW\Obeam\ThinkPHP\Lib\Template\ThinkTemplate.class.php 第 404 行.
NOTIC: [2] preg_replace(): The /e modifier is no longer supported, use preg_replace_callback instead E:\phpstudy\PHPTutorial\WWW\Obeam\ThinkPHP\Lib\Template\ThinkTemplate.class.php 第 404 行.
NOTIC: [2] preg_replace(): The /e modifier is no longer supported, use preg_replace_callback instead E:\phpstudy\PHPTutorial\WWW\Obeam\ThinkPHP\Lib\Template\ThinkTemplate.class.php 第 404 行.
NOTIC: [2] preg_replace(): The /e modifier is no longer supported, use preg_replace_callback instead E:\phpstudy\PHPTutorial\WWW\Obeam\ThinkPHP\Lib\Template\ThinkTemplate.class.php 第 399 行.
NOTIC: [2] preg_replace(): The /e modifier is no longer supported, use preg_replace_callback instead E:\phpstudy\PHPTutorial\WWW\Obeam\ThinkPHP\Lib\Template\ThinkTemplate.class.php 第 399 行.
NOTIC: [2] preg_replace(): The /e modifier is no longer supported, use preg_replace_callback instead E:\phpstudy\PHPTutorial\WWW\Obeam\ThinkPHP\Lib\Template\ThinkTemplate.class.php 第 404 行.
NOTIC: [2] preg_replace(): The /e modifier is no longer supported, use preg_replace_callback instead E:\phpstudy\PHPTutorial\WWW\Obeam\ThinkPHP\Lib\Template\ThinkTemplate.class.php 第 404 行.
NOTIC: [2] preg_replace(): The /e modifier is no longer supported, use preg_replace_callback instead E:\phpstudy\PHPTutorial\WWW\Obeam\ThinkPHP\Lib\Template\ThinkTemplate.class.php 第 404 行.
NOTIC: [2] preg_replace(): The /e modifier is no longer supported, use preg_replace_callback instead E:\phpstudy\PHPTutorial\WWW\Obeam\ThinkPHP\Lib\Template\ThinkTemplate.class.php 第 399 行.
NOTIC: [2] preg_replace(): The /e modifier is no longer supported, use preg_replace_callback instead E:\phpstudy\PHPTutorial\WWW\Obeam\ThinkPHP\Lib\Template\ThinkTemplate.class.php 第 404 行.
NOTIC: [2] preg_replace(): The /e modifier is no longer supported, use preg_replace_callback instead E:\phpstudy\PHPTutorial\WWW\Obeam\ThinkPHP\Lib\Template\ThinkTemplate.class.php 第 404 行.
NOTIC: [2] preg_replace(): The /e modifier is no longer supported, use preg_replace_callback instead E:\phpstudy\PHPTutorial\WWW\Obeam\ThinkPHP\Lib\Template\ThinkTemplate.class.php 第 404 行.
NOTIC: [2] preg_replace(): The /e modifier is no longer supported, use preg_replace_callback instead E:\phpstudy\PHPTutorial\WWW\Obeam\ThinkPHP\Lib\Template\ThinkTemplate.class.php 第 404 行.
NOTIC: [2] preg_replace(): The /e modifier is no longer supported, use preg_replace_callback instead E:\phpstudy\PHPTutorial\WWW\Obeam\ThinkPHP\Lib\Template\ThinkTemplate.class.php 第 404 行.
NOTIC: [2] preg_replace(): The /e modifier is no longer supported, use preg_replace_callback instead E:\phpstudy\PHPTutorial\WWW\Obeam\ThinkPHP\Lib\Template\ThinkTemplate.class.php 第 404 行.
NOTIC: [2] preg_replace(): The /e modifier is no longer supported, use preg_replace_callback instead E:\phpstudy\PHPTutorial\WWW\Obeam\ThinkPHP\Lib\Template\ThinkTemplate.class.php 第 404 行.
NOTIC: [2] preg_replace(): The /e modifier is no longer supported, use preg_replace_callback instead E:\phpstudy\PHPTutorial\WWW\Obeam\ThinkPHP\Lib\Template\ThinkTemplate.class.php 第 404 行.
NOTIC: [2] preg_replace(): The /e modifier is no longer supported, use preg_replace_callback instead E:\phpstudy\PHPTutorial\WWW\Obeam\ThinkPHP\Lib\Template\ThinkTemplate.class.php 第 404 行.
NOTIC: [2] preg_replace(): The /e modifier is no longer supported, use preg_replace_callback instead E:\phpstudy\PHPTutorial\WWW\Obeam\ThinkPHP\Lib\Template\ThinkTemplate.class.php 第 404 行.
NOTIC: [2] preg_replace(): The /e modifier is no longer supported, use preg_replace_callback instead E:\phpstudy\PHPTutorial\WWW\Obeam\ThinkPHP\Lib\Template\ThinkTemplate.class.php 第 404 行.
NOTIC: [2] preg_replace(): The /e modifier is no longer supported, use preg_replace_callback instead E:\phpstudy\PHPTutorial\WWW\Obeam\ThinkPHP\Lib\Template\ThinkTemplate.class.php 第 404 行.
NOTIC: [2] preg_replace(): The /e modifier is no longer supported, use preg_replace_callback instead E:\phpstudy\PHPTutorial\WWW\Obeam\ThinkPHP\Lib\Template\ThinkTemplate.class.php 第 404 行.
NOTIC: [2] preg_replace(): The /e modifier is no longer supported, use preg_replace_callback instead E:\phpstudy\PHPTutorial\WWW\Obeam\ThinkPHP\Lib\Template\ThinkTemplate.class.php 第 404 行.
NOTIC: [2] preg_replace(): The /e modifier is no longer supported, use preg_replace_callback instead E:\phpstudy\PHPTutorial\WWW\Obeam\ThinkPHP\Lib\Template\ThinkTemplate.class.php 第 404 行.
NOTIC: [2] preg_replace(): The /e modifier is no longer supported, use preg_replace_callback instead E:\phpstudy\PHPTutorial\WWW\Obeam\ThinkPHP\Lib\Template\ThinkTemplate.class.php 第 404 行.
NOTIC: [2] preg_replace(): The /e modifier is no longer supported, use preg_replace_callback instead E:\phpstudy\PHPTutorial\WWW\Obeam\ThinkPHP\Lib\Template\ThinkTemplate.class.php 第 404 行.
NOTIC: [2] preg_replace(): The /e modifier is no longer supported, use preg_replace_callback instead E:\phpstudy\PHPTutorial\WWW\Obeam\ThinkPHP\Lib\Template\ThinkTemplate.class.php 第 404 行.
NOTIC: [2] preg_replace(): The /e modifier is no longer supported, use preg_replace_callback instead E:\phpstudy\PHPTutorial\WWW\Obeam\ThinkPHP\Lib\Template\ThinkTemplate.class.php 第 404 行.
NOTIC: [2] preg_replace(): The /e modifier is no longer supported, use preg_replace_callback instead E:\phpstudy\PHPTutorial\WWW\Obeam\ThinkPHP\Lib\Template\ThinkTemplate.class.php 第 404 行.
NOTIC: [2] preg_replace(): The /e modifier is no longer supported, use preg_replace_callback instead E:\phpstudy\PHPTutorial\WWW\Obeam\ThinkPHP\Lib\Template\ThinkTemplate.class.php 第 404 行.
NOTIC: [2] preg_replace(): The /e modifier is no longer supported, use preg_replace_callback instead E:\phpstudy\PHPTutorial\WWW\Obeam\ThinkPHP\Lib\Template\ThinkTemplate.class.php 第 404 行.
NOTIC: [2] preg_replace(): The /e modifier is no longer supported, use preg_replace_callback instead E:\phpstudy\PHPTutorial\WWW\Obeam\ThinkPHP\Lib\Template\ThinkTemplate.class.php 第 404 行.
NOTIC: [2] preg_replace(): The /e modifier is no longer supported, use preg_replace_callback instead E:\phpstudy\PHPTutorial\WWW\Obeam\ThinkPHP\Lib\Template\ThinkTemplate.class.php 第 404 行.
NOTIC: [2] preg_replace(): The /e modifier is no longer supported, use preg_replace_callback instead E:\phpstudy\PHPTutorial\WWW\Obeam\ThinkPHP\Lib\Template\ThinkTemplate.class.php 第 404 行.
NOTIC: [2] preg_replace(): The /e modifier is no longer supported, use preg_replace_callback instead E:\phpstudy\PHPTutorial\WWW\Obeam\ThinkPHP\Lib\Template\ThinkTemplate.class.php 第 404 行.
NOTIC: [2] preg_replace(): The /e modifier is no longer supported, use preg_replace_callback instead E:\phpstudy\PHPTutorial\WWW\Obeam\ThinkPHP\Lib\Template\ThinkTemplate.class.php 第 404 行.
NOTIC: [2] preg_replace(): The /e modifier is no longer supported, use preg_replace_callback instead E:\phpstudy\PHPTutorial\WWW\Obeam\ThinkPHP\Lib\Template\ThinkTemplate.class.php 第 404 行.
NOTIC: [2] preg_replace(): The /e modifier is no longer supported, use preg_replace_callback instead E:\phpstudy\PHPTutorial\WWW\Obeam\ThinkPHP\Lib\Template\ThinkTemplate.class.php 第 404 行.
NOTIC: [2] preg_replace(): The /e modifier is no longer supported, use preg_replace_callback instead E:\phpstudy\PHPTutorial\WWW\Obeam\ThinkPHP\Lib\Template\ThinkTemplate.class.php 第 404 行.
NOTIC: [2] preg_replace(): The /e modifier is no longer supported, use preg_replace_callback instead E:\phpstudy\PHPTutorial\WWW\Obeam\ThinkPHP\Lib\Template\ThinkTemplate.class.php 第 404 行.
NOTIC: [2] preg_replace(): The /e modifier is no longer supported, use preg_replace_callback instead E:\phpstudy\PHPTutorial\WWW\Obeam\ThinkPHP\Lib\Template\ThinkTemplate.class.php 第 404 行.
NOTIC: [2] preg_replace(): The /e modifier is no longer supported, use preg_replace_callback instead E:\phpstudy\PHPTutorial\WWW\Obeam\ThinkPHP\Lib\Template\ThinkTemplate.class.php 第 404 行.
NOTIC: [2] preg_replace(): The /e modifier is no longer supported, use preg_replace_callback instead E:\phpstudy\PHPTutorial\WWW\Obeam\ThinkPHP\Lib\Template\ThinkTemplate.class.php 第 404 行.
NOTIC: [2] preg_replace(): The /e modifier is no longer supported, use preg_replace_callback instead E:\phpstudy\PHPTutorial\WWW\Obeam\ThinkPHP\Lib\Template\ThinkTemplate.class.php 第 404 行.
NOTIC: [2] preg_replace(): The /e modifier is no longer supported, use preg_replace_callback instead E:\phpstudy\PHPTutorial\WWW\Obeam\ThinkPHP\Lib\Template\ThinkTemplate.class.php 第 404 行.
NOTIC: [2] preg_replace(): The /e modifier is no longer supported, use preg_replace_callback instead E:\phpstudy\PHPTutorial\WWW\Obeam\ThinkPHP\Lib\Template\ThinkTemplate.class.php 第 404 行.
NOTIC: [2] preg_replace(): The /e modifier is no longer supported, use preg_replace_callback instead E:\phpstudy\PHPTutorial\WWW\Obeam\ThinkPHP\Lib\Template\ThinkTemplate.class.php 第 404 行.
NOTIC: [2] preg_replace(): The /e modifier is no longer supported, use preg_replace_callback instead E:\phpstudy\PHPTutorial\WWW\Obeam\ThinkPHP\Lib\Template\ThinkTemplate.class.php 第 404 行.
NOTIC: [2] preg_replace(): The /e modifier is no longer supported, use preg_replace_callback instead E:\phpstudy\PHPTutorial\WWW\Obeam\ThinkPHP\Lib\Template\ThinkTemplate.class.php 第 404 行.
NOTIC: [2] preg_replace(): The /e modifier is no longer supported, use preg_replace_callback instead E:\phpstudy\PHPTutorial\WWW\Obeam\ThinkPHP\Lib\Template\ThinkTemplate.class.php 第 404 行.
NOTIC: [2] preg_replace(): The /e modifier is no longer supported, use preg_replace_callback instead E:\phpstudy\PHPTutorial\WWW\Obeam\ThinkPHP\Lib\Template\ThinkTemplate.class.php 第 404 行.
NOTIC: [2] preg_replace(): The /e modifier is no longer supported, use preg_replace_callback instead E:\phpstudy\PHPTutorial\WWW\Obeam\ThinkPHP\Lib\Template\ThinkTemplate.class.php 第 404 行.
NOTIC: [2] preg_replace(): The /e modifier is no longer supported, use preg_replace_callback instead E:\phpstudy\PHPTutorial\WWW\Obeam\ThinkPHP\Lib\Template\ThinkTemplate.class.php 第 404 行.
NOTIC: [2] preg_replace(): The /e modifier is no longer supported, use preg_replace_callback instead E:\phpstudy\PHPTutorial\WWW\Obeam\ThinkPHP\Lib\Template\ThinkTemplate.class.php 第 404 行.
NOTIC: [2] preg_replace(): The /e modifier is no longer supported, use preg_replace_callback instead E:\phpstudy\PHPTutorial\WWW\Obeam\ThinkPHP\Lib\Template\ThinkTemplate.class.php 第 404 行.
NOTIC: [2] preg_replace(): The /e modifier is no longer supported, use preg_replace_callback instead E:\phpstudy\PHPTutorial\WWW\Obeam\ThinkPHP\Lib\Template\ThinkTemplate.class.php 第 404 行.
NOTIC: [2] preg_replace(): The /e modifier is no longer supported, use preg_replace_callback instead E:\phpstudy\PHPTutorial\WWW\Obeam\ThinkPHP\Lib\Template\ThinkTemplate.class.php 第 404 行.
NOTIC: [2] preg_replace(): The /e modifier is no longer supported, use preg_replace_callback instead E:\phpstudy\PHPTutorial\WWW\Obeam\ThinkPHP\Lib\Template\ThinkTemplate.class.php 第 404 行.
NOTIC: [2] preg_replace(): The /e modifier is no longer supported, use preg_replace_callback instead E:\phpstudy\PHPTutorial\WWW\Obeam\ThinkPHP\Lib\Template\ThinkTemplate.class.php 第 404 行.
NOTIC: [2] preg_replace(): The /e modifier is no longer supported, use preg_replace_callback instead E:\phpstudy\PHPTutorial\WWW\Obeam\ThinkPHP\Lib\Template\ThinkTemplate.class.php 第 404 行.
NOTIC: [2] preg_replace(): The /e modifier is no longer supported, use preg_replace_callback instead E:\phpstudy\PHPTutorial\WWW\Obeam\ThinkPHP\Lib\Template\ThinkTemplate.class.php 第 404 行.
NOTIC: [2] preg_replace(): The /e modifier is no longer supported, use preg_replace_callback instead E:\phpstudy\PHPTutorial\WWW\Obeam\ThinkPHP\Lib\Template\ThinkTemplate.class.php 第 404 行.
NOTIC: [2] preg_replace(): The /e modifier is no longer supported, use preg_replace_callback instead E:\phpstudy\PHPTutorial\WWW\Obeam\ThinkPHP\Lib\Template\ThinkTemplate.class.php 第 404 行.
NOTIC: [2] preg_replace(): The /e modifier is no longer supported, use preg_replace_callback instead E:\phpstudy\PHPTutorial\WWW\Obeam\ThinkPHP\Lib\Template\ThinkTemplate.class.php 第 404 行.
NOTIC: [2] preg_replace(): The /e modifier is no longer supported, use preg_replace_callback instead E:\phpstudy\PHPTutorial\WWW\Obeam\ThinkPHP\Lib\Template\ThinkTemplate.class.php 第 404 行.
NOTIC: [2] preg_replace(): The /e modifier is no longer supported, use preg_replace_callback instead E:\phpstudy\PHPTutorial\WWW\Obeam\ThinkPHP\Lib\Template\ThinkTemplate.class.php 第 404 行.
NOTIC: [2] preg_replace(): The /e modifier is no longer supported, use preg_replace_callback instead E:\phpstudy\PHPTutorial\WWW\Obeam\ThinkPHP\Lib\Template\ThinkTemplate.class.php 第 404 行.
NOTIC: [2] preg_replace(): The /e modifier is no longer supported, use preg_replace_callback instead E:\phpstudy\PHPTutorial\WWW\Obeam\ThinkPHP\Lib\Template\ThinkTemplate.class.php 第 404 行.
NOTIC: [2] preg_replace(): The /e modifier is no longer supported, use preg_replace_callback instead E:\phpstudy\PHPTutorial\WWW\Obeam\ThinkPHP\Lib\Template\ThinkTemplate.class.php 第 404 行.
NOTIC: [2] preg_replace(): The /e modifier is no longer supported, use preg_replace_callback instead E:\phpstudy\PHPTutorial\WWW\Obeam\ThinkPHP\Lib\Template\ThinkTemplate.class.php 第 404 行.
NOTIC: [2] preg_replace(): The /e modifier is no longer supported, use preg_replace_callback instead E:\phpstudy\PHPTutorial\WWW\Obeam\ThinkPHP\Lib\Template\ThinkTemplate.class.php 第 404 行.
NOTIC: [2] preg_replace(): The /e modifier is no longer supported, use preg_replace_callback instead E:\phpstudy\PHPTutorial\WWW\Obeam\ThinkPHP\Lib\Template\ThinkTemplate.class.php 第 404 行.
NOTIC: [2] preg_replace(): The /e modifier is no longer supported, use preg_replace_callback instead E:\phpstudy\PHPTutorial\WWW\Obeam\ThinkPHP\Lib\Template\ThinkTemplate.class.php 第 404 行.
NOTIC: [2] preg_replace(): The /e modifier is no longer supported, use preg_replace_callback instead E:\phpstudy\PHPTutorial\WWW\Obeam\ThinkPHP\Lib\Template\ThinkTemplate.class.php 第 404 行.
NOTIC: [2] preg_replace(): The /e modifier is no longer supported, use preg_replace_callback instead E:\phpstudy\PHPTutorial\WWW\Obeam\ThinkPHP\Lib\Template\ThinkTemplate.class.php 第 404 行.
NOTIC: [2] preg_replace(): The /e modifier is no longer supported, use preg_replace_callback instead E:\phpstudy\PHPTutorial\WWW\Obeam\ThinkPHP\Lib\Template\ThinkTemplate.class.php 第 399 行.
NOTIC: [2] preg_replace(): The /e modifier is no longer supported, use preg_replace_callback instead E:\phpstudy\PHPTutorial\WWW\Obeam\ThinkPHP\Lib\Template\ThinkTemplate.class.php 第 399 行.
NOTIC: [2] preg_replace(): The /e modifier is no longer supported, use preg_replace_callback instead E:\phpstudy\PHPTutorial\WWW\Obeam\ThinkPHP\Lib\Template\ThinkTemplate.class.php 第 399 行.
NOTIC: [2] preg_replace(): The /e modifier is no longer supported, use preg_replace_callback instead E:\phpstudy\PHPTutorial\WWW\Obeam\ThinkPHP\Lib\Template\ThinkTemplate.class.php 第 399 行.
NOTIC: [2] preg_replace(): The /e modifier is no longer supported, use preg_replace_callback instead E:\phpstudy\PHPTutorial\WWW\Obeam\ThinkPHP\Lib\Template\ThinkTemplate.class.php 第 399 行.
NOTIC: [2] preg_replace(): The /e modifier is no longer supported, use preg_replace_callback instead E:\phpstudy\PHPTutorial\WWW\Obeam\ThinkPHP\Lib\Template\ThinkTemplate.class.php 第 399 行.
NOTIC: [2] preg_replace(): The /e modifier is no longer supported, use preg_replace_callback instead E:\phpstudy\PHPTutorial\WWW\Obeam\ThinkPHP\Lib\Template\ThinkTemplate.class.php 第 404 行.
NOTIC: [2] preg_replace(): The /e modifier is no longer supported, use preg_replace_callback instead E:\phpstudy\PHPTutorial\WWW\Obeam\ThinkPHP\Lib\Template\ThinkTemplate.class.php 第 404 行.
NOTIC: [2] preg_replace(): The /e modifier is no longer supported, use preg_replace_callback instead E:\phpstudy\PHPTutorial\WWW\Obeam\ThinkPHP\Lib\Template\ThinkTemplate.class.php 第 404 行.
NOTIC: [2] preg_replace(): The /e modifier is no longer supported, use preg_replace_callback instead E:\phpstudy\PHPTutorial\WWW\Obeam\ThinkPHP\Lib\Template\ThinkTemplate.class.php 第 197 行.
NOTIC: [2] preg_replace(): The /e modifier is no longer supported, use preg_replace_callback instead E:\phpstudy\PHPTutorial\WWW\Obeam\ThinkPHP\Lib\Template\ThinkTemplate.class.php 第 137 行.
INFO: ParseTemplate Behavior ::run [ RunTime:0.007487s ]
INFO: [ view_parse ] --END-- [ RunTime:0.007542s ]
INFO: [ view_filter ] --START--
INFO: ContentReplace Behavior ::run [ RunTime:0.000404s ]
INFO: TokenBuild Behavior ::run [ RunTime:0.000458s ]
INFO: WriteHtmlCache Behavior ::run [ RunTime:0.000373s ]
INFO: ShowRuntime Behavior ::run [ RunTime:0.000454s ]
INFO: [ view_filter ] --END-- [ RunTime:0.001754s ]
INFO: [ view_end ] --START--
INFO: ShowPageTrace Behavior ::run [ RunTime:0.000545s ]
INFO: [ view_end ] --END-- [ RunTime:0.000565s ]

[ 2018-08-23T14:35:06+08:00 ] 127.0.0.1 /obeam/admin.php/Login/login.html
INFO: [ route_check ] --START--
INFO: CheckRoute Behavior ::run [ RunTime:0.001549s ]
INFO: [ route_check ] --END-- [ RunTime:0.001611s ]
INFO: [ app_begin ] --START--
INFO: ReadHtmlCache Behavior ::run [ RunTime:0.001182s ]
INFO: [ app_begin ] --END-- [ RunTime:0.001224s ]
INFO: [ view_parse ] --START--
INFO: ParseTemplate Behavior ::run [ RunTime:0.013642s ]
INFO: [ view_parse ] --END-- [ RunTime:0.013693s ]
INFO: [ view_filter ] --START--
INFO: ContentReplace Behavior ::run [ RunTime:0.001092s ]
INFO: TokenBuild Behavior ::run [ RunTime:0.001072s ]
INFO: WriteHtmlCache Behavior ::run [ RunTime:0.001007s ]
INFO: ShowRuntime Behavior ::run [ RunTime:0.001122s ]
INFO: [ view_filter ] --END-- [ RunTime:0.004403s ]
INFO: [ view_end ] --START--
INFO: ShowPageTrace Behavior ::run [ RunTime:0.001298s ]
INFO: [ view_end ] --END-- [ RunTime:0.001341s ]

[ 2018-08-23T14:35:12+08:00 ] 127.0.0.1 /obeam/admin.php/Login/check.html
INFO: [ route_check ] --START--
INFO: CheckRoute Behavior ::run [ RunTime:0.000614s ]
INFO: [ route_check ] --END-- [ RunTime:0.000666s ]
INFO: [ app_begin ] --START--
INFO: ReadHtmlCache Behavior ::run [ RunTime:0.000410s ]
INFO: [ app_begin ] --END-- [ RunTime:0.000448s ]
SQL: SHOW COLUMNS FROM `admin_user` [ RunTime:0.006804s ]
SQL: SELECT * FROM `admin_user` WHERE ( name='admin' and password='123456' ) LIMIT 1   [ RunTime:0.000853s ]
INFO: [ view_parse ] --START--
INFO: ParseTemplate Behavior ::run [ RunTime:0.006437s ]
INFO: [ view_parse ] --END-- [ RunTime:0.006492s ]
INFO: [ view_filter ] --START--
INFO: ContentReplace Behavior ::run [ RunTime:0.000281s ]
INFO: TokenBuild Behavior ::run [ RunTime:0.000286s ]
INFO: WriteHtmlCache Behavior ::run [ RunTime:0.000203s ]
INFO: ShowRuntime Behavior ::run [ RunTime:0.000371s ]
INFO: [ view_filter ] --END-- [ RunTime:0.001247s ]
INFO: [ view_end ] --START--
INFO: ShowPageTrace Behavior ::run [ RunTime:0.000454s ]
INFO: [ view_end ] --END-- [ RunTime:0.000491s ]

[ 2018-08-23T14:35:15+08:00 ] 127.0.0.1 /obeam/admin.php/Login/login.html
INFO: [ route_check ] --START--
INFO: CheckRoute Behavior ::run [ RunTime:0.000612s ]
INFO: [ route_check ] --END-- [ RunTime:0.000665s ]
INFO: [ app_begin ] --START--
INFO: ReadHtmlCache Behavior ::run [ RunTime:0.000410s ]
INFO: [ app_begin ] --END-- [ RunTime:0.000448s ]
INFO: [ view_parse ] --START--
INFO: ParseTemplate Behavior ::run [ RunTime:0.005867s ]
INFO: [ view_parse ] --END-- [ RunTime:0.005918s ]
INFO: [ view_filter ] --START--
INFO: ContentReplace Behavior ::run [ RunTime:0.000302s ]
INFO: TokenBuild Behavior ::run [ RunTime:0.000294s ]
INFO: WriteHtmlCache Behavior ::run [ RunTime:0.000210s ]
INFO: ShowRuntime Behavior ::run [ RunTime:0.000334s ]
INFO: [ view_filter ] --END-- [ RunTime:0.001241s ]
INFO: [ view_end ] --START--
INFO: ShowPageTrace Behavior ::run [ RunTime:0.000462s ]
INFO: [ view_end ] --END-- [ RunTime:0.000498s ]

[ 2018-08-23T14:35:20+08:00 ] 127.0.0.1 /obeam/admin.php/Login/check.html
INFO: [ route_check ] --START--
INFO: CheckRoute Behavior ::run [ RunTime:0.001422s ]
INFO: [ route_check ] --END-- [ RunTime:0.001476s ]
INFO: [ app_begin ] --START--
INFO: ReadHtmlCache Behavior ::run [ RunTime:0.001215s ]
INFO: [ app_begin ] --END-- [ RunTime:0.001261s ]
SQL: SHOW COLUMNS FROM `admin_user` [ RunTime:0.003032s ]
SQL: SELECT * FROM `admin_user` WHERE ( name='admin' and password='456789' ) LIMIT 1   [ RunTime:0.000179s ]

[ 2018-08-23T14:35:20+08:00 ] 127.0.0.1 /obeam/admin.php/Index/index.html
INFO: [ route_check ] --START--
INFO: CheckRoute Behavior ::run [ RunTime:0.000620s ]
INFO: [ route_check ] --END-- [ RunTime:0.000674s ]
INFO: [ app_begin ] --START--
INFO: ReadHtmlCache Behavior ::run [ RunTime:0.000409s ]
INFO: [ app_begin ] --END-- [ RunTime:0.000446s ]
INFO: [ view_parse ] --START--
INFO: ParseTemplate Behavior ::run [ RunTime:0.021226s ]
INFO: [ view_parse ] --END-- [ RunTime:0.021286s ]
INFO: [ view_filter ] --START--
INFO: ContentReplace Behavior ::run [ RunTime:0.001684s ]
INFO: TokenBuild Behavior ::run [ RunTime:0.001099s ]
INFO: WriteHtmlCache Behavior ::run [ RunTime:0.001000s ]
INFO: ShowRuntime Behavior ::run [ RunTime:0.001129s ]
INFO: [ view_filter ] --END-- [ RunTime:0.005025s ]
INFO: [ view_end ] --START--
INFO: ShowPageTrace Behavior ::run [ RunTime:0.001584s ]
INFO: [ view_end ] --END-- [ RunTime:0.001636s ]

[ 2018-08-23T16:28:08+08:00 ] 127.0.0.1 /obeam/admin.php/Banner/banner_img.html
INFO: [ route_check ] --START--
INFO: CheckRoute Behavior ::run [ RunTime:0.004549s ]
INFO: [ route_check ] --END-- [ RunTime:0.004619s ]
INFO: [ app_begin ] --START--
INFO: ReadHtmlCache Behavior ::run [ RunTime:0.001163s ]
INFO: [ app_begin ] --END-- [ RunTime:0.001281s ]
INFO: [ view_parse ] --START--
INFO: ParseTemplate Behavior ::run [ RunTime:0.018675s ]
INFO: [ view_parse ] --END-- [ RunTime:0.018743s ]
INFO: [ view_filter ] --START--
INFO: ContentReplace Behavior ::run [ RunTime:0.000465s ]
INFO: TokenBuild Behavior ::run [ RunTime:0.000343s ]
INFO: WriteHtmlCache Behavior ::run [ RunTime:0.000219s ]
INFO: ShowRuntime Behavior ::run [ RunTime:0.000361s ]
INFO: [ view_filter ] --END-- [ RunTime:0.001499s ]
INFO: [ view_end ] --START--
INFO: ShowPageTrace Behavior ::run [ RunTime:0.000466s ]
INFO: [ view_end ] --END-- [ RunTime:0.000505s ]

[ 2018-08-23T16:28:16+08:00 ] 127.0.0.1 /obeam/admin.php/Banner/banner_save.html
INFO: [ route_check ] --START--
INFO: CheckRoute Behavior ::run [ RunTime:0.001430s ]
INFO: [ route_check ] --END-- [ RunTime:0.001488s ]
INFO: [ app_begin ] --START--
INFO: ReadHtmlCache Behavior ::run [ RunTime:0.001198s ]
INFO: [ app_begin ] --END-- [ RunTime:0.001246s ]
SQL: SHOW COLUMNS FROM `admin_banner` [ RunTime:0.002969s ]
NOTIC: [8] Undefined index:  id E:\phpstudy\PHPTutorial\WWW\Obeam\Admin\Lib\Action\BannerAction.class.php 第 38 行.
SQL: INSERT INTO `admin_banner` (`imageurl`) VALUES ('Public/Uploads/banner/20180823/5b7e7020b4eaf.jpg') [ RunTime:0.003007s ]
INFO: [ view_parse ] --START--
INFO: ParseTemplate Behavior ::run [ RunTime:0.010428s ]
INFO: [ view_parse ] --END-- [ RunTime:0.010505s ]
INFO: [ view_filter ] --START--
INFO: ContentReplace Behavior ::run [ RunTime:0.001074s ]
INFO: TokenBuild Behavior ::run [ RunTime:0.001053s ]
INFO: WriteHtmlCache Behavior ::run [ RunTime:0.000979s ]
INFO: ShowRuntime Behavior ::run [ RunTime:0.001098s ]
INFO: [ view_filter ] --END-- [ RunTime:0.004314s ]
INFO: [ view_end ] --START--
INFO: ShowPageTrace Behavior ::run [ RunTime:0.001214s ]
INFO: [ view_end ] --END-- [ RunTime:0.001252s ]

[ 2018-08-23T16:28:17+08:00 ] 127.0.0.1 /obeam/admin.php/Banner/add_banner.html
INFO: [ route_check ] --START--
INFO: CheckRoute Behavior ::run [ RunTime:0.000617s ]
INFO: [ route_check ] --END-- [ RunTime:0.000667s ]
INFO: [ app_begin ] --START--
INFO: ReadHtmlCache Behavior ::run [ RunTime:0.000428s ]
INFO: [ app_begin ] --END-- [ RunTime:0.000466s ]
SQL: SELECT * FROM `admin_banner` ORDER BY id DESC  [ RunTime:0.000101s ]
INFO: [ view_parse ] --START--
INFO: ParseTemplate Behavior ::run [ RunTime:0.014342s ]
INFO: [ view_parse ] --END-- [ RunTime:0.014402s ]
INFO: [ view_filter ] --START--
INFO: ContentReplace Behavior ::run [ RunTime:0.000354s ]
INFO: TokenBuild Behavior ::run [ RunTime:0.000305s ]
INFO: WriteHtmlCache Behavior ::run [ RunTime:0.000206s ]
INFO: ShowRuntime Behavior ::run [ RunTime:0.000346s ]
INFO: [ view_filter ] --END-- [ RunTime:0.001321s ]
INFO: [ view_end ] --START--
INFO: ShowPageTrace Behavior ::run [ RunTime:0.000491s ]
INFO: [ view_end ] --END-- [ RunTime:0.000534s ]

[ 2018-08-23T16:28:25+08:00 ] 127.0.0.1 /obeam/admin.php/Banner/add_banner.html
INFO: [ route_check ] --START--
INFO: CheckRoute Behavior ::run [ RunTime:0.002353s ]
INFO: [ route_check ] --END-- [ RunTime:0.002410s ]
INFO: [ app_begin ] --START--
INFO: ReadHtmlCache Behavior ::run [ RunTime:0.002729s ]
INFO: [ app_begin ] --END-- [ RunTime:0.002798s ]
SQL: SELECT * FROM `admin_banner` ORDER BY id DESC  [ RunTime:0.000104s ]
INFO: [ view_parse ] --START--
INFO: ParseTemplate Behavior ::run [ RunTime:0.023204s ]
INFO: [ view_parse ] --END-- [ RunTime:0.023257s ]
INFO: [ view_filter ] --START--
INFO: ContentReplace Behavior ::run [ RunTime:0.002318s ]
INFO: TokenBuild Behavior ::run [ RunTime:0.002028s ]
INFO: WriteHtmlCache Behavior ::run [ RunTime:0.001823s ]
INFO: ShowRuntime Behavior ::run [ RunTime:0.001902s ]
INFO: [ view_filter ] --END-- [ RunTime:0.008195s ]
INFO: [ view_end ] --START--
INFO: ShowPageTrace Behavior ::run [ RunTime:0.003420s ]
INFO: [ view_end ] --END-- [ RunTime:0.003491s ]

[ 2018-08-23T16:28:28+08:00 ] 127.0.0.1 /obeam/admin.php/Banner/add_banner.html
INFO: [ route_check ] --START--
INFO: CheckRoute Behavior ::run [ RunTime:0.002292s ]
INFO: [ route_check ] --END-- [ RunTime:0.002353s ]
INFO: [ app_begin ] --START--
INFO: ReadHtmlCache Behavior ::run [ RunTime:0.002016s ]
INFO: [ app_begin ] --END-- [ RunTime:0.002064s ]
SQL: SELECT * FROM `admin_banner` ORDER BY id DESC  [ RunTime:0.000104s ]
INFO: [ view_parse ] --START--
INFO: ParseTemplate Behavior ::run [ RunTime:0.019156s ]
INFO: [ view_parse ] --END-- [ RunTime:0.019219s ]
INFO: [ view_filter ] --START--
INFO: ContentReplace Behavior ::run [ RunTime:0.001925s ]
INFO: TokenBuild Behavior ::run [ RunTime:0.001926s ]
INFO: WriteHtmlCache Behavior ::run [ RunTime:0.001944s ]
INFO: ShowRuntime Behavior ::run [ RunTime:0.001947s ]
INFO: [ view_filter ] --END-- [ RunTime:0.007862s ]
INFO: [ view_end ] --START--
INFO: ShowPageTrace Behavior ::run [ RunTime:0.002984s ]
INFO: [ view_end ] --END-- [ RunTime:0.003055s ]

[ 2018-08-23T16:28:36+08:00 ] 127.0.0.1 /obeam/admin.php/Banner/banner_img.html
INFO: [ route_check ] --START--
INFO: CheckRoute Behavior ::run [ RunTime:0.000630s ]
INFO: [ route_check ] --END-- [ RunTime:0.000693s ]
INFO: [ app_begin ] --START--
INFO: ReadHtmlCache Behavior ::run [ RunTime:0.000683s ]
INFO: [ app_begin ] --END-- [ RunTime:0.000762s ]
INFO: [ view_parse ] --START--
INFO: ParseTemplate Behavior ::run [ RunTime:0.010459s ]
INFO: [ view_parse ] --END-- [ RunTime:0.010598s ]
INFO: [ view_filter ] --START--
INFO: ContentReplace Behavior ::run [ RunTime:0.000568s ]
INFO: TokenBuild Behavior ::run [ RunTime:0.000303s ]
INFO: WriteHtmlCache Behavior ::run [ RunTime:0.000206s ]
INFO: ShowRuntime Behavior ::run [ RunTime:0.000339s ]
INFO: [ view_filter ] --END-- [ RunTime:0.001532s ]
INFO: [ view_end ] --START--
INFO: ShowPageTrace Behavior ::run [ RunTime:0.000478s ]
INFO: [ view_end ] --END-- [ RunTime:0.000518s ]

[ 2018-08-23T16:28:41+08:00 ] 127.0.0.1 /obeam/admin.php/Banner/banner_save.html
INFO: [ route_check ] --START--
INFO: CheckRoute Behavior ::run [ RunTime:0.000631s ]
INFO: [ route_check ] --END-- [ RunTime:0.000686s ]
INFO: [ app_begin ] --START--
INFO: ReadHtmlCache Behavior ::run [ RunTime:0.000416s ]
INFO: [ app_begin ] --END-- [ RunTime:0.000455s ]
SQL: SHOW COLUMNS FROM `admin_banner` [ RunTime:0.004133s ]
NOTIC: [8] Undefined index:  id E:\phpstudy\PHPTutorial\WWW\Obeam\Admin\Lib\Action\BannerAction.class.php 第 38 行.
SQL: INSERT INTO `admin_banner` (`imageurl`) VALUES ('Public/Uploads/banner/20180823/5b7e7038f3277.jpg') [ RunTime:0.000792s ]
INFO: [ view_parse ] --START--
INFO: ParseTemplate Behavior ::run [ RunTime:0.005475s ]
INFO: [ view_parse ] --END-- [ RunTime:0.005580s ]
INFO: [ view_filter ] --START--
INFO: ContentReplace Behavior ::run [ RunTime:0.000274s ]
INFO: TokenBuild Behavior ::run [ RunTime:0.000284s ]
INFO: WriteHtmlCache Behavior ::run [ RunTime:0.000208s ]
INFO: ShowRuntime Behavior ::run [ RunTime:0.000339s ]
INFO: [ view_filter ] --END-- [ RunTime:0.001208s ]
INFO: [ view_end ] --START--
INFO: ShowPageTrace Behavior ::run [ RunTime:0.000446s ]
INFO: [ view_end ] --END-- [ RunTime:0.000482s ]

[ 2018-08-23T16:28:42+08:00 ] 127.0.0.1 /obeam/admin.php/Banner/add_banner.html
INFO: [ route_check ] --START--
INFO: CheckRoute Behavior ::run [ RunTime:0.000619s ]
INFO: [ route_check ] --END-- [ RunTime:0.000671s ]
INFO: [ app_begin ] --START--
INFO: ReadHtmlCache Behavior ::run [ RunTime:0.000413s ]
INFO: [ app_begin ] --END-- [ RunTime:0.000452s ]
SQL: SELECT * FROM `admin_banner` ORDER BY id DESC  [ RunTime:0.000141s ]
INFO: [ view_parse ] --START--
INFO: ParseTemplate Behavior ::run [ RunTime:0.010963s ]
INFO: [ view_parse ] --END-- [ RunTime:0.011106s ]
INFO: [ view_filter ] --START--
INFO: ContentReplace Behavior ::run [ RunTime:0.000637s ]
INFO: TokenBuild Behavior ::run [ RunTime:0.000467s ]
INFO: WriteHtmlCache Behavior ::run [ RunTime:0.000470s ]
INFO: ShowRuntime Behavior ::run [ RunTime:0.000565s ]
INFO: [ view_filter ] --END-- [ RunTime:0.002281s ]
INFO: [ view_end ] --START--
INFO: ShowPageTrace Behavior ::run [ RunTime:0.000470s ]
INFO: [ view_end ] --END-- [ RunTime:0.000511s ]

[ 2018-08-23T16:29:07+08:00 ] 127.0.0.1 /obeam/admin.php/Banner/add_banner.html
INFO: [ route_check ] --START--
INFO: CheckRoute Behavior ::run [ RunTime:0.003164s ]
INFO: [ route_check ] --END-- [ RunTime:0.003231s ]
INFO: [ app_begin ] --START--
INFO: ReadHtmlCache Behavior ::run [ RunTime:0.001993s ]
INFO: [ app_begin ] --END-- [ RunTime:0.002047s ]
SQL: SELECT * FROM `admin_banner` ORDER BY id DESC  [ RunTime:0.000138s ]
INFO: [ view_parse ] --START--
INFO: ParseTemplate Behavior ::run [ RunTime:0.021083s ]
INFO: [ view_parse ] --END-- [ RunTime:0.021140s ]
INFO: [ view_filter ] --START--
INFO: ContentReplace Behavior ::run [ RunTime:0.001930s ]
INFO: TokenBuild Behavior ::run [ RunTime:0.001834s ]
INFO: WriteHtmlCache Behavior ::run [ RunTime:0.001724s ]
INFO: ShowRuntime Behavior ::run [ RunTime:0.001947s ]
INFO: [ view_filter ] --END-- [ RunTime:0.007553s ]
INFO: [ view_end ] --START--
INFO: ShowPageTrace Behavior ::run [ RunTime:0.003325s ]
INFO: [ view_end ] --END-- [ RunTime:0.003404s ]

